{"/home/webreflection/code/hyperHTML/hyperhtml.js":{"path":"/home/webreflection/code/hyperHTML/hyperhtml.js","s":{"1":2,"2":2,"3":2,"4":1,"5":20,"6":2,"7":1,"8":200,"9":2,"10":2,"11":2,"12":2,"13":2,"14":1,"15":48,"16":2,"17":1,"18":1,"19":6,"20":2,"21":8,"22":4,"23":2,"24":4,"25":18,"26":4,"27":4,"28":4,"29":4,"30":8,"31":4,"32":4,"33":2,"34":2,"35":2,"36":2,"37":2,"38":2,"39":2,"40":2,"41":2,"42":2,"43":2,"44":1,"45":34,"46":34,"47":26,"48":16,"49":10,"50":24,"51":1,"52":16,"53":8,"54":8,"55":2,"56":2,"57":6,"58":6,"59":6,"60":4,"61":6,"62":2,"63":2,"64":1,"65":66,"66":66,"67":22,"68":22,"69":1,"70":144,"71":144,"72":1,"73":14,"74":14,"75":2,"76":2,"77":2,"78":12,"79":12,"80":1,"81":236,"82":236,"83":122,"84":122,"85":236,"86":236,"87":1,"88":38,"89":38,"90":8,"91":38,"92":20,"93":38,"94":24,"95":14,"96":4,"97":14,"98":14,"99":12,"100":20,"101":16,"102":16,"103":14,"104":4,"105":4,"106":10,"107":40,"108":30,"109":30,"110":28,"111":4,"112":2,"113":2,"114":24,"115":24,"116":2,"117":2,"118":1,"119":70,"120":70,"121":70,"122":214,"123":86,"124":32,"125":30,"126":30,"127":54,"128":20,"129":8,"130":8,"131":34,"132":34,"133":34,"134":34,"135":86,"136":128,"137":6,"138":6,"139":6,"140":122,"141":2,"142":122,"143":122,"144":48,"145":48,"146":2,"147":2,"148":46,"149":18,"150":18,"151":26,"152":8,"153":26,"154":4,"155":4,"156":22,"157":52,"158":4,"159":24,"160":18,"161":18,"162":14,"163":6,"164":24,"165":74,"166":20,"167":16,"168":4,"169":54,"170":4,"171":50,"172":10,"173":40,"174":4,"175":36,"176":4,"177":32,"178":22,"179":22,"180":14,"181":8,"182":8,"183":8,"184":8,"185":10,"186":4,"187":6,"188":122,"189":1,"190":86,"191":44,"192":44,"193":38,"194":38,"195":1,"196":176,"197":218,"198":218,"199":86,"200":86,"201":86,"202":44,"203":42,"204":42,"205":12,"206":12,"207":30,"208":44,"209":88,"210":2,"211":2,"212":88,"213":2,"214":2,"215":2,"216":2,"217":2,"218":2,"219":2,"220":2,"221":2,"222":1,"223":4,"224":1,"225":2,"226":1,"227":50,"228":76,"229":76,"230":54,"231":50,"232":1,"233":121,"234":1,"235":98,"236":1,"237":96,"238":96,"239":96,"240":96,"241":96,"242":96,"243":45,"244":45,"245":96,"246":1,"247":1,"248":1,"249":95,"250":95,"251":51,"252":44,"253":96,"254":1,"255":2,"256":2,"257":2,"258":1,"259":1,"260":1,"261":1,"262":1,"263":1,"264":2,"265":1,"266":38,"267":1,"268":4,"269":4,"270":4,"271":1,"272":36,"273":36,"274":4,"275":4,"276":2,"277":36,"278":1,"279":22,"280":1,"281":10,"282":10,"283":2,"284":8,"285":2,"286":6,"287":2,"288":4,"289":1,"290":10,"291":10,"292":8,"293":1,"294":74,"295":1,"296":80,"297":1,"298":34,"299":34,"300":1,"301":122,"302":20,"303":1,"304":108,"305":108,"306":30,"307":30,"308":38,"309":38,"310":40,"311":40,"312":108,"313":1,"314":10,"315":10,"316":8,"317":8,"318":8,"319":8,"320":8,"321":8,"322":8,"323":1,"324":82,"325":2,"326":2,"327":134,"328":69,"329":2,"330":1,"331":1,"332":61,"333":45,"334":2,"335":1,"336":1,"337":1,"338":74,"339":2,"340":27,"341":2,"342":2,"343":2,"344":2,"345":1,"346":1,"347":170,"348":170,"349":2,"350":60,"351":15,"352":24,"353":2,"354":69,"355":128,"356":128,"357":84,"358":69,"359":31,"360":2,"361":54,"362":77,"363":77,"364":38,"365":38,"366":39,"367":39,"368":54,"369":54,"370":77,"371":54,"372":2,"373":2,"374":2,"375":30,"376":2,"377":38,"378":2,"379":2,"380":2,"381":2,"382":2,"383":2,"384":2,"385":203,"386":142,"387":203,"388":61,"389":1,"390":90,"391":90,"392":90,"393":90,"394":90,"395":90,"396":1,"397":82,"398":82,"399":82,"400":14,"401":14,"402":30,"403":30,"404":30,"405":38,"406":38,"407":38,"408":82,"409":62,"410":82,"411":1,"412":122,"413":108,"414":108,"415":108,"416":10,"417":10,"418":108,"419":122,"420":122,"421":1,"422":236,"423":228,"424":1,"425":122,"426":61,"427":122,"428":122,"429":122,"430":122,"431":122,"432":122,"433":1,"434":50,"435":1,"436":50,"437":50,"438":50,"439":1,"440":74,"441":50,"442":50,"443":6,"444":50,"445":74,"446":50,"447":74,"448":37,"449":74,"450":50,"451":50,"452":50,"453":74,"454":74,"455":1,"456":32,"457":32,"458":32,"459":32,"460":12,"461":12,"462":32,"463":16,"464":16,"465":32,"466":2,"467":2,"468":2},"b":{"1":[14,6],"2":[2,12],"3":[2,10],"4":[2,8],"5":[4,4],"6":[2,4],"7":[14,34],"8":[6,28],"9":[6,2],"10":[28,16],"11":[8,4],"12":[4,2],"13":[2,2],"14":[2,2],"15":[18,4],"16":[2,2],"17":[16,10],"18":[26,20],"19":[8,16],"20":[8,6,2],"21":[2,6],"22":[4,2],"23":[2,12],"24":[122,114],"25":[236,144],"26":[72,72],"27":[38,36,16],"28":[10,28],"29":[38,28],"30":[8,30],"31":[38,10],"32":[20,18],"33":[10,28],"34":[14,10],"35":[4,10],"36":[12,2],"37":[10,18],"38":[16,4],"39":[14,2],"40":[4,10],"41":[30,10],"42":[28,2],"43":[4,24],"44":[2,2],"45":[2,22],"46":[76,84,86,124,128,122],"47":[32,54],"48":[30,2],"49":[20,34],"50":[54,22],"51":[8,12],"52":[6,122],"53":[2,120],"54":[48,74],"55":[2,46],"56":[48,4],"57":[10,18,18,26,24],"58":[8,18],"59":[4,22],"60":[4,48],"61":[18,6],"62":[14,4],"63":[20,54],"64":[16,4],"65":[2,2],"66":[4,50],"67":[10,40],"68":[4,36],"69":[4,32],"70":[22,10],"71":[14,8],"72":[4,6],"73":[38,6],"74":[86,44,88],"75":[42,2],"76":[12,30],"77":[42,30,4],"78":[2,86],"79":[88,2],"80":[2,1,1],"81":[54,22],"82":[76,36],"83":[42,8],"84":[2,96],"85":[45,51],"86":[1,95],"87":[51,44],"88":[1,1],"89":[2,1],"90":[4,4],"91":[4,4],"92":[4,32],"93":[36,36],"94":[2,2],"95":[36,36],"96":[2,8],"97":[2,6],"98":[2,4],"99":[8,2],"100":[80,80],"101":[34,30,16],"102":[30,38,40],"103":[8,2],"104":[1,1],"105":[1,1],"106":[2,1],"107":[2,1],"108":[1,1],"109":[170,45],"110":[1,1],"111":[1,1],"112":[2,1],"113":[84,44],"114":[1,1],"115":[2,1],"116":[38,39],"117":[38,20],"118":[38,20],"119":[1,1],"120":[12,14,30,12,38],"121":[10,98],"122":[61,61],"123":[122,90],"124":[6,44],"125":[50,24],"126":[6,44],"127":[37,37],"128":[50,24],"129":[12,20],"130":[12,12],"131":[16,16],"132":[32,18]},"f":{"1":2,"2":20,"3":200,"4":2,"5":2,"6":48,"7":6,"8":6,"9":8,"10":4,"11":2,"12":4,"13":18,"14":4,"15":4,"16":34,"17":16,"18":66,"19":144,"20":14,"21":236,"22":38,"23":24,"24":20,"25":40,"26":70,"27":214,"28":86,"29":176,"30":2,"31":4,"32":2,"33":50,"34":121,"35":98,"36":96,"37":2,"38":38,"39":4,"40":36,"41":22,"42":10,"43":10,"44":74,"45":80,"46":34,"47":122,"48":108,"49":10,"50":82,"51":2,"52":134,"53":69,"54":1,"55":61,"56":45,"57":1,"58":74,"59":27,"60":170,"61":60,"62":15,"63":69,"64":31,"65":54,"66":54,"67":30,"68":38,"69":2,"70":203,"71":61,"72":90,"73":82,"74":122,"75":236,"76":122,"77":50,"78":50,"79":74,"80":74,"81":32},"fnMap":{"1":{"name":"(anonymous_1)","line":1,"loc":{"start":{"line":1,"column":17},"end":{"line":1,"column":43}}},"2":{"name":"hyper","line":16,"loc":{"start":{"line":16,"column":2},"end":{"line":16,"column":23}}},"3":{"name":"bind","line":38,"loc":{"start":{"line":38,"column":2},"end":{"line":38,"column":25}}},"4":{"name":"define","line":41,"loc":{"start":{"line":41,"column":17},"end":{"line":41,"column":56}}},"5":{"name":"escape","line":46,"loc":{"start":{"line":46,"column":17},"end":{"line":46,"column":39}}},"6":{"name":"wire","line":53,"loc":{"start":{"line":53,"column":2},"end":{"line":53,"column":27}}},"7":{"name":"Component","line":67,"loc":{"start":{"line":67,"column":2},"end":{"line":67,"column":23}}},"8":{"name":"addRender","line":68,"loc":{"start":{"line":68,"column":2},"end":{"line":68,"column":41}}},"9":{"name":"(anonymous_9)","line":75,"loc":{"start":{"line":75,"column":18},"end":{"line":75,"column":30}}},"10":{"name":"(anonymous_10)","line":79,"loc":{"start":{"line":79,"column":17},"end":{"line":79,"column":29}}},"11":{"name":"(anonymous_11)","line":83,"loc":{"start":{"line":83,"column":27},"end":{"line":83,"column":40}}},"12":{"name":"(anonymous_12)","line":87,"loc":{"start":{"line":87,"column":26},"end":{"line":87,"column":38}}},"13":{"name":"(anonymous_13)","line":90,"loc":{"start":{"line":90,"column":13},"end":{"line":90,"column":25}}},"14":{"name":"(anonymous_14)","line":93,"loc":{"start":{"line":93,"column":13},"end":{"line":93,"column":30}}},"15":{"name":"(anonymous_15)","line":98,"loc":{"start":{"line":98,"column":24},"end":{"line":98,"column":41}}},"16":{"name":"indexOfDifferences","line":141,"loc":{"start":{"line":141,"column":2},"end":{"line":141,"column":36}}},"17":{"name":"populateNode","line":157,"loc":{"start":{"line":157,"column":2},"end":{"line":157,"column":39}}},"18":{"name":"removeNodeList","line":179,"loc":{"start":{"line":179,"column":2},"end":{"line":179,"column":44}}},"19":{"name":"resetAndPopulate","line":188,"loc":{"start":{"line":188,"column":2},"end":{"line":188,"column":43}}},"20":{"name":"updateViaArray","line":194,"loc":{"start":{"line":194,"column":2},"end":{"line":194,"column":47}}},"21":{"name":"render","line":211,"loc":{"start":{"line":211,"column":2},"end":{"line":211,"column":28}}},"22":{"name":"setAttribute","line":228,"loc":{"start":{"line":228,"column":2},"end":{"line":228,"column":59}}},"23":{"name":"eventAttr","line":242,"loc":{"start":{"line":242,"column":6},"end":{"line":242,"column":35}}},"24":{"name":"specialAttr","line":250,"loc":{"start":{"line":250,"column":8},"end":{"line":250,"column":39}}},"25":{"name":"normalAttr","line":270,"loc":{"start":{"line":270,"column":8},"end":{"line":270,"column":38}}},"26":{"name":"setVirtualContent","line":297,"loc":{"start":{"line":297,"column":2},"end":{"line":297,"column":47}}},"27":{"name":"anyVirtual","line":300,"loc":{"start":{"line":300,"column":11},"end":{"line":300,"column":38}}},"28":{"name":"attributesSeeker","line":415,"loc":{"start":{"line":415,"column":2},"end":{"line":415,"column":48}}},"29":{"name":"hyperSeeker","line":441,"loc":{"start":{"line":441,"column":2},"end":{"line":441,"column":43}}},"30":{"name":"(anonymous_30)","line":495,"loc":{"start":{"line":495,"column":13},"end":{"line":495,"column":25}}},"31":{"name":"fnEscape","line":520,"loc":{"start":{"line":520,"column":2},"end":{"line":520,"column":23}}},"32":{"name":"asHTML","line":525,"loc":{"start":{"line":525,"column":2},"end":{"line":525,"column":24}}},"33":{"name":"createContent","line":530,"loc":{"start":{"line":530,"column":2},"end":{"line":530,"column":31}}},"34":{"name":"createDocumentFragment","line":551,"loc":{"start":{"line":551,"column":2},"end":{"line":551,"column":44}}},"35":{"name":"createFragment","line":557,"loc":{"start":{"line":557,"column":2},"end":{"line":557,"column":38}}},"36":{"name":"createHTMLFragment","line":566,"loc":{"start":{"line":566,"column":2},"end":{"line":566,"column":42}}},"37":{"name":"createSVGFragment","line":602,"loc":{"start":{"line":602,"column":2},"end":{"line":602,"column":41}}},"38":{"name":"createText","line":618,"loc":{"start":{"line":618,"column":2},"end":{"line":618,"column":34}}},"39":{"name":"getCEClass","line":625,"loc":{"start":{"line":625,"column":2},"end":{"line":625,"column":28}}},"40":{"name":"isSpecialAttribute","line":633,"loc":{"start":{"line":633,"column":2},"end":{"line":633,"column":42}}},"41":{"name":"emptyFragment","line":643,"loc":{"start":{"line":643,"column":2},"end":{"line":643,"column":31}}},"42":{"name":"invokeAtDistance","line":648,"loc":{"start":{"line":648,"column":2},"end":{"line":648,"column":45}}},"43":{"name":"invokeTransformer","line":662,"loc":{"start":{"line":662,"column":2},"end":{"line":662,"column":37}}},"44":{"name":"isNode_ish","line":671,"loc":{"start":{"line":671,"column":2},"end":{"line":671,"column":29}}},"45":{"name":"isPromise_ish","line":676,"loc":{"start":{"line":676,"column":2},"end":{"line":676,"column":32}}},"46":{"name":"noContent","line":682,"loc":{"start":{"line":682,"column":2},"end":{"line":682,"column":38}}},"47":{"name":"removeAttributeList","line":692,"loc":{"start":{"line":692,"column":2},"end":{"line":692,"column":37}}},"48":{"name":"setContent","line":699,"loc":{"start":{"line":699,"column":2},"end":{"line":699,"column":66}}},"49":{"name":"updateVirtualNodes","line":717,"loc":{"start":{"line":717,"column":2},"end":{"line":717,"column":55}}},"50":{"name":"Path","line":731,"loc":{"start":{"line":731,"column":2},"end":{"line":731,"column":34}}},"51":{"name":"(anonymous_51)","line":741,"loc":{"start":{"line":741,"column":6},"end":{"line":741,"column":18}}},"52":{"name":"(anonymous_52)","line":743,"loc":{"start":{"line":743,"column":15},"end":{"line":743,"column":30}}},"53":{"name":"(anonymous_53)","line":744,"loc":{"start":{"line":744,"column":15},"end":{"line":744,"column":37}}},"54":{"name":"(anonymous_54)","line":756,"loc":{"start":{"line":756,"column":6},"end":{"line":756,"column":18}}},"55":{"name":"(anonymous_55)","line":759,"loc":{"start":{"line":759,"column":15},"end":{"line":759,"column":30}}},"56":{"name":"(anonymous_56)","line":765,"loc":{"start":{"line":765,"column":15},"end":{"line":765,"column":37}}},"57":{"name":"(anonymous_57)","line":776,"loc":{"start":{"line":776,"column":17},"end":{"line":776,"column":29}}},"58":{"name":"(anonymous_58)","line":781,"loc":{"start":{"line":781,"column":25},"end":{"line":781,"column":38}}},"59":{"name":"(anonymous_59)","line":788,"loc":{"start":{"line":788,"column":14},"end":{"line":788,"column":26}}},"60":{"name":"(anonymous_60)","line":804,"loc":{"start":{"line":804,"column":13},"end":{"line":804,"column":33}}},"61":{"name":"(anonymous_61)","line":813,"loc":{"start":{"line":813,"column":6},"end":{"line":813,"column":34}}},"62":{"name":"appendNodes","line":816,"loc":{"start":{"line":816,"column":6},"end":{"line":816,"column":45}}},"63":{"name":"(anonymous_63)","line":828,"loc":{"start":{"line":828,"column":6},"end":{"line":828,"column":22}}},"64":{"name":"(anonymous_64)","line":842,"loc":{"start":{"line":842,"column":6},"end":{"line":842,"column":22}}},"65":{"name":"(anonymous_65)","line":847,"loc":{"start":{"line":847,"column":6},"end":{"line":847,"column":34}}},"66":{"name":"(anonymous_66)","line":861,"loc":{"start":{"line":861,"column":6},"end":{"line":861,"column":34}}},"67":{"name":"(anonymous_67)","line":871,"loc":{"start":{"line":871,"column":17},"end":{"line":871,"column":43}}},"68":{"name":"(anonymous_68)","line":875,"loc":{"start":{"line":875,"column":26},"end":{"line":875,"column":48}}},"69":{"name":"(anonymous_69)","line":890,"loc":{"start":{"line":890,"column":19},"end":{"line":890,"column":31}}},"70":{"name":"(anonymous_70)","line":894,"loc":{"start":{"line":894,"column":6},"end":{"line":894,"column":22}}},"71":{"name":"(anonymous_71)","line":905,"loc":{"start":{"line":905,"column":6},"end":{"line":905,"column":26}}},"72":{"name":"createTemplate","line":916,"loc":{"start":{"line":916,"column":2},"end":{"line":916,"column":36}}},"73":{"name":"createPath","line":928,"loc":{"start":{"line":928,"column":2},"end":{"line":928,"column":28}}},"74":{"name":"createUpdates","line":962,"loc":{"start":{"line":962,"column":2},"end":{"line":962,"column":42}}},"75":{"name":"update","line":983,"loc":{"start":{"line":983,"column":2},"end":{"line":983,"column":20}}},"76":{"name":"upgrade","line":991,"loc":{"start":{"line":991,"column":2},"end":{"line":991,"column":29}}},"77":{"name":"wireContent","line":1007,"loc":{"start":{"line":1007,"column":2},"end":{"line":1007,"column":29}}},"78":{"name":"before","line":1010,"loc":{"start":{"line":1010,"column":4},"end":{"line":1010,"column":30}}},"79":{"name":"after","line":1018,"loc":{"start":{"line":1018,"column":4},"end":{"line":1018,"column":21}}},"80":{"name":"update","line":1029,"loc":{"start":{"line":1029,"column":11},"end":{"line":1029,"column":36}}},"81":{"name":"wireWeakly","line":1042,"loc":{"start":{"line":1042,"column":2},"end":{"line":1042,"column":33}}}},"statementMap":{"1":{"start":{"line":1,"column":0},"end":{"line":1062,"column":13}},"2":{"start":{"line":11,"column":2},"end":{"line":11,"column":34}},"3":{"start":{"line":14,"column":2},"end":{"line":14,"column":22}},"4":{"start":{"line":16,"column":2},"end":{"line":33,"column":3}},"5":{"start":{"line":17,"column":4},"end":{"line":32,"column":31}},"6":{"start":{"line":37,"column":2},"end":{"line":37,"column":20}},"7":{"start":{"line":38,"column":2},"end":{"line":38,"column":57}},"8":{"start":{"line":38,"column":27},"end":{"line":38,"column":55}},"9":{"start":{"line":41,"column":2},"end":{"line":43,"column":4}},"10":{"start":{"line":42,"column":4},"end":{"line":42,"column":41}},"11":{"start":{"line":46,"column":2},"end":{"line":48,"column":4}},"12":{"start":{"line":47,"column":4},"end":{"line":47,"column":46}},"13":{"start":{"line":52,"column":2},"end":{"line":52,"column":20}},"14":{"start":{"line":53,"column":2},"end":{"line":60,"column":3}},"15":{"start":{"line":54,"column":4},"end":{"line":59,"column":8}},"16":{"start":{"line":66,"column":2},"end":{"line":66,"column":30}},"17":{"start":{"line":67,"column":2},"end":{"line":67,"column":25}},"18":{"start":{"line":68,"column":2},"end":{"line":70,"column":3}},"19":{"start":{"line":69,"column":4},"end":{"line":69,"column":76}},"20":{"start":{"line":71,"column":2},"end":{"line":109,"column":4}},"21":{"start":{"line":76,"column":8},"end":{"line":76,"column":64}},"22":{"start":{"line":80,"column":8},"end":{"line":80,"column":61}},"23":{"start":{"line":84,"column":8},"end":{"line":84,"column":73}},"24":{"start":{"line":87,"column":40},"end":{"line":87,"column":50}},"25":{"start":{"line":91,"column":10},"end":{"line":91,"column":68}},"26":{"start":{"line":94,"column":10},"end":{"line":94,"column":74}},"27":{"start":{"line":99,"column":8},"end":{"line":99,"column":32}},"28":{"start":{"line":100,"column":8},"end":{"line":100,"column":84}},"29":{"start":{"line":101,"column":8},"end":{"line":101,"column":58}},"30":{"start":{"line":101,"column":32},"end":{"line":101,"column":58}},"31":{"start":{"line":102,"column":8},"end":{"line":102,"column":28}},"32":{"start":{"line":103,"column":8},"end":{"line":103,"column":22}},"33":{"start":{"line":120,"column":2},"end":{"line":120,"column":23}},"34":{"start":{"line":121,"column":2},"end":{"line":121,"column":25}},"35":{"start":{"line":122,"column":2},"end":{"line":122,"column":20}},"36":{"start":{"line":123,"column":2},"end":{"line":123,"column":23}},"37":{"start":{"line":124,"column":2},"end":{"line":124,"column":34}},"38":{"start":{"line":127,"column":2},"end":{"line":127,"column":44}},"39":{"start":{"line":128,"column":2},"end":{"line":128,"column":51}},"40":{"start":{"line":130,"column":2},"end":{"line":130,"column":40}},"41":{"start":{"line":131,"column":2},"end":{"line":131,"column":32}},"42":{"start":{"line":132,"column":2},"end":{"line":132,"column":61}},"43":{"start":{"line":133,"column":2},"end":{"line":133,"column":34}},"44":{"start":{"line":141,"column":2},"end":{"line":152,"column":3}},"45":{"start":{"line":142,"column":4},"end":{"line":146,"column":5}},"46":{"start":{"line":147,"column":4},"end":{"line":150,"column":5}},"47":{"start":{"line":148,"column":6},"end":{"line":149,"column":20}},"48":{"start":{"line":148,"column":40},"end":{"line":148,"column":44}},"49":{"start":{"line":149,"column":11},"end":{"line":149,"column":20}},"50":{"start":{"line":151,"column":4},"end":{"line":151,"column":34}},"51":{"start":{"line":157,"column":2},"end":{"line":176,"column":3}},"52":{"start":{"line":158,"column":4},"end":{"line":175,"column":5}},"53":{"start":{"line":160,"column":8},"end":{"line":160,"column":43}},"54":{"start":{"line":161,"column":8},"end":{"line":164,"column":9}},"55":{"start":{"line":162,"column":10},"end":{"line":162,"column":40}},"56":{"start":{"line":163,"column":10},"end":{"line":163,"column":16}},"57":{"start":{"line":165,"column":8},"end":{"line":165,"column":40}},"58":{"start":{"line":166,"column":8},"end":{"line":166,"column":14}},"59":{"start":{"line":168,"column":8},"end":{"line":170,"column":9}},"60":{"start":{"line":169,"column":10},"end":{"line":169,"column":42}},"61":{"start":{"line":171,"column":8},"end":{"line":171,"column":14}},"62":{"start":{"line":173,"column":8},"end":{"line":173,"column":47}},"63":{"start":{"line":174,"column":8},"end":{"line":174,"column":14}},"64":{"start":{"line":179,"column":2},"end":{"line":185,"column":3}},"65":{"start":{"line":180,"column":4},"end":{"line":180,"column":36}},"66":{"start":{"line":181,"column":4},"end":{"line":184,"column":5}},"67":{"start":{"line":182,"column":6},"end":{"line":182,"column":27}},"68":{"start":{"line":183,"column":6},"end":{"line":183,"column":42}},"69":{"start":{"line":188,"column":2},"end":{"line":191,"column":3}},"70":{"start":{"line":189,"column":4},"end":{"line":189,"column":28}},"71":{"start":{"line":190,"column":4},"end":{"line":190,"column":30}},"72":{"start":{"line":194,"column":2},"end":{"line":204,"column":3}},"73":{"start":{"line":195,"column":4},"end":{"line":195,"column":39}},"74":{"start":{"line":196,"column":4},"end":{"line":203,"column":5}},"75":{"start":{"line":197,"column":6},"end":{"line":197,"column":41}},"76":{"start":{"line":198,"column":6},"end":{"line":198,"column":49}},"77":{"start":{"line":199,"column":6},"end":{"line":199,"column":33}},"78":{"start":{"line":201,"column":6},"end":{"line":201,"column":40}},"79":{"start":{"line":202,"column":6},"end":{"line":202,"column":39}},"80":{"start":{"line":211,"column":2},"end":{"line":222,"column":3}},"81":{"start":{"line":212,"column":4},"end":{"line":212,"column":33}},"82":{"start":{"line":213,"column":4},"end":{"line":219,"column":5}},"83":{"start":{"line":217,"column":6},"end":{"line":217,"column":45}},"84":{"start":{"line":218,"column":6},"end":{"line":218,"column":30}},"85":{"start":{"line":220,"column":4},"end":{"line":220,"column":43}},"86":{"start":{"line":221,"column":4},"end":{"line":221,"column":16}},"87":{"start":{"line":228,"column":2},"end":{"line":293,"column":3}},"88":{"start":{"line":229,"column":4},"end":{"line":238,"column":5}},"89":{"start":{"line":239,"column":4},"end":{"line":239,"column":73}},"90":{"start":{"line":239,"column":47},"end":{"line":239,"column":73}},"91":{"start":{"line":240,"column":4},"end":{"line":240,"column":51}},"92":{"start":{"line":240,"column":17},"end":{"line":240,"column":51}},"93":{"start":{"line":241,"column":4},"end":{"line":292,"column":8}},"94":{"start":{"line":243,"column":8},"end":{"line":247,"column":9}},"95":{"start":{"line":244,"column":10},"end":{"line":244,"column":72}},"96":{"start":{"line":244,"column":24},"end":{"line":244,"column":72}},"97":{"start":{"line":245,"column":10},"end":{"line":245,"column":30}},"98":{"start":{"line":246,"column":10},"end":{"line":246,"column":69}},"99":{"start":{"line":246,"column":24},"end":{"line":246,"column":69}},"100":{"start":{"line":251,"column":10},"end":{"line":268,"column":11}},"101":{"start":{"line":252,"column":12},"end":{"line":252,"column":32}},"102":{"start":{"line":255,"column":12},"end":{"line":267,"column":13}},"103":{"start":{"line":259,"column":14},"end":{"line":266,"column":15}},"104":{"start":{"line":262,"column":16},"end":{"line":262,"column":34}},"105":{"start":{"line":263,"column":16},"end":{"line":263,"column":43}},"106":{"start":{"line":265,"column":16},"end":{"line":265,"column":38}},"107":{"start":{"line":271,"column":10},"end":{"line":290,"column":11}},"108":{"start":{"line":272,"column":12},"end":{"line":272,"column":32}},"109":{"start":{"line":275,"column":12},"end":{"line":289,"column":13}},"110":{"start":{"line":276,"column":14},"end":{"line":288,"column":15}},"111":{"start":{"line":277,"column":16},"end":{"line":281,"column":17}},"112":{"start":{"line":279,"column":18},"end":{"line":279,"column":33}},"113":{"start":{"line":280,"column":18},"end":{"line":280,"column":54}},"114":{"start":{"line":283,"column":16},"end":{"line":283,"column":43}},"115":{"start":{"line":284,"column":16},"end":{"line":287,"column":17}},"116":{"start":{"line":285,"column":18},"end":{"line":285,"column":34}},"117":{"start":{"line":286,"column":18},"end":{"line":286,"column":51}},"118":{"start":{"line":297,"column":2},"end":{"line":408,"column":3}},"119":{"start":{"line":298,"column":4},"end":{"line":298,"column":17}},"120":{"start":{"line":299,"column":4},"end":{"line":299,"column":34}},"121":{"start":{"line":300,"column":4},"end":{"line":407,"column":6}},"122":{"start":{"line":301,"column":6},"end":{"line":406,"column":7}},"123":{"start":{"line":305,"column":10},"end":{"line":323,"column":11}},"124":{"start":{"line":306,"column":12},"end":{"line":309,"column":13}},"125":{"start":{"line":307,"column":14},"end":{"line":307,"column":31}},"126":{"start":{"line":308,"column":14},"end":{"line":308,"column":39}},"127":{"start":{"line":310,"column":17},"end":{"line":323,"column":11}},"128":{"start":{"line":314,"column":12},"end":{"line":317,"column":13}},"129":{"start":{"line":315,"column":14},"end":{"line":315,"column":31}},"130":{"start":{"line":316,"column":14},"end":{"line":316,"column":48}},"131":{"start":{"line":319,"column":12},"end":{"line":319,"column":29}},"132":{"start":{"line":320,"column":12},"end":{"line":320,"column":42}},"133":{"start":{"line":321,"column":12},"end":{"line":321,"column":51}},"134":{"start":{"line":322,"column":12},"end":{"line":322,"column":62}},"135":{"start":{"line":324,"column":10},"end":{"line":324,"column":16}},"136":{"start":{"line":327,"column":10},"end":{"line":333,"column":11}},"137":{"start":{"line":328,"column":12},"end":{"line":328,"column":29}},"138":{"start":{"line":329,"column":12},"end":{"line":329,"column":27}},"139":{"start":{"line":330,"column":12},"end":{"line":330,"column":18}},"140":{"start":{"line":331,"column":17},"end":{"line":333,"column":11}},"141":{"start":{"line":332,"column":12},"end":{"line":332,"column":35}},"142":{"start":{"line":335,"column":10},"end":{"line":335,"column":27}},"143":{"start":{"line":336,"column":10},"end":{"line":404,"column":11}},"144":{"start":{"line":337,"column":12},"end":{"line":337,"column":38}},"145":{"start":{"line":338,"column":12},"end":{"line":371,"column":13}},"146":{"start":{"line":339,"column":14},"end":{"line":339,"column":44}},"147":{"start":{"line":340,"column":14},"end":{"line":340,"column":30}},"148":{"start":{"line":342,"column":14},"end":{"line":370,"column":15}},"149":{"start":{"line":346,"column":18},"end":{"line":346,"column":44}},"150":{"start":{"line":347,"column":18},"end":{"line":347,"column":24}},"151":{"start":{"line":349,"column":18},"end":{"line":351,"column":19}},"152":{"start":{"line":350,"column":20},"end":{"line":350,"column":58}},"153":{"start":{"line":352,"column":18},"end":{"line":361,"column":19}},"154":{"start":{"line":353,"column":20},"end":{"line":353,"column":56}},"155":{"start":{"line":354,"column":20},"end":{"line":354,"column":26}},"156":{"start":{"line":356,"column":20},"end":{"line":360,"column":21}},"157":{"start":{"line":357,"column":22},"end":{"line":359,"column":23}},"158":{"start":{"line":358,"column":24},"end":{"line":358,"column":53}},"159":{"start":{"line":363,"column":18},"end":{"line":368,"column":19}},"160":{"start":{"line":364,"column":20},"end":{"line":364,"column":71}},"161":{"start":{"line":365,"column":20},"end":{"line":365,"column":65}},"162":{"start":{"line":365,"column":34},"end":{"line":365,"column":65}},"163":{"start":{"line":367,"column":20},"end":{"line":367,"column":64}},"164":{"start":{"line":369,"column":18},"end":{"line":369,"column":24}},"165":{"start":{"line":372,"column":17},"end":{"line":404,"column":11}},"166":{"start":{"line":373,"column":12},"end":{"line":380,"column":14}},"167":{"start":{"line":373,"column":29},"end":{"line":373,"column":55}},"168":{"start":{"line":374,"column":17},"end":{"line":380,"column":14}},"169":{"start":{"line":381,"column":17},"end":{"line":404,"column":11}},"170":{"start":{"line":382,"column":12},"end":{"line":382,"column":35}},"171":{"start":{"line":383,"column":17},"end":{"line":404,"column":11}},"172":{"start":{"line":384,"column":12},"end":{"line":384,"column":48}},"173":{"start":{"line":385,"column":17},"end":{"line":404,"column":11}},"174":{"start":{"line":386,"column":12},"end":{"line":386,"column":43}},"175":{"start":{"line":387,"column":17},"end":{"line":404,"column":11}},"176":{"start":{"line":388,"column":12},"end":{"line":388,"column":34}},"177":{"start":{"line":389,"column":17},"end":{"line":404,"column":11}},"178":{"start":{"line":390,"column":12},"end":{"line":390,"column":54}},"179":{"start":{"line":393,"column":12},"end":{"line":399,"column":13}},"180":{"start":{"line":393,"column":29},"end":{"line":393,"column":51}},"181":{"start":{"line":395,"column":14},"end":{"line":395,"column":44}},"182":{"start":{"line":396,"column":14},"end":{"line":396,"column":56}},"183":{"start":{"line":397,"column":14},"end":{"line":397,"column":59}},"184":{"start":{"line":398,"column":14},"end":{"line":398,"column":59}},"185":{"start":{"line":400,"column":17},"end":{"line":404,"column":11}},"186":{"start":{"line":401,"column":12},"end":{"line":401,"column":42}},"187":{"start":{"line":403,"column":12},"end":{"line":403,"column":49}},"188":{"start":{"line":405,"column":10},"end":{"line":405,"column":16}},"189":{"start":{"line":415,"column":2},"end":{"line":438,"column":3}},"190":{"start":{"line":416,"column":4},"end":{"line":437,"column":5}},"191":{"start":{"line":424,"column":6},"end":{"line":424,"column":32}},"192":{"start":{"line":425,"column":6},"end":{"line":436,"column":7}},"193":{"start":{"line":426,"column":8},"end":{"line":426,"column":76}},"194":{"start":{"line":427,"column":8},"end":{"line":435,"column":10}},"195":{"start":{"line":441,"column":2},"end":{"line":479,"column":3}},"196":{"start":{"line":442,"column":4},"end":{"line":478,"column":5}},"197":{"start":{"line":448,"column":6},"end":{"line":448,"column":28}},"198":{"start":{"line":449,"column":6},"end":{"line":477,"column":7}},"199":{"start":{"line":451,"column":10},"end":{"line":451,"column":48}},"200":{"start":{"line":452,"column":10},"end":{"line":452,"column":43}},"201":{"start":{"line":453,"column":10},"end":{"line":453,"column":16}},"202":{"start":{"line":455,"column":10},"end":{"line":466,"column":11}},"203":{"start":{"line":456,"column":12},"end":{"line":456,"column":26}},"204":{"start":{"line":457,"column":12},"end":{"line":465,"column":13}},"205":{"start":{"line":461,"column":14},"end":{"line":461,"column":44}},"206":{"start":{"line":462,"column":14},"end":{"line":462,"column":25}},"207":{"start":{"line":464,"column":14},"end":{"line":464,"column":49}},"208":{"start":{"line":467,"column":10},"end":{"line":467,"column":16}},"209":{"start":{"line":469,"column":10},"end":{"line":475,"column":11}},"210":{"start":{"line":473,"column":12},"end":{"line":473,"column":26}},"211":{"start":{"line":474,"column":12},"end":{"line":474,"column":42}},"212":{"start":{"line":476,"column":10},"end":{"line":476,"column":16}},"213":{"start":{"line":484,"column":2},"end":{"line":484,"column":63}},"214":{"start":{"line":489,"column":2},"end":{"line":491,"column":39}},"215":{"start":{"line":495,"column":2},"end":{"line":499,"column":17}},"216":{"start":{"line":496,"column":14},"end":{"line":496,"column":57}},"217":{"start":{"line":497,"column":14},"end":{"line":497,"column":57}},"218":{"start":{"line":498,"column":14},"end":{"line":498,"column":68}},"219":{"start":{"line":503,"column":2},"end":{"line":503,"column":44}},"220":{"start":{"line":510,"column":2},"end":{"line":510,"column":23}},"221":{"start":{"line":513,"column":2},"end":{"line":519,"column":4}},"222":{"start":{"line":520,"column":2},"end":{"line":522,"column":3}},"223":{"start":{"line":521,"column":4},"end":{"line":521,"column":22}},"224":{"start":{"line":525,"column":2},"end":{"line":527,"column":3}},"225":{"start":{"line":526,"column":4},"end":{"line":526,"column":24}},"226":{"start":{"line":530,"column":2},"end":{"line":548,"column":3}},"227":{"start":{"line":531,"column":4},"end":{"line":546,"column":5}},"228":{"start":{"line":539,"column":6},"end":{"line":539,"column":28}},"229":{"start":{"line":540,"column":6},"end":{"line":545,"column":7}},"230":{"start":{"line":544,"column":8},"end":{"line":544,"column":28}},"231":{"start":{"line":547,"column":4},"end":{"line":547,"column":55}},"232":{"start":{"line":551,"column":2},"end":{"line":553,"column":3}},"233":{"start":{"line":552,"column":4},"end":{"line":552,"column":45}},"234":{"start":{"line":557,"column":2},"end":{"line":563,"column":3}},"235":{"start":{"line":558,"column":4},"end":{"line":562,"column":40}},"236":{"start":{"line":566,"column":2},"end":{"line":599,"column":3}},"237":{"start":{"line":567,"column":4},"end":{"line":567,"column":17}},"238":{"start":{"line":568,"column":4},"end":{"line":568,"column":38}},"239":{"start":{"line":569,"column":4},"end":{"line":569,"column":55}},"240":{"start":{"line":570,"column":4},"end":{"line":570,"column":44}},"241":{"start":{"line":571,"column":4},"end":{"line":571,"column":31}},"242":{"start":{"line":572,"column":4},"end":{"line":582,"column":5}},"243":{"start":{"line":574,"column":6},"end":{"line":574,"column":50}},"244":{"start":{"line":581,"column":6},"end":{"line":581,"column":88}},"245":{"start":{"line":583,"column":4},"end":{"line":597,"column":5}},"246":{"start":{"line":587,"column":6},"end":{"line":587,"column":31}},"247":{"start":{"line":588,"column":6},"end":{"line":588,"column":58}},"248":{"start":{"line":589,"column":6},"end":{"line":589,"column":78}},"249":{"start":{"line":591,"column":6},"end":{"line":591,"column":33}},"250":{"start":{"line":592,"column":6},"end":{"line":596,"column":7}},"251":{"start":{"line":593,"column":8},"end":{"line":593,"column":37}},"252":{"start":{"line":595,"column":8},"end":{"line":595,"column":64}},"253":{"start":{"line":598,"column":4},"end":{"line":598,"column":20}},"254":{"start":{"line":602,"column":2},"end":{"line":615,"column":3}},"255":{"start":{"line":603,"column":4},"end":{"line":603,"column":38}},"256":{"start":{"line":604,"column":4},"end":{"line":604,"column":52}},"257":{"start":{"line":605,"column":4},"end":{"line":613,"column":5}},"258":{"start":{"line":606,"column":6},"end":{"line":606,"column":52}},"259":{"start":{"line":607,"column":6},"end":{"line":607,"column":84}},"260":{"start":{"line":608,"column":6},"end":{"line":608,"column":73}},"261":{"start":{"line":610,"column":6},"end":{"line":610,"column":69}},"262":{"start":{"line":611,"column":6},"end":{"line":611,"column":33}},"263":{"start":{"line":612,"column":6},"end":{"line":612,"column":62}},"264":{"start":{"line":614,"column":4},"end":{"line":614,"column":20}},"265":{"start":{"line":618,"column":2},"end":{"line":620,"column":3}},"266":{"start":{"line":619,"column":4},"end":{"line":619,"column":51}},"267":{"start":{"line":625,"column":2},"end":{"line":629,"column":3}},"268":{"start":{"line":626,"column":4},"end":{"line":626,"column":29}},"269":{"start":{"line":627,"column":4},"end":{"line":627,"column":66}},"270":{"start":{"line":628,"column":4},"end":{"line":628,"column":53}},"271":{"start":{"line":633,"column":2},"end":{"line":640,"column":3}},"272":{"start":{"line":634,"column":4},"end":{"line":634,"column":46}},"273":{"start":{"line":635,"column":4},"end":{"line":638,"column":5}},"274":{"start":{"line":636,"column":6},"end":{"line":636,"column":35}},"275":{"start":{"line":637,"column":6},"end":{"line":637,"column":40}},"276":{"start":{"line":637,"column":17},"end":{"line":637,"column":40}},"277":{"start":{"line":639,"column":4},"end":{"line":639,"column":34}},"278":{"start":{"line":643,"column":2},"end":{"line":645,"column":3}},"279":{"start":{"line":644,"column":4},"end":{"line":644,"column":54}},"280":{"start":{"line":648,"column":2},"end":{"line":659,"column":3}},"281":{"start":{"line":649,"column":4},"end":{"line":649,"column":32}},"282":{"start":{"line":650,"column":4},"end":{"line":658,"column":5}},"283":{"start":{"line":651,"column":6},"end":{"line":651,"column":62}},"284":{"start":{"line":652,"column":11},"end":{"line":658,"column":5}},"285":{"start":{"line":653,"column":6},"end":{"line":653,"column":48}},"286":{"start":{"line":654,"column":11},"end":{"line":658,"column":5}},"287":{"start":{"line":655,"column":6},"end":{"line":655,"column":62}},"288":{"start":{"line":657,"column":6},"end":{"line":657,"column":63}},"289":{"start":{"line":662,"column":2},"end":{"line":668,"column":3}},"290":{"start":{"line":663,"column":4},"end":{"line":667,"column":5}},"291":{"start":{"line":664,"column":6},"end":{"line":666,"column":7}},"292":{"start":{"line":665,"column":8},"end":{"line":665,"column":46}},"293":{"start":{"line":671,"column":2},"end":{"line":673,"column":3}},"294":{"start":{"line":672,"column":4},"end":{"line":672,"column":35}},"295":{"start":{"line":676,"column":2},"end":{"line":678,"column":3}},"296":{"start":{"line":677,"column":4},"end":{"line":677,"column":44}},"297":{"start":{"line":682,"column":2},"end":{"line":689,"column":3}},"298":{"start":{"line":683,"column":4},"end":{"line":687,"column":6}},"299":{"start":{"line":688,"column":4},"end":{"line":688,"column":24}},"300":{"start":{"line":692,"column":2},"end":{"line":696,"column":3}},"301":{"start":{"line":693,"column":4},"end":{"line":695,"column":5}},"302":{"start":{"line":694,"column":6},"end":{"line":694,"column":41}},"303":{"start":{"line":699,"column":2},"end":{"line":713,"column":3}},"304":{"start":{"line":700,"column":4},"end":{"line":700,"column":15}},"305":{"start":{"line":701,"column":4},"end":{"line":711,"column":5}},"306":{"start":{"line":703,"column":8},"end":{"line":703,"column":49}},"307":{"start":{"line":704,"column":8},"end":{"line":704,"column":14}},"308":{"start":{"line":706,"column":8},"end":{"line":706,"column":67}},"309":{"start":{"line":707,"column":8},"end":{"line":707,"column":14}},"310":{"start":{"line":709,"column":8},"end":{"line":709,"column":55}},"311":{"start":{"line":710,"column":8},"end":{"line":710,"column":14}},"312":{"start":{"line":712,"column":4},"end":{"line":712,"column":18}},"313":{"start":{"line":717,"column":2},"end":{"line":728,"column":3}},"314":{"start":{"line":718,"column":4},"end":{"line":718,"column":50}},"315":{"start":{"line":719,"column":4},"end":{"line":727,"column":5}},"316":{"start":{"line":720,"column":6},"end":{"line":720,"column":41}},"317":{"start":{"line":721,"column":6},"end":{"line":721,"column":36}},"318":{"start":{"line":722,"column":6},"end":{"line":722,"column":27}},"319":{"start":{"line":723,"column":6},"end":{"line":723,"column":29}},"320":{"start":{"line":724,"column":6},"end":{"line":724,"column":35}},"321":{"start":{"line":725,"column":6},"end":{"line":725,"column":51}},"322":{"start":{"line":726,"column":6},"end":{"line":726,"column":47}},"323":{"start":{"line":731,"column":2},"end":{"line":733,"column":3}},"324":{"start":{"line":732,"column":4},"end":{"line":732,"column":60}},"325":{"start":{"line":740,"column":2},"end":{"line":752,"column":14}},"326":{"start":{"line":742,"column":8},"end":{"line":750,"column":10}},"327":{"start":{"line":743,"column":32},"end":{"line":743,"column":52}},"328":{"start":{"line":745,"column":12},"end":{"line":748,"column":15}},"329":{"start":{"line":755,"column":2},"end":{"line":770,"column":10}},"330":{"start":{"line":757,"column":8},"end":{"line":757,"column":27}},"331":{"start":{"line":758,"column":8},"end":{"line":768,"column":10}},"332":{"start":{"line":760,"column":12},"end":{"line":760,"column":37}},"333":{"start":{"line":766,"column":12},"end":{"line":766,"column":39}},"334":{"start":{"line":775,"column":2},"end":{"line":784,"column":21}},"335":{"start":{"line":777,"column":18},"end":{"line":777,"column":45}},"336":{"start":{"line":780,"column":18},"end":{"line":780,"column":44}},"337":{"start":{"line":781,"column":18},"end":{"line":783,"column":20}},"338":{"start":{"line":782,"column":20},"end":{"line":782,"column":50}},"339":{"start":{"line":787,"column":2},"end":{"line":788,"column":69}},"340":{"start":{"line":788,"column":28},"end":{"line":788,"column":66}},"341":{"start":{"line":795,"column":2},"end":{"line":795,"column":45}},"342":{"start":{"line":798,"column":2},"end":{"line":798,"column":24}},"343":{"start":{"line":801,"column":2},"end":{"line":801,"column":30}},"344":{"start":{"line":802,"column":2},"end":{"line":809,"column":3}},"345":{"start":{"line":803,"column":4},"end":{"line":803,"column":25}},"346":{"start":{"line":804,"column":4},"end":{"line":808,"column":6}},"347":{"start":{"line":805,"column":6},"end":{"line":805,"column":42}},"348":{"start":{"line":806,"column":6},"end":{"line":807,"column":46}},"349":{"start":{"line":812,"column":2},"end":{"line":824,"column":8}},"350":{"start":{"line":814,"column":8},"end":{"line":814,"column":44}},"351":{"start":{"line":817,"column":8},"end":{"line":823,"column":9}},"352":{"start":{"line":822,"column":10},"end":{"line":822,"column":42}},"353":{"start":{"line":827,"column":2},"end":{"line":842,"column":48}},"354":{"start":{"line":829,"column":8},"end":{"line":839,"column":9}},"355":{"start":{"line":836,"column":10},"end":{"line":836,"column":32}},"356":{"start":{"line":837,"column":10},"end":{"line":838,"column":34}},"357":{"start":{"line":838,"column":12},"end":{"line":838,"column":34}},"358":{"start":{"line":840,"column":8},"end":{"line":840,"column":24}},"359":{"start":{"line":842,"column":24},"end":{"line":842,"column":45}},"360":{"start":{"line":846,"column":2},"end":{"line":866,"column":8}},"361":{"start":{"line":848,"column":8},"end":{"line":858,"column":9}},"362":{"start":{"line":849,"column":10},"end":{"line":849,"column":27}},"363":{"start":{"line":850,"column":10},"end":{"line":857,"column":11}},"364":{"start":{"line":852,"column":14},"end":{"line":852,"column":60}},"365":{"start":{"line":853,"column":14},"end":{"line":853,"column":20}},"366":{"start":{"line":855,"column":14},"end":{"line":855,"column":53}},"367":{"start":{"line":856,"column":14},"end":{"line":856,"column":20}},"368":{"start":{"line":859,"column":8},"end":{"line":859,"column":26}},"369":{"start":{"line":862,"column":8},"end":{"line":864,"column":9}},"370":{"start":{"line":863,"column":10},"end":{"line":863,"column":54}},"371":{"start":{"line":865,"column":8},"end":{"line":865,"column":26}},"372":{"start":{"line":869,"column":2},"end":{"line":869,"column":105}},"373":{"start":{"line":870,"column":2},"end":{"line":870,"column":94}},"374":{"start":{"line":871,"column":2},"end":{"line":873,"column":4}},"375":{"start":{"line":872,"column":4},"end":{"line":872,"column":67}},"376":{"start":{"line":875,"column":2},"end":{"line":877,"column":4}},"377":{"start":{"line":876,"column":4},"end":{"line":876,"column":48}},"378":{"start":{"line":880,"column":2},"end":{"line":880,"column":28}},"379":{"start":{"line":883,"column":2},"end":{"line":883,"column":27}},"380":{"start":{"line":886,"column":2},"end":{"line":886,"column":27}},"381":{"start":{"line":890,"column":2},"end":{"line":908,"column":7}},"382":{"start":{"line":891,"column":4},"end":{"line":891,"column":66}},"383":{"start":{"line":892,"column":4},"end":{"line":892,"column":65}},"384":{"start":{"line":893,"column":4},"end":{"line":907,"column":8}},"385":{"start":{"line":895,"column":8},"end":{"line":902,"column":9}},"386":{"start":{"line":901,"column":10},"end":{"line":901,"column":54}},"387":{"start":{"line":903,"column":8},"end":{"line":903,"column":21}},"388":{"start":{"line":906,"column":8},"end":{"line":906,"column":40}},"389":{"start":{"line":916,"column":2},"end":{"line":923,"column":3}},"390":{"start":{"line":917,"column":4},"end":{"line":917,"column":19}},"391":{"start":{"line":918,"column":4},"end":{"line":918,"column":61}},"392":{"start":{"line":919,"column":4},"end":{"line":919,"column":50}},"393":{"start":{"line":920,"column":4},"end":{"line":920,"column":51}},"394":{"start":{"line":921,"column":4},"end":{"line":921,"column":34}},"395":{"start":{"line":922,"column":4},"end":{"line":922,"column":16}},"396":{"start":{"line":928,"column":2},"end":{"line":957,"column":3}},"397":{"start":{"line":929,"column":4},"end":{"line":929,"column":18}},"398":{"start":{"line":930,"column":4},"end":{"line":930,"column":19}},"399":{"start":{"line":931,"column":4},"end":{"line":948,"column":5}},"400":{"start":{"line":934,"column":8},"end":{"line":934,"column":26}},"401":{"start":{"line":935,"column":8},"end":{"line":935,"column":14}},"402":{"start":{"line":937,"column":8},"end":{"line":937,"column":37}},"403":{"start":{"line":938,"column":8},"end":{"line":941,"column":10}},"404":{"start":{"line":942,"column":8},"end":{"line":942,"column":14}},"405":{"start":{"line":945,"column":8},"end":{"line":945,"column":39}},"406":{"start":{"line":946,"column":8},"end":{"line":946,"column":46}},"407":{"start":{"line":947,"column":8},"end":{"line":947,"column":14}},"408":{"start":{"line":949,"column":4},"end":{"line":955,"column":5}},"409":{"start":{"line":954,"column":6},"end":{"line":954,"column":81}},"410":{"start":{"line":956,"column":4},"end":{"line":956,"column":16}},"411":{"start":{"line":962,"column":2},"end":{"line":980,"column":3}},"412":{"start":{"line":963,"column":4},"end":{"line":977,"column":5}},"413":{"start":{"line":970,"column":6},"end":{"line":970,"column":22}},"414":{"start":{"line":971,"column":6},"end":{"line":971,"column":44}},"415":{"start":{"line":972,"column":6},"end":{"line":975,"column":7}},"416":{"start":{"line":973,"column":8},"end":{"line":973,"column":45}},"417":{"start":{"line":974,"column":8},"end":{"line":974,"column":22}},"418":{"start":{"line":976,"column":6},"end":{"line":976,"column":66}},"419":{"start":{"line":978,"column":4},"end":{"line":978,"column":42}},"420":{"start":{"line":979,"column":4},"end":{"line":979,"column":19}},"421":{"start":{"line":983,"column":2},"end":{"line":987,"column":3}},"422":{"start":{"line":984,"column":4},"end":{"line":986,"column":5}},"423":{"start":{"line":985,"column":6},"end":{"line":985,"column":32}},"424":{"start":{"line":991,"column":2},"end":{"line":1000,"column":3}},"425":{"start":{"line":992,"column":4},"end":{"line":992,"column":40}},"426":{"start":{"line":992,"column":12},"end":{"line":992,"column":40}},"427":{"start":{"line":993,"column":4},"end":{"line":993,"column":16}},"428":{"start":{"line":994,"column":4},"end":{"line":995,"column":52}},"429":{"start":{"line":996,"column":4},"end":{"line":996,"column":44}},"430":{"start":{"line":997,"column":4},"end":{"line":997,"column":61}},"431":{"start":{"line":998,"column":4},"end":{"line":998,"column":37}},"432":{"start":{"line":999,"column":4},"end":{"line":999,"column":50}},"433":{"start":{"line":1007,"column":2},"end":{"line":1039,"column":3}},"434":{"start":{"line":1008,"column":4},"end":{"line":1008,"column":62}},"435":{"start":{"line":1010,"column":4},"end":{"line":1016,"column":5}},"436":{"start":{"line":1011,"column":6},"end":{"line":1011,"column":50}},"437":{"start":{"line":1012,"column":6},"end":{"line":1014,"column":17}},"438":{"start":{"line":1015,"column":6},"end":{"line":1015,"column":31}},"439":{"start":{"line":1018,"column":4},"end":{"line":1027,"column":5}},"440":{"start":{"line":1019,"column":6},"end":{"line":1025,"column":7}},"441":{"start":{"line":1020,"column":8},"end":{"line":1020,"column":22}},"442":{"start":{"line":1021,"column":8},"end":{"line":1023,"column":9}},"443":{"start":{"line":1022,"column":10},"end":{"line":1022,"column":66}},"444":{"start":{"line":1024,"column":8},"end":{"line":1024,"column":42}},"445":{"start":{"line":1026,"column":6},"end":{"line":1026,"column":21}},"446":{"start":{"line":1029,"column":4},"end":{"line":1038,"column":6}},"447":{"start":{"line":1030,"column":6},"end":{"line":1030,"column":40}},"448":{"start":{"line":1030,"column":14},"end":{"line":1030,"column":40}},"449":{"start":{"line":1031,"column":6},"end":{"line":1035,"column":7}},"450":{"start":{"line":1032,"column":8},"end":{"line":1032,"column":21}},"451":{"start":{"line":1033,"column":8},"end":{"line":1033,"column":27}},"452":{"start":{"line":1034,"column":8},"end":{"line":1034,"column":31}},"453":{"start":{"line":1036,"column":6},"end":{"line":1036,"column":36}},"454":{"start":{"line":1037,"column":6},"end":{"line":1037,"column":21}},"455":{"start":{"line":1042,"column":2},"end":{"line":1055,"column":3}},"456":{"start":{"line":1043,"column":4},"end":{"line":1043,"column":30}},"457":{"start":{"line":1044,"column":4},"end":{"line":1044,"column":30}},"458":{"start":{"line":1045,"column":4},"end":{"line":1045,"column":18}},"459":{"start":{"line":1046,"column":4},"end":{"line":1049,"column":5}},"460":{"start":{"line":1047,"column":6},"end":{"line":1047,"column":29}},"461":{"start":{"line":1048,"column":6},"end":{"line":1048,"column":40}},"462":{"start":{"line":1050,"column":4},"end":{"line":1053,"column":5}},"463":{"start":{"line":1051,"column":6},"end":{"line":1051,"column":16}},"464":{"start":{"line":1052,"column":6},"end":{"line":1052,"column":27}},"465":{"start":{"line":1054,"column":4},"end":{"line":1054,"column":54}},"466":{"start":{"line":1060,"column":2},"end":{"line":1060,"column":15}},"467":{"start":{"line":1065,"column":0},"end":{"line":1065,"column":49}},"468":{"start":{"line":1065,"column":6},"end":{"line":1065,"column":33}}},"branchMap":{"1":{"line":17,"type":"cond-expr","locations":[{"start":{"line":18,"column":7},"end":{"line":29,"column":9}},{"start":{"line":30,"column":6},"end":{"line":32,"column":30}}]},"2":{"line":18,"type":"cond-expr","locations":[{"start":{"line":19,"column":8},"end":{"line":19,"column":27}},{"start":{"line":20,"column":9},"end":{"line":28,"column":11}}]},"3":{"line":20,"type":"cond-expr","locations":[{"start":{"line":21,"column":10},"end":{"line":21,"column":26}},{"start":{"line":22,"column":11},"end":{"line":27,"column":13}}]},"4":{"line":22,"type":"cond-expr","locations":[{"start":{"line":23,"column":12},"end":{"line":23,"column":37}},{"start":{"line":24,"column":13},"end":{"line":26,"column":38}}]},"5":{"line":24,"type":"cond-expr","locations":[{"start":{"line":25,"column":14},"end":{"line":25,"column":24}},{"start":{"line":26,"column":14},"end":{"line":26,"column":38}}]},"6":{"line":30,"type":"cond-expr","locations":[{"start":{"line":31,"column":8},"end":{"line":31,"column":27}},{"start":{"line":31,"column":30},"end":{"line":31,"column":34}}]},"7":{"line":54,"type":"cond-expr","locations":[{"start":{"line":55,"column":6},"end":{"line":55,"column":25}},{"start":{"line":56,"column":7},"end":{"line":58,"column":39}}]},"8":{"line":56,"type":"cond-expr","locations":[{"start":{"line":57,"column":8},"end":{"line":57,"column":35}},{"start":{"line":58,"column":8},"end":{"line":58,"column":39}}]},"9":{"line":57,"type":"binary-expr","locations":[{"start":{"line":57,"column":20},"end":{"line":57,"column":24}},{"start":{"line":57,"column":28},"end":{"line":57,"column":34}}]},"10":{"line":58,"type":"binary-expr","locations":[{"start":{"line":58,"column":24},"end":{"line":58,"column":28}},{"start":{"line":58,"column":32},"end":{"line":58,"column":38}}]},"11":{"line":76,"type":"binary-expr","locations":[{"start":{"line":76,"column":15},"end":{"line":76,"column":26}},{"start":{"line":76,"column":30},"end":{"line":76,"column":63}}]},"12":{"line":80,"type":"binary-expr","locations":[{"start":{"line":80,"column":15},"end":{"line":80,"column":25}},{"start":{"line":80,"column":29},"end":{"line":80,"column":60}}]},"13":{"line":84,"type":"binary-expr","locations":[{"start":{"line":84,"column":13},"end":{"line":84,"column":49}},{"start":{"line":84,"column":54},"end":{"line":84,"column":67}}]},"14":{"line":84,"type":"binary-expr","locations":[{"start":{"line":84,"column":14},"end":{"line":84,"column":37}},{"start":{"line":84,"column":41},"end":{"line":84,"column":43}}]},"15":{"line":91,"type":"binary-expr","locations":[{"start":{"line":91,"column":17},"end":{"line":91,"column":29}},{"start":{"line":91,"column":34},"end":{"line":91,"column":66}}]},"16":{"line":100,"type":"cond-expr","locations":[{"start":{"line":100,"column":51},"end":{"line":100,"column":75}},{"start":{"line":100,"column":78},"end":{"line":100,"column":83}}]},"17":{"line":148,"type":"if","locations":[{"start":{"line":148,"column":6},"end":{"line":148,"column":6}},{"start":{"line":148,"column":6},"end":{"line":148,"column":6}}]},"18":{"line":148,"type":"binary-expr","locations":[{"start":{"line":148,"column":10},"end":{"line":148,"column":21}},{"start":{"line":148,"column":25},"end":{"line":148,"column":38}}]},"19":{"line":151,"type":"cond-expr","locations":[{"start":{"line":151,"column":27},"end":{"line":151,"column":29}},{"start":{"line":151,"column":32},"end":{"line":151,"column":33}}]},"20":{"line":158,"type":"switch","locations":[{"start":{"line":159,"column":6},"end":{"line":166,"column":14}},{"start":{"line":167,"column":6},"end":{"line":171,"column":14}},{"start":{"line":172,"column":6},"end":{"line":174,"column":14}}]},"21":{"line":161,"type":"if","locations":[{"start":{"line":161,"column":8},"end":{"line":161,"column":8}},{"start":{"line":161,"column":8},"end":{"line":161,"column":8}}]},"22":{"line":168,"type":"if","locations":[{"start":{"line":168,"column":8},"end":{"line":168,"column":8}},{"start":{"line":168,"column":8},"end":{"line":168,"column":8}}]},"23":{"line":196,"type":"if","locations":[{"start":{"line":196,"column":4},"end":{"line":196,"column":4}},{"start":{"line":196,"column":4},"end":{"line":196,"column":4}}]},"24":{"line":213,"type":"if","locations":[{"start":{"line":213,"column":4},"end":{"line":213,"column":4}},{"start":{"line":213,"column":4},"end":{"line":213,"column":4}}]},"25":{"line":214,"type":"binary-expr","locations":[{"start":{"line":214,"column":6},"end":{"line":214,"column":12}},{"start":{"line":215,"column":6},"end":{"line":215,"column":59}}]},"26":{"line":215,"type":"cond-expr","locations":[{"start":{"line":215,"column":31},"end":{"line":215,"column":47}},{"start":{"line":215,"column":50},"end":{"line":215,"column":58}}]},"27":{"line":232,"type":"binary-expr","locations":[{"start":{"line":232,"column":18},"end":{"line":232,"column":33}},{"start":{"line":233,"column":19},"end":{"line":233,"column":49}},{"start":{"line":234,"column":18},"end":{"line":234,"column":50}}]},"28":{"line":235,"type":"cond-expr","locations":[{"start":{"line":235,"column":23},"end":{"line":235,"column":36}},{"start":{"line":235,"column":39},"end":{"line":235,"column":41}}]},"29":{"line":236,"type":"binary-expr","locations":[{"start":{"line":236,"column":16},"end":{"line":236,"column":23}},{"start":{"line":236,"column":27},"end":{"line":236,"column":36}}]},"30":{"line":239,"type":"if","locations":[{"start":{"line":239,"column":4},"end":{"line":239,"column":4}},{"start":{"line":239,"column":4},"end":{"line":239,"column":4}}]},"31":{"line":239,"type":"binary-expr","locations":[{"start":{"line":239,"column":8},"end":{"line":239,"column":15}},{"start":{"line":239,"column":19},"end":{"line":239,"column":45}}]},"32":{"line":240,"type":"if","locations":[{"start":{"line":240,"column":4},"end":{"line":240,"column":4}},{"start":{"line":240,"column":4},"end":{"line":240,"column":4}}]},"33":{"line":241,"type":"cond-expr","locations":[{"start":{"line":242,"column":6},"end":{"line":248,"column":7}},{"start":{"line":249,"column":7},"end":{"line":291,"column":9}}]},"34":{"line":243,"type":"if","locations":[{"start":{"line":243,"column":8},"end":{"line":243,"column":8}},{"start":{"line":243,"column":8},"end":{"line":243,"column":8}}]},"35":{"line":244,"type":"if","locations":[{"start":{"line":244,"column":10},"end":{"line":244,"column":10}},{"start":{"line":244,"column":10},"end":{"line":244,"column":10}}]},"36":{"line":246,"type":"if","locations":[{"start":{"line":246,"column":10},"end":{"line":246,"column":10}},{"start":{"line":246,"column":10},"end":{"line":246,"column":10}}]},"37":{"line":249,"type":"cond-expr","locations":[{"start":{"line":250,"column":8},"end":{"line":269,"column":9}},{"start":{"line":270,"column":8},"end":{"line":291,"column":9}}]},"38":{"line":251,"type":"if","locations":[{"start":{"line":251,"column":10},"end":{"line":251,"column":10}},{"start":{"line":251,"column":10},"end":{"line":251,"column":10}}]},"39":{"line":255,"type":"if","locations":[{"start":{"line":255,"column":12},"end":{"line":255,"column":12}},{"start":{"line":255,"column":12},"end":{"line":255,"column":12}}]},"40":{"line":259,"type":"if","locations":[{"start":{"line":259,"column":14},"end":{"line":259,"column":14}},{"start":{"line":259,"column":14},"end":{"line":259,"column":14}}]},"41":{"line":271,"type":"if","locations":[{"start":{"line":271,"column":10},"end":{"line":271,"column":10}},{"start":{"line":271,"column":10},"end":{"line":271,"column":10}}]},"42":{"line":275,"type":"if","locations":[{"start":{"line":275,"column":12},"end":{"line":275,"column":12}},{"start":{"line":275,"column":12},"end":{"line":275,"column":12}}]},"43":{"line":276,"type":"if","locations":[{"start":{"line":276,"column":14},"end":{"line":276,"column":14}},{"start":{"line":276,"column":14},"end":{"line":276,"column":14}}]},"44":{"line":277,"type":"if","locations":[{"start":{"line":277,"column":16},"end":{"line":277,"column":16}},{"start":{"line":277,"column":16},"end":{"line":277,"column":16}}]},"45":{"line":284,"type":"if","locations":[{"start":{"line":284,"column":16},"end":{"line":284,"column":16}},{"start":{"line":284,"column":16},"end":{"line":284,"column":16}}]},"46":{"line":301,"type":"switch","locations":[{"start":{"line":302,"column":8},"end":{"line":302,"column":22}},{"start":{"line":303,"column":8},"end":{"line":303,"column":22}},{"start":{"line":304,"column":8},"end":{"line":324,"column":16}},{"start":{"line":325,"column":8},"end":{"line":325,"column":22}},{"start":{"line":326,"column":8},"end":{"line":333,"column":11}},{"start":{"line":334,"column":8},"end":{"line":405,"column":16}}]},"47":{"line":305,"type":"if","locations":[{"start":{"line":305,"column":10},"end":{"line":305,"column":10}},{"start":{"line":305,"column":10},"end":{"line":305,"column":10}}]},"48":{"line":306,"type":"if","locations":[{"start":{"line":306,"column":12},"end":{"line":306,"column":12}},{"start":{"line":306,"column":12},"end":{"line":306,"column":12}}]},"49":{"line":310,"type":"if","locations":[{"start":{"line":310,"column":17},"end":{"line":310,"column":17}},{"start":{"line":310,"column":17},"end":{"line":310,"column":17}}]},"50":{"line":311,"type":"binary-expr","locations":[{"start":{"line":311,"column":12},"end":{"line":311,"column":35}},{"start":{"line":312,"column":12},"end":{"line":312,"column":48}}]},"51":{"line":314,"type":"if","locations":[{"start":{"line":314,"column":12},"end":{"line":314,"column":12}},{"start":{"line":314,"column":12},"end":{"line":314,"column":12}}]},"52":{"line":327,"type":"if","locations":[{"start":{"line":327,"column":10},"end":{"line":327,"column":10}},{"start":{"line":327,"column":10},"end":{"line":327,"column":10}}]},"53":{"line":331,"type":"if","locations":[{"start":{"line":331,"column":17},"end":{"line":331,"column":17}},{"start":{"line":331,"column":17},"end":{"line":331,"column":17}}]},"54":{"line":336,"type":"if","locations":[{"start":{"line":336,"column":10},"end":{"line":336,"column":10}},{"start":{"line":336,"column":10},"end":{"line":336,"column":10}}]},"55":{"line":338,"type":"if","locations":[{"start":{"line":338,"column":12},"end":{"line":338,"column":12}},{"start":{"line":338,"column":12},"end":{"line":338,"column":12}}]},"56":{"line":338,"type":"binary-expr","locations":[{"start":{"line":338,"column":16},"end":{"line":338,"column":28}},{"start":{"line":338,"column":32},"end":{"line":338,"column":44}}]},"57":{"line":342,"type":"switch","locations":[{"start":{"line":343,"column":16},"end":{"line":343,"column":30}},{"start":{"line":344,"column":16},"end":{"line":344,"column":30}},{"start":{"line":345,"column":16},"end":{"line":347,"column":24}},{"start":{"line":348,"column":16},"end":{"line":361,"column":19}},{"start":{"line":362,"column":16},"end":{"line":369,"column":24}}]},"58":{"line":349,"type":"if","locations":[{"start":{"line":349,"column":18},"end":{"line":349,"column":18}},{"start":{"line":349,"column":18},"end":{"line":349,"column":18}}]},"59":{"line":352,"type":"if","locations":[{"start":{"line":352,"column":18},"end":{"line":352,"column":18}},{"start":{"line":352,"column":18},"end":{"line":352,"column":18}}]},"60":{"line":357,"type":"if","locations":[{"start":{"line":357,"column":22},"end":{"line":357,"column":22}},{"start":{"line":357,"column":22},"end":{"line":357,"column":22}}]},"61":{"line":363,"type":"if","locations":[{"start":{"line":363,"column":18},"end":{"line":363,"column":18}},{"start":{"line":363,"column":18},"end":{"line":363,"column":18}}]},"62":{"line":365,"type":"if","locations":[{"start":{"line":365,"column":20},"end":{"line":365,"column":20}},{"start":{"line":365,"column":20},"end":{"line":365,"column":20}}]},"63":{"line":372,"type":"if","locations":[{"start":{"line":372,"column":17},"end":{"line":372,"column":17}},{"start":{"line":372,"column":17},"end":{"line":372,"column":17}}]},"64":{"line":373,"type":"if","locations":[{"start":{"line":373,"column":12},"end":{"line":373,"column":12}},{"start":{"line":373,"column":12},"end":{"line":373,"column":12}}]},"65":{"line":377,"type":"cond-expr","locations":[{"start":{"line":378,"column":16},"end":{"line":378,"column":44}},{"start":{"line":379,"column":16},"end":{"line":379,"column":23}}]},"66":{"line":381,"type":"if","locations":[{"start":{"line":381,"column":17},"end":{"line":381,"column":17}},{"start":{"line":381,"column":17},"end":{"line":381,"column":17}}]},"67":{"line":383,"type":"if","locations":[{"start":{"line":383,"column":17},"end":{"line":383,"column":17}},{"start":{"line":383,"column":17},"end":{"line":383,"column":17}}]},"68":{"line":385,"type":"if","locations":[{"start":{"line":385,"column":17},"end":{"line":385,"column":17}},{"start":{"line":385,"column":17},"end":{"line":385,"column":17}}]},"69":{"line":387,"type":"if","locations":[{"start":{"line":387,"column":17},"end":{"line":387,"column":17}},{"start":{"line":387,"column":17},"end":{"line":387,"column":17}}]},"70":{"line":389,"type":"if","locations":[{"start":{"line":389,"column":17},"end":{"line":389,"column":17}},{"start":{"line":389,"column":17},"end":{"line":389,"column":17}}]},"71":{"line":393,"type":"if","locations":[{"start":{"line":393,"column":12},"end":{"line":393,"column":12}},{"start":{"line":393,"column":12},"end":{"line":393,"column":12}}]},"72":{"line":400,"type":"if","locations":[{"start":{"line":400,"column":17},"end":{"line":400,"column":17}},{"start":{"line":400,"column":17},"end":{"line":400,"column":17}}]},"73":{"line":425,"type":"if","locations":[{"start":{"line":425,"column":6},"end":{"line":425,"column":6}},{"start":{"line":425,"column":6},"end":{"line":425,"column":6}}]},"74":{"line":449,"type":"switch","locations":[{"start":{"line":450,"column":8},"end":{"line":453,"column":16}},{"start":{"line":454,"column":8},"end":{"line":467,"column":16}},{"start":{"line":468,"column":8},"end":{"line":476,"column":16}}]},"75":{"line":455,"type":"if","locations":[{"start":{"line":455,"column":10},"end":{"line":455,"column":10}},{"start":{"line":455,"column":10},"end":{"line":455,"column":10}}]},"76":{"line":457,"type":"if","locations":[{"start":{"line":457,"column":12},"end":{"line":457,"column":12}},{"start":{"line":457,"column":12},"end":{"line":457,"column":12}}]},"77":{"line":457,"type":"binary-expr","locations":[{"start":{"line":457,"column":16},"end":{"line":457,"column":28}},{"start":{"line":458,"column":14},"end":{"line":458,"column":42}},{"start":{"line":459,"column":14},"end":{"line":459,"column":38}}]},"78":{"line":469,"type":"if","locations":[{"start":{"line":469,"column":10},"end":{"line":469,"column":10}},{"start":{"line":469,"column":10},"end":{"line":469,"column":10}}]},"79":{"line":470,"type":"binary-expr","locations":[{"start":{"line":470,"column":12},"end":{"line":470,"column":52}},{"start":{"line":471,"column":12},"end":{"line":471,"column":49}}]},"80":{"line":489,"type":"binary-expr","locations":[{"start":{"line":489,"column":11},"end":{"line":489,"column":40}},{"start":{"line":490,"column":12},"end":{"line":490,"column":54}},{"start":{"line":491,"column":12},"end":{"line":491,"column":38}}]},"81":{"line":540,"type":"if","locations":[{"start":{"line":540,"column":6},"end":{"line":540,"column":6}},{"start":{"line":540,"column":6},"end":{"line":540,"column":6}}]},"82":{"line":541,"type":"binary-expr","locations":[{"start":{"line":541,"column":8},"end":{"line":541,"column":39}},{"start":{"line":542,"column":8},"end":{"line":542,"column":49}}]},"83":{"line":547,"type":"cond-expr","locations":[{"start":{"line":547,"column":34},"end":{"line":547,"column":44}},{"start":{"line":547,"column":47},"end":{"line":547,"column":54}}]},"84":{"line":559,"type":"cond-expr","locations":[{"start":{"line":560,"column":8},"end":{"line":560,"column":25}},{"start":{"line":561,"column":8},"end":{"line":561,"column":26}}]},"85":{"line":572,"type":"if","locations":[{"start":{"line":572,"column":4},"end":{"line":572,"column":4}},{"start":{"line":572,"column":4},"end":{"line":572,"column":4}}]},"86":{"line":583,"type":"if","locations":[{"start":{"line":583,"column":4},"end":{"line":583,"column":4}},{"start":{"line":583,"column":4},"end":{"line":583,"column":4}}]},"87":{"line":592,"type":"if","locations":[{"start":{"line":592,"column":6},"end":{"line":592,"column":6}},{"start":{"line":592,"column":6},"end":{"line":592,"column":6}}]},"88":{"line":605,"type":"if","locations":[{"start":{"line":605,"column":4},"end":{"line":605,"column":4}},{"start":{"line":605,"column":4},"end":{"line":605,"column":4}}]},"89":{"line":605,"type":"binary-expr","locations":[{"start":{"line":605,"column":8},"end":{"line":605,"column":10}},{"start":{"line":605,"column":14},"end":{"line":605,"column":16}}]},"90":{"line":627,"type":"binary-expr","locations":[{"start":{"line":627,"column":13},"end":{"line":627,"column":31}},{"start":{"line":627,"column":35},"end":{"line":627,"column":65}}]},"91":{"line":628,"type":"binary-expr","locations":[{"start":{"line":628,"column":11},"end":{"line":628,"column":13}},{"start":{"line":628,"column":17},"end":{"line":628,"column":52}}]},"92":{"line":635,"type":"if","locations":[{"start":{"line":635,"column":4},"end":{"line":635,"column":4}},{"start":{"line":635,"column":4},"end":{"line":635,"column":4}}]},"93":{"line":635,"type":"binary-expr","locations":[{"start":{"line":635,"column":8},"end":{"line":635,"column":14}},{"start":{"line":635,"column":18},"end":{"line":635,"column":41}}]},"94":{"line":637,"type":"if","locations":[{"start":{"line":637,"column":6},"end":{"line":637,"column":6}},{"start":{"line":637,"column":6},"end":{"line":637,"column":6}}]},"95":{"line":639,"type":"binary-expr","locations":[{"start":{"line":639,"column":11},"end":{"line":639,"column":17}},{"start":{"line":639,"column":21},"end":{"line":639,"column":33}}]},"96":{"line":650,"type":"if","locations":[{"start":{"line":650,"column":4},"end":{"line":650,"column":4}},{"start":{"line":650,"column":4},"end":{"line":650,"column":4}}]},"97":{"line":652,"type":"if","locations":[{"start":{"line":652,"column":11},"end":{"line":652,"column":11}},{"start":{"line":652,"column":11},"end":{"line":652,"column":11}}]},"98":{"line":654,"type":"if","locations":[{"start":{"line":654,"column":11},"end":{"line":654,"column":11}},{"start":{"line":654,"column":11},"end":{"line":654,"column":11}}]},"99":{"line":664,"type":"if","locations":[{"start":{"line":664,"column":6},"end":{"line":664,"column":6}},{"start":{"line":664,"column":6},"end":{"line":664,"column":6}}]},"100":{"line":677,"type":"binary-expr","locations":[{"start":{"line":677,"column":11},"end":{"line":677,"column":24}},{"start":{"line":677,"column":28},"end":{"line":677,"column":43}}]},"101":{"line":684,"type":"binary-expr","locations":[{"start":{"line":684,"column":7},"end":{"line":684,"column":51}},{"start":{"line":685,"column":6},"end":{"line":685,"column":33}},{"start":{"line":686,"column":6},"end":{"line":686,"column":44}}]},"102":{"line":701,"type":"switch","locations":[{"start":{"line":702,"column":6},"end":{"line":704,"column":14}},{"start":{"line":705,"column":6},"end":{"line":707,"column":14}},{"start":{"line":708,"column":6},"end":{"line":710,"column":14}}]},"103":{"line":719,"type":"if","locations":[{"start":{"line":719,"column":4},"end":{"line":719,"column":4}},{"start":{"line":719,"column":4},"end":{"line":719,"column":4}}]},"104":{"line":740,"type":"cond-expr","locations":[{"start":{"line":741,"column":6},"end":{"line":751,"column":7}},{"start":{"line":752,"column":6},"end":{"line":752,"column":13}}]},"105":{"line":755,"type":"cond-expr","locations":[{"start":{"line":756,"column":6},"end":{"line":769,"column":7}},{"start":{"line":770,"column":6},"end":{"line":770,"column":9}}]},"106":{"line":775,"type":"binary-expr","locations":[{"start":{"line":775,"column":16},"end":{"line":775,"column":29}},{"start":{"line":776,"column":17},"end":{"line":784,"column":19}}]},"107":{"line":787,"type":"binary-expr","locations":[{"start":{"line":787,"column":13},"end":{"line":787,"column":25}},{"start":{"line":788,"column":14},"end":{"line":788,"column":68}}]},"108":{"line":802,"type":"if","locations":[{"start":{"line":802,"column":2},"end":{"line":802,"column":2}},{"start":{"line":802,"column":2},"end":{"line":802,"column":2}}]},"109":{"line":806,"type":"binary-expr","locations":[{"start":{"line":806,"column":13},"end":{"line":806,"column":33}},{"start":{"line":807,"column":13},"end":{"line":807,"column":44}}]},"110":{"line":812,"type":"cond-expr","locations":[{"start":{"line":813,"column":6},"end":{"line":815,"column":7}},{"start":{"line":816,"column":6},"end":{"line":824,"column":7}}]},"111":{"line":827,"type":"cond-expr","locations":[{"start":{"line":828,"column":6},"end":{"line":841,"column":7}},{"start":{"line":842,"column":6},"end":{"line":842,"column":47}}]},"112":{"line":827,"type":"binary-expr","locations":[{"start":{"line":827,"column":20},"end":{"line":827,"column":22}},{"start":{"line":827,"column":26},"end":{"line":827,"column":28}}]},"113":{"line":837,"type":"if","locations":[{"start":{"line":837,"column":10},"end":{"line":837,"column":10}},{"start":{"line":837,"column":10},"end":{"line":837,"column":10}}]},"114":{"line":846,"type":"cond-expr","locations":[{"start":{"line":847,"column":6},"end":{"line":860,"column":7}},{"start":{"line":861,"column":6},"end":{"line":866,"column":7}}]},"115":{"line":846,"type":"binary-expr","locations":[{"start":{"line":846,"column":16},"end":{"line":846,"column":18}},{"start":{"line":846,"column":22},"end":{"line":846,"column":24}}]},"116":{"line":850,"type":"switch","locations":[{"start":{"line":851,"column":12},"end":{"line":853,"column":20}},{"start":{"line":854,"column":12},"end":{"line":856,"column":20}}]},"117":{"line":876,"type":"binary-expr","locations":[{"start":{"line":876,"column":17},"end":{"line":876,"column":19}},{"start":{"line":876,"column":23},"end":{"line":876,"column":26}}]},"118":{"line":876,"type":"binary-expr","locations":[{"start":{"line":876,"column":37},"end":{"line":876,"column":39}},{"start":{"line":876,"column":43},"end":{"line":876,"column":46}}]},"119":{"line":893,"type":"cond-expr","locations":[{"start":{"line":894,"column":6},"end":{"line":904,"column":7}},{"start":{"line":905,"column":6},"end":{"line":907,"column":7}}]},"120":{"line":931,"type":"switch","locations":[{"start":{"line":932,"column":6},"end":{"line":932,"column":24}},{"start":{"line":933,"column":6},"end":{"line":935,"column":14}},{"start":{"line":936,"column":6},"end":{"line":942,"column":14}},{"start":{"line":943,"column":6},"end":{"line":943,"column":26}},{"start":{"line":944,"column":6},"end":{"line":947,"column":14}}]},"121":{"line":972,"type":"if","locations":[{"start":{"line":972,"column":6},"end":{"line":972,"column":6}},{"start":{"line":972,"column":6},"end":{"line":972,"column":6}}]},"122":{"line":992,"type":"if","locations":[{"start":{"line":992,"column":4},"end":{"line":992,"column":4}},{"start":{"line":992,"column":4},"end":{"line":992,"column":4}}]},"123":{"line":994,"type":"binary-expr","locations":[{"start":{"line":994,"column":16},"end":{"line":994,"column":39}},{"start":{"line":995,"column":16},"end":{"line":995,"column":51}}]},"124":{"line":1012,"type":"cond-expr","locations":[{"start":{"line":1013,"column":8},"end":{"line":1013,"column":54}},{"start":{"line":1014,"column":8},"end":{"line":1014,"column":16}}]},"125":{"line":1019,"type":"if","locations":[{"start":{"line":1019,"column":6},"end":{"line":1019,"column":6}},{"start":{"line":1019,"column":6},"end":{"line":1019,"column":6}}]},"126":{"line":1021,"type":"if","locations":[{"start":{"line":1021,"column":8},"end":{"line":1021,"column":8}},{"start":{"line":1021,"column":8},"end":{"line":1021,"column":8}}]},"127":{"line":1030,"type":"if","locations":[{"start":{"line":1030,"column":6},"end":{"line":1030,"column":6}},{"start":{"line":1030,"column":6},"end":{"line":1030,"column":6}}]},"128":{"line":1031,"type":"if","locations":[{"start":{"line":1031,"column":6},"end":{"line":1031,"column":6}},{"start":{"line":1031,"column":6},"end":{"line":1031,"column":6}}]},"129":{"line":1046,"type":"if","locations":[{"start":{"line":1046,"column":4},"end":{"line":1046,"column":4}},{"start":{"line":1046,"column":4},"end":{"line":1046,"column":4}}]},"130":{"line":1048,"type":"binary-expr","locations":[{"start":{"line":1048,"column":13},"end":{"line":1048,"column":29}},{"start":{"line":1048,"column":33},"end":{"line":1048,"column":39}}]},"131":{"line":1050,"type":"if","locations":[{"start":{"line":1050,"column":4},"end":{"line":1050,"column":4}},{"start":{"line":1050,"column":4},"end":{"line":1050,"column":4}}]},"132":{"line":1054,"type":"binary-expr","locations":[{"start":{"line":1054,"column":11},"end":{"line":1054,"column":19}},{"start":{"line":1054,"column":24},"end":{"line":1054,"column":52}}]}}}}