{"/home/webreflection/code/hyperHTML/hyperhtml.js":{"path":"/home/webreflection/code/hyperHTML/hyperhtml.js","s":{"1":2,"2":2,"3":2,"4":1,"5":20,"6":2,"7":1,"8":200,"9":2,"10":2,"11":2,"12":2,"13":2,"14":1,"15":48,"16":2,"17":1,"18":1,"19":6,"20":2,"21":4,"22":8,"23":4,"24":2,"25":4,"26":4,"27":4,"28":8,"29":4,"30":4,"31":2,"32":2,"33":2,"34":2,"35":2,"36":2,"37":2,"38":2,"39":2,"40":2,"41":2,"42":1,"43":34,"44":34,"45":26,"46":16,"47":10,"48":24,"49":1,"50":16,"51":8,"52":8,"53":2,"54":2,"55":6,"56":6,"57":6,"58":4,"59":6,"60":2,"61":2,"62":1,"63":66,"64":66,"65":22,"66":22,"67":1,"68":144,"69":144,"70":1,"71":14,"72":14,"73":2,"74":2,"75":2,"76":12,"77":12,"78":1,"79":236,"80":236,"81":122,"82":122,"83":236,"84":236,"85":1,"86":38,"87":38,"88":8,"89":38,"90":20,"91":38,"92":24,"93":14,"94":4,"95":14,"96":14,"97":12,"98":20,"99":16,"100":16,"101":14,"102":4,"103":4,"104":10,"105":40,"106":30,"107":30,"108":28,"109":4,"110":2,"111":2,"112":24,"113":24,"114":2,"115":2,"116":1,"117":70,"118":70,"119":70,"120":214,"121":86,"122":32,"123":30,"124":30,"125":54,"126":20,"127":8,"128":8,"129":34,"130":34,"131":34,"132":34,"133":86,"134":128,"135":6,"136":6,"137":6,"138":122,"139":2,"140":122,"141":122,"142":48,"143":48,"144":2,"145":2,"146":46,"147":18,"148":18,"149":26,"150":8,"151":26,"152":4,"153":4,"154":22,"155":52,"156":4,"157":24,"158":18,"159":18,"160":14,"161":6,"162":24,"163":74,"164":20,"165":16,"166":4,"167":54,"168":4,"169":50,"170":10,"171":40,"172":4,"173":36,"174":4,"175":32,"176":22,"177":22,"178":14,"179":8,"180":8,"181":8,"182":8,"183":10,"184":4,"185":6,"186":122,"187":1,"188":86,"189":44,"190":44,"191":38,"192":38,"193":1,"194":176,"195":218,"196":218,"197":86,"198":86,"199":86,"200":44,"201":42,"202":42,"203":12,"204":12,"205":30,"206":44,"207":88,"208":2,"209":2,"210":88,"211":2,"212":2,"213":2,"214":2,"215":2,"216":2,"217":2,"218":2,"219":2,"220":1,"221":4,"222":1,"223":2,"224":1,"225":50,"226":76,"227":76,"228":54,"229":50,"230":1,"231":121,"232":1,"233":98,"234":1,"235":96,"236":96,"237":96,"238":96,"239":96,"240":96,"241":45,"242":45,"243":96,"244":1,"245":1,"246":1,"247":95,"248":95,"249":51,"250":44,"251":96,"252":1,"253":2,"254":2,"255":2,"256":1,"257":1,"258":1,"259":1,"260":1,"261":1,"262":2,"263":1,"264":38,"265":1,"266":4,"267":4,"268":4,"269":1,"270":36,"271":36,"272":4,"273":4,"274":2,"275":36,"276":1,"277":22,"278":1,"279":10,"280":10,"281":2,"282":8,"283":2,"284":6,"285":2,"286":4,"287":1,"288":10,"289":10,"290":8,"291":1,"292":74,"293":1,"294":80,"295":1,"296":34,"297":34,"298":1,"299":122,"300":20,"301":1,"302":108,"303":108,"304":30,"305":30,"306":38,"307":38,"308":40,"309":40,"310":108,"311":1,"312":10,"313":10,"314":8,"315":8,"316":8,"317":8,"318":8,"319":8,"320":8,"321":1,"322":82,"323":2,"324":2,"325":134,"326":69,"327":2,"328":1,"329":1,"330":61,"331":45,"332":2,"333":1,"334":1,"335":1,"336":74,"337":2,"338":27,"339":2,"340":2,"341":2,"342":2,"343":1,"344":1,"345":170,"346":170,"347":2,"348":60,"349":15,"350":24,"351":2,"352":69,"353":128,"354":128,"355":84,"356":69,"357":31,"358":2,"359":54,"360":77,"361":77,"362":38,"363":38,"364":39,"365":39,"366":54,"367":54,"368":77,"369":54,"370":2,"371":2,"372":2,"373":30,"374":2,"375":38,"376":2,"377":2,"378":2,"379":2,"380":2,"381":2,"382":2,"383":203,"384":142,"385":203,"386":61,"387":1,"388":90,"389":90,"390":90,"391":90,"392":90,"393":90,"394":1,"395":82,"396":82,"397":82,"398":14,"399":14,"400":30,"401":30,"402":30,"403":38,"404":38,"405":38,"406":82,"407":62,"408":82,"409":1,"410":122,"411":108,"412":108,"413":108,"414":10,"415":10,"416":108,"417":122,"418":122,"419":1,"420":236,"421":228,"422":1,"423":122,"424":61,"425":122,"426":122,"427":122,"428":122,"429":122,"430":122,"431":1,"432":50,"433":1,"434":50,"435":50,"436":50,"437":1,"438":74,"439":50,"440":50,"441":6,"442":50,"443":74,"444":50,"445":74,"446":37,"447":74,"448":50,"449":50,"450":50,"451":74,"452":74,"453":1,"454":32,"455":32,"456":32,"457":32,"458":12,"459":12,"460":32,"461":16,"462":16,"463":32,"464":2,"465":2,"466":2},"b":{"1":[14,6],"2":[2,12],"3":[2,10],"4":[2,8],"5":[4,4],"6":[2,4],"7":[14,34],"8":[6,28],"9":[6,2],"10":[28,16],"11":[8,4],"12":[4,2],"13":[2,2],"14":[2,2],"15":[4,4],"16":[2,2],"17":[16,10],"18":[26,20],"19":[8,16],"20":[8,6,2],"21":[2,6],"22":[4,2],"23":[2,12],"24":[122,114],"25":[236,144],"26":[72,72],"27":[38,36,16],"28":[10,28],"29":[38,28],"30":[8,30],"31":[38,10],"32":[20,18],"33":[10,28],"34":[14,10],"35":[4,10],"36":[12,2],"37":[10,18],"38":[16,4],"39":[14,2],"40":[4,10],"41":[30,10],"42":[28,2],"43":[4,24],"44":[2,2],"45":[2,22],"46":[76,84,86,124,128,122],"47":[32,54],"48":[30,2],"49":[20,34],"50":[54,22],"51":[8,12],"52":[6,122],"53":[2,120],"54":[48,74],"55":[2,46],"56":[48,4],"57":[10,18,18,26,24],"58":[8,18],"59":[4,22],"60":[4,48],"61":[18,6],"62":[14,4],"63":[20,54],"64":[16,4],"65":[2,2],"66":[4,50],"67":[10,40],"68":[4,36],"69":[4,32],"70":[22,10],"71":[14,8],"72":[4,6],"73":[38,6],"74":[86,44,88],"75":[42,2],"76":[12,30],"77":[42,30,4],"78":[2,86],"79":[88,2],"80":[2,1,1],"81":[54,22],"82":[76,36],"83":[42,8],"84":[2,96],"85":[45,51],"86":[1,95],"87":[51,44],"88":[1,1],"89":[2,1],"90":[4,4],"91":[4,4],"92":[4,32],"93":[36,36],"94":[2,2],"95":[36,36],"96":[2,8],"97":[2,6],"98":[2,4],"99":[8,2],"100":[80,80],"101":[34,30,16],"102":[30,38,40],"103":[8,2],"104":[1,1],"105":[1,1],"106":[2,1],"107":[2,1],"108":[1,1],"109":[170,45],"110":[1,1],"111":[1,1],"112":[2,1],"113":[84,44],"114":[1,1],"115":[2,1],"116":[38,39],"117":[38,20],"118":[38,20],"119":[1,1],"120":[12,14,30,12,38],"121":[10,98],"122":[61,61],"123":[122,90],"124":[6,44],"125":[50,24],"126":[6,44],"127":[37,37],"128":[50,24],"129":[12,20],"130":[12,12],"131":[16,16],"132":[32,18]},"f":{"1":2,"2":20,"3":200,"4":2,"5":2,"6":48,"7":6,"8":6,"9":4,"10":8,"11":4,"12":2,"13":4,"14":34,"15":16,"16":66,"17":144,"18":14,"19":236,"20":38,"21":24,"22":20,"23":40,"24":70,"25":214,"26":86,"27":176,"28":2,"29":4,"30":2,"31":50,"32":121,"33":98,"34":96,"35":2,"36":38,"37":4,"38":36,"39":22,"40":10,"41":10,"42":74,"43":80,"44":34,"45":122,"46":108,"47":10,"48":82,"49":2,"50":134,"51":69,"52":1,"53":61,"54":45,"55":1,"56":74,"57":27,"58":170,"59":60,"60":15,"61":69,"62":31,"63":54,"64":54,"65":30,"66":38,"67":2,"68":203,"69":61,"70":90,"71":82,"72":122,"73":236,"74":122,"75":50,"76":50,"77":74,"78":74,"79":32},"fnMap":{"1":{"name":"(anonymous_1)","line":1,"loc":{"start":{"line":1,"column":17},"end":{"line":1,"column":43}}},"2":{"name":"hyper","line":16,"loc":{"start":{"line":16,"column":2},"end":{"line":16,"column":23}}},"3":{"name":"bind","line":38,"loc":{"start":{"line":38,"column":2},"end":{"line":38,"column":25}}},"4":{"name":"define","line":41,"loc":{"start":{"line":41,"column":17},"end":{"line":41,"column":56}}},"5":{"name":"escape","line":46,"loc":{"start":{"line":46,"column":17},"end":{"line":46,"column":39}}},"6":{"name":"wire","line":53,"loc":{"start":{"line":53,"column":2},"end":{"line":53,"column":27}}},"7":{"name":"Component","line":67,"loc":{"start":{"line":67,"column":2},"end":{"line":67,"column":23}}},"8":{"name":"addRender","line":68,"loc":{"start":{"line":68,"column":2},"end":{"line":68,"column":41}}},"9":{"name":"(anonymous_9)","line":75,"loc":{"start":{"line":75,"column":26},"end":{"line":75,"column":38}}},"10":{"name":"(anonymous_10)","line":77,"loc":{"start":{"line":77,"column":18},"end":{"line":77,"column":30}}},"11":{"name":"(anonymous_11)","line":81,"loc":{"start":{"line":81,"column":17},"end":{"line":81,"column":29}}},"12":{"name":"(anonymous_12)","line":85,"loc":{"start":{"line":85,"column":27},"end":{"line":85,"column":40}}},"13":{"name":"(anonymous_13)","line":89,"loc":{"start":{"line":89,"column":24},"end":{"line":89,"column":41}}},"14":{"name":"indexOfDifferences","line":132,"loc":{"start":{"line":132,"column":2},"end":{"line":132,"column":36}}},"15":{"name":"populateNode","line":148,"loc":{"start":{"line":148,"column":2},"end":{"line":148,"column":39}}},"16":{"name":"removeNodeList","line":170,"loc":{"start":{"line":170,"column":2},"end":{"line":170,"column":44}}},"17":{"name":"resetAndPopulate","line":179,"loc":{"start":{"line":179,"column":2},"end":{"line":179,"column":43}}},"18":{"name":"updateViaArray","line":185,"loc":{"start":{"line":185,"column":2},"end":{"line":185,"column":47}}},"19":{"name":"render","line":202,"loc":{"start":{"line":202,"column":2},"end":{"line":202,"column":28}}},"20":{"name":"setAttribute","line":219,"loc":{"start":{"line":219,"column":2},"end":{"line":219,"column":59}}},"21":{"name":"eventAttr","line":233,"loc":{"start":{"line":233,"column":6},"end":{"line":233,"column":35}}},"22":{"name":"specialAttr","line":241,"loc":{"start":{"line":241,"column":8},"end":{"line":241,"column":39}}},"23":{"name":"normalAttr","line":261,"loc":{"start":{"line":261,"column":8},"end":{"line":261,"column":38}}},"24":{"name":"setVirtualContent","line":288,"loc":{"start":{"line":288,"column":2},"end":{"line":288,"column":47}}},"25":{"name":"anyVirtual","line":291,"loc":{"start":{"line":291,"column":11},"end":{"line":291,"column":38}}},"26":{"name":"attributesSeeker","line":406,"loc":{"start":{"line":406,"column":2},"end":{"line":406,"column":48}}},"27":{"name":"hyperSeeker","line":432,"loc":{"start":{"line":432,"column":2},"end":{"line":432,"column":43}}},"28":{"name":"(anonymous_28)","line":486,"loc":{"start":{"line":486,"column":13},"end":{"line":486,"column":25}}},"29":{"name":"fnEscape","line":511,"loc":{"start":{"line":511,"column":2},"end":{"line":511,"column":23}}},"30":{"name":"asHTML","line":516,"loc":{"start":{"line":516,"column":2},"end":{"line":516,"column":24}}},"31":{"name":"createContent","line":521,"loc":{"start":{"line":521,"column":2},"end":{"line":521,"column":31}}},"32":{"name":"createDocumentFragment","line":542,"loc":{"start":{"line":542,"column":2},"end":{"line":542,"column":44}}},"33":{"name":"createFragment","line":548,"loc":{"start":{"line":548,"column":2},"end":{"line":548,"column":38}}},"34":{"name":"createHTMLFragment","line":557,"loc":{"start":{"line":557,"column":2},"end":{"line":557,"column":42}}},"35":{"name":"createSVGFragment","line":593,"loc":{"start":{"line":593,"column":2},"end":{"line":593,"column":41}}},"36":{"name":"createText","line":609,"loc":{"start":{"line":609,"column":2},"end":{"line":609,"column":34}}},"37":{"name":"getCEClass","line":616,"loc":{"start":{"line":616,"column":2},"end":{"line":616,"column":28}}},"38":{"name":"isSpecialAttribute","line":624,"loc":{"start":{"line":624,"column":2},"end":{"line":624,"column":42}}},"39":{"name":"emptyFragment","line":634,"loc":{"start":{"line":634,"column":2},"end":{"line":634,"column":31}}},"40":{"name":"invokeAtDistance","line":639,"loc":{"start":{"line":639,"column":2},"end":{"line":639,"column":45}}},"41":{"name":"invokeTransformer","line":653,"loc":{"start":{"line":653,"column":2},"end":{"line":653,"column":37}}},"42":{"name":"isNode_ish","line":662,"loc":{"start":{"line":662,"column":2},"end":{"line":662,"column":29}}},"43":{"name":"isPromise_ish","line":667,"loc":{"start":{"line":667,"column":2},"end":{"line":667,"column":32}}},"44":{"name":"noContent","line":673,"loc":{"start":{"line":673,"column":2},"end":{"line":673,"column":38}}},"45":{"name":"removeAttributeList","line":683,"loc":{"start":{"line":683,"column":2},"end":{"line":683,"column":37}}},"46":{"name":"setContent","line":690,"loc":{"start":{"line":690,"column":2},"end":{"line":690,"column":66}}},"47":{"name":"updateVirtualNodes","line":708,"loc":{"start":{"line":708,"column":2},"end":{"line":708,"column":55}}},"48":{"name":"Path","line":722,"loc":{"start":{"line":722,"column":2},"end":{"line":722,"column":34}}},"49":{"name":"(anonymous_49)","line":732,"loc":{"start":{"line":732,"column":6},"end":{"line":732,"column":18}}},"50":{"name":"(anonymous_50)","line":734,"loc":{"start":{"line":734,"column":15},"end":{"line":734,"column":30}}},"51":{"name":"(anonymous_51)","line":735,"loc":{"start":{"line":735,"column":15},"end":{"line":735,"column":37}}},"52":{"name":"(anonymous_52)","line":747,"loc":{"start":{"line":747,"column":6},"end":{"line":747,"column":18}}},"53":{"name":"(anonymous_53)","line":750,"loc":{"start":{"line":750,"column":15},"end":{"line":750,"column":30}}},"54":{"name":"(anonymous_54)","line":756,"loc":{"start":{"line":756,"column":15},"end":{"line":756,"column":37}}},"55":{"name":"(anonymous_55)","line":767,"loc":{"start":{"line":767,"column":17},"end":{"line":767,"column":29}}},"56":{"name":"(anonymous_56)","line":772,"loc":{"start":{"line":772,"column":25},"end":{"line":772,"column":38}}},"57":{"name":"(anonymous_57)","line":779,"loc":{"start":{"line":779,"column":14},"end":{"line":779,"column":26}}},"58":{"name":"(anonymous_58)","line":795,"loc":{"start":{"line":795,"column":13},"end":{"line":795,"column":33}}},"59":{"name":"(anonymous_59)","line":804,"loc":{"start":{"line":804,"column":6},"end":{"line":804,"column":34}}},"60":{"name":"appendNodes","line":807,"loc":{"start":{"line":807,"column":6},"end":{"line":807,"column":45}}},"61":{"name":"(anonymous_61)","line":819,"loc":{"start":{"line":819,"column":6},"end":{"line":819,"column":22}}},"62":{"name":"(anonymous_62)","line":833,"loc":{"start":{"line":833,"column":6},"end":{"line":833,"column":22}}},"63":{"name":"(anonymous_63)","line":838,"loc":{"start":{"line":838,"column":6},"end":{"line":838,"column":34}}},"64":{"name":"(anonymous_64)","line":852,"loc":{"start":{"line":852,"column":6},"end":{"line":852,"column":34}}},"65":{"name":"(anonymous_65)","line":862,"loc":{"start":{"line":862,"column":17},"end":{"line":862,"column":43}}},"66":{"name":"(anonymous_66)","line":866,"loc":{"start":{"line":866,"column":26},"end":{"line":866,"column":48}}},"67":{"name":"(anonymous_67)","line":881,"loc":{"start":{"line":881,"column":19},"end":{"line":881,"column":31}}},"68":{"name":"(anonymous_68)","line":885,"loc":{"start":{"line":885,"column":6},"end":{"line":885,"column":22}}},"69":{"name":"(anonymous_69)","line":896,"loc":{"start":{"line":896,"column":6},"end":{"line":896,"column":26}}},"70":{"name":"createTemplate","line":907,"loc":{"start":{"line":907,"column":2},"end":{"line":907,"column":36}}},"71":{"name":"createPath","line":919,"loc":{"start":{"line":919,"column":2},"end":{"line":919,"column":28}}},"72":{"name":"createUpdates","line":953,"loc":{"start":{"line":953,"column":2},"end":{"line":953,"column":42}}},"73":{"name":"update","line":974,"loc":{"start":{"line":974,"column":2},"end":{"line":974,"column":20}}},"74":{"name":"upgrade","line":982,"loc":{"start":{"line":982,"column":2},"end":{"line":982,"column":29}}},"75":{"name":"wireContent","line":998,"loc":{"start":{"line":998,"column":2},"end":{"line":998,"column":29}}},"76":{"name":"before","line":1001,"loc":{"start":{"line":1001,"column":4},"end":{"line":1001,"column":30}}},"77":{"name":"after","line":1009,"loc":{"start":{"line":1009,"column":4},"end":{"line":1009,"column":21}}},"78":{"name":"update","line":1020,"loc":{"start":{"line":1020,"column":11},"end":{"line":1020,"column":36}}},"79":{"name":"wireWeakly","line":1033,"loc":{"start":{"line":1033,"column":2},"end":{"line":1033,"column":33}}}},"statementMap":{"1":{"start":{"line":1,"column":0},"end":{"line":1053,"column":13}},"2":{"start":{"line":11,"column":2},"end":{"line":11,"column":34}},"3":{"start":{"line":14,"column":2},"end":{"line":14,"column":22}},"4":{"start":{"line":16,"column":2},"end":{"line":33,"column":3}},"5":{"start":{"line":17,"column":4},"end":{"line":32,"column":31}},"6":{"start":{"line":37,"column":2},"end":{"line":37,"column":20}},"7":{"start":{"line":38,"column":2},"end":{"line":38,"column":57}},"8":{"start":{"line":38,"column":27},"end":{"line":38,"column":55}},"9":{"start":{"line":41,"column":2},"end":{"line":43,"column":4}},"10":{"start":{"line":42,"column":4},"end":{"line":42,"column":41}},"11":{"start":{"line":46,"column":2},"end":{"line":48,"column":4}},"12":{"start":{"line":47,"column":4},"end":{"line":47,"column":46}},"13":{"start":{"line":52,"column":2},"end":{"line":52,"column":20}},"14":{"start":{"line":53,"column":2},"end":{"line":60,"column":3}},"15":{"start":{"line":54,"column":4},"end":{"line":59,"column":8}},"16":{"start":{"line":66,"column":2},"end":{"line":66,"column":30}},"17":{"start":{"line":67,"column":2},"end":{"line":67,"column":25}},"18":{"start":{"line":68,"column":2},"end":{"line":70,"column":3}},"19":{"start":{"line":69,"column":4},"end":{"line":69,"column":76}},"20":{"start":{"line":71,"column":2},"end":{"line":100,"column":4}},"21":{"start":{"line":75,"column":40},"end":{"line":75,"column":50}},"22":{"start":{"line":78,"column":8},"end":{"line":78,"column":64}},"23":{"start":{"line":82,"column":8},"end":{"line":82,"column":61}},"24":{"start":{"line":86,"column":8},"end":{"line":86,"column":73}},"25":{"start":{"line":90,"column":8},"end":{"line":90,"column":53}},"26":{"start":{"line":91,"column":8},"end":{"line":91,"column":84}},"27":{"start":{"line":92,"column":8},"end":{"line":92,"column":58}},"28":{"start":{"line":92,"column":32},"end":{"line":92,"column":58}},"29":{"start":{"line":93,"column":8},"end":{"line":93,"column":28}},"30":{"start":{"line":94,"column":8},"end":{"line":94,"column":22}},"31":{"start":{"line":111,"column":2},"end":{"line":111,"column":23}},"32":{"start":{"line":112,"column":2},"end":{"line":112,"column":25}},"33":{"start":{"line":113,"column":2},"end":{"line":113,"column":20}},"34":{"start":{"line":114,"column":2},"end":{"line":114,"column":23}},"35":{"start":{"line":115,"column":2},"end":{"line":115,"column":34}},"36":{"start":{"line":118,"column":2},"end":{"line":118,"column":44}},"37":{"start":{"line":119,"column":2},"end":{"line":119,"column":51}},"38":{"start":{"line":121,"column":2},"end":{"line":121,"column":40}},"39":{"start":{"line":122,"column":2},"end":{"line":122,"column":32}},"40":{"start":{"line":123,"column":2},"end":{"line":123,"column":61}},"41":{"start":{"line":124,"column":2},"end":{"line":124,"column":34}},"42":{"start":{"line":132,"column":2},"end":{"line":143,"column":3}},"43":{"start":{"line":133,"column":4},"end":{"line":137,"column":5}},"44":{"start":{"line":138,"column":4},"end":{"line":141,"column":5}},"45":{"start":{"line":139,"column":6},"end":{"line":140,"column":20}},"46":{"start":{"line":139,"column":40},"end":{"line":139,"column":44}},"47":{"start":{"line":140,"column":11},"end":{"line":140,"column":20}},"48":{"start":{"line":142,"column":4},"end":{"line":142,"column":34}},"49":{"start":{"line":148,"column":2},"end":{"line":167,"column":3}},"50":{"start":{"line":149,"column":4},"end":{"line":166,"column":5}},"51":{"start":{"line":151,"column":8},"end":{"line":151,"column":43}},"52":{"start":{"line":152,"column":8},"end":{"line":155,"column":9}},"53":{"start":{"line":153,"column":10},"end":{"line":153,"column":40}},"54":{"start":{"line":154,"column":10},"end":{"line":154,"column":16}},"55":{"start":{"line":156,"column":8},"end":{"line":156,"column":40}},"56":{"start":{"line":157,"column":8},"end":{"line":157,"column":14}},"57":{"start":{"line":159,"column":8},"end":{"line":161,"column":9}},"58":{"start":{"line":160,"column":10},"end":{"line":160,"column":42}},"59":{"start":{"line":162,"column":8},"end":{"line":162,"column":14}},"60":{"start":{"line":164,"column":8},"end":{"line":164,"column":47}},"61":{"start":{"line":165,"column":8},"end":{"line":165,"column":14}},"62":{"start":{"line":170,"column":2},"end":{"line":176,"column":3}},"63":{"start":{"line":171,"column":4},"end":{"line":171,"column":36}},"64":{"start":{"line":172,"column":4},"end":{"line":175,"column":5}},"65":{"start":{"line":173,"column":6},"end":{"line":173,"column":27}},"66":{"start":{"line":174,"column":6},"end":{"line":174,"column":42}},"67":{"start":{"line":179,"column":2},"end":{"line":182,"column":3}},"68":{"start":{"line":180,"column":4},"end":{"line":180,"column":28}},"69":{"start":{"line":181,"column":4},"end":{"line":181,"column":30}},"70":{"start":{"line":185,"column":2},"end":{"line":195,"column":3}},"71":{"start":{"line":186,"column":4},"end":{"line":186,"column":39}},"72":{"start":{"line":187,"column":4},"end":{"line":194,"column":5}},"73":{"start":{"line":188,"column":6},"end":{"line":188,"column":41}},"74":{"start":{"line":189,"column":6},"end":{"line":189,"column":49}},"75":{"start":{"line":190,"column":6},"end":{"line":190,"column":33}},"76":{"start":{"line":192,"column":6},"end":{"line":192,"column":40}},"77":{"start":{"line":193,"column":6},"end":{"line":193,"column":39}},"78":{"start":{"line":202,"column":2},"end":{"line":213,"column":3}},"79":{"start":{"line":203,"column":4},"end":{"line":203,"column":33}},"80":{"start":{"line":204,"column":4},"end":{"line":210,"column":5}},"81":{"start":{"line":208,"column":6},"end":{"line":208,"column":45}},"82":{"start":{"line":209,"column":6},"end":{"line":209,"column":30}},"83":{"start":{"line":211,"column":4},"end":{"line":211,"column":43}},"84":{"start":{"line":212,"column":4},"end":{"line":212,"column":16}},"85":{"start":{"line":219,"column":2},"end":{"line":284,"column":3}},"86":{"start":{"line":220,"column":4},"end":{"line":229,"column":5}},"87":{"start":{"line":230,"column":4},"end":{"line":230,"column":73}},"88":{"start":{"line":230,"column":47},"end":{"line":230,"column":73}},"89":{"start":{"line":231,"column":4},"end":{"line":231,"column":51}},"90":{"start":{"line":231,"column":17},"end":{"line":231,"column":51}},"91":{"start":{"line":232,"column":4},"end":{"line":283,"column":8}},"92":{"start":{"line":234,"column":8},"end":{"line":238,"column":9}},"93":{"start":{"line":235,"column":10},"end":{"line":235,"column":72}},"94":{"start":{"line":235,"column":24},"end":{"line":235,"column":72}},"95":{"start":{"line":236,"column":10},"end":{"line":236,"column":30}},"96":{"start":{"line":237,"column":10},"end":{"line":237,"column":69}},"97":{"start":{"line":237,"column":24},"end":{"line":237,"column":69}},"98":{"start":{"line":242,"column":10},"end":{"line":259,"column":11}},"99":{"start":{"line":243,"column":12},"end":{"line":243,"column":32}},"100":{"start":{"line":246,"column":12},"end":{"line":258,"column":13}},"101":{"start":{"line":250,"column":14},"end":{"line":257,"column":15}},"102":{"start":{"line":253,"column":16},"end":{"line":253,"column":34}},"103":{"start":{"line":254,"column":16},"end":{"line":254,"column":43}},"104":{"start":{"line":256,"column":16},"end":{"line":256,"column":38}},"105":{"start":{"line":262,"column":10},"end":{"line":281,"column":11}},"106":{"start":{"line":263,"column":12},"end":{"line":263,"column":32}},"107":{"start":{"line":266,"column":12},"end":{"line":280,"column":13}},"108":{"start":{"line":267,"column":14},"end":{"line":279,"column":15}},"109":{"start":{"line":268,"column":16},"end":{"line":272,"column":17}},"110":{"start":{"line":270,"column":18},"end":{"line":270,"column":33}},"111":{"start":{"line":271,"column":18},"end":{"line":271,"column":54}},"112":{"start":{"line":274,"column":16},"end":{"line":274,"column":43}},"113":{"start":{"line":275,"column":16},"end":{"line":278,"column":17}},"114":{"start":{"line":276,"column":18},"end":{"line":276,"column":34}},"115":{"start":{"line":277,"column":18},"end":{"line":277,"column":51}},"116":{"start":{"line":288,"column":2},"end":{"line":399,"column":3}},"117":{"start":{"line":289,"column":4},"end":{"line":289,"column":17}},"118":{"start":{"line":290,"column":4},"end":{"line":290,"column":34}},"119":{"start":{"line":291,"column":4},"end":{"line":398,"column":6}},"120":{"start":{"line":292,"column":6},"end":{"line":397,"column":7}},"121":{"start":{"line":296,"column":10},"end":{"line":314,"column":11}},"122":{"start":{"line":297,"column":12},"end":{"line":300,"column":13}},"123":{"start":{"line":298,"column":14},"end":{"line":298,"column":31}},"124":{"start":{"line":299,"column":14},"end":{"line":299,"column":39}},"125":{"start":{"line":301,"column":17},"end":{"line":314,"column":11}},"126":{"start":{"line":305,"column":12},"end":{"line":308,"column":13}},"127":{"start":{"line":306,"column":14},"end":{"line":306,"column":31}},"128":{"start":{"line":307,"column":14},"end":{"line":307,"column":48}},"129":{"start":{"line":310,"column":12},"end":{"line":310,"column":29}},"130":{"start":{"line":311,"column":12},"end":{"line":311,"column":42}},"131":{"start":{"line":312,"column":12},"end":{"line":312,"column":51}},"132":{"start":{"line":313,"column":12},"end":{"line":313,"column":62}},"133":{"start":{"line":315,"column":10},"end":{"line":315,"column":16}},"134":{"start":{"line":318,"column":10},"end":{"line":324,"column":11}},"135":{"start":{"line":319,"column":12},"end":{"line":319,"column":29}},"136":{"start":{"line":320,"column":12},"end":{"line":320,"column":27}},"137":{"start":{"line":321,"column":12},"end":{"line":321,"column":18}},"138":{"start":{"line":322,"column":17},"end":{"line":324,"column":11}},"139":{"start":{"line":323,"column":12},"end":{"line":323,"column":35}},"140":{"start":{"line":326,"column":10},"end":{"line":326,"column":27}},"141":{"start":{"line":327,"column":10},"end":{"line":395,"column":11}},"142":{"start":{"line":328,"column":12},"end":{"line":328,"column":38}},"143":{"start":{"line":329,"column":12},"end":{"line":362,"column":13}},"144":{"start":{"line":330,"column":14},"end":{"line":330,"column":44}},"145":{"start":{"line":331,"column":14},"end":{"line":331,"column":30}},"146":{"start":{"line":333,"column":14},"end":{"line":361,"column":15}},"147":{"start":{"line":337,"column":18},"end":{"line":337,"column":44}},"148":{"start":{"line":338,"column":18},"end":{"line":338,"column":24}},"149":{"start":{"line":340,"column":18},"end":{"line":342,"column":19}},"150":{"start":{"line":341,"column":20},"end":{"line":341,"column":58}},"151":{"start":{"line":343,"column":18},"end":{"line":352,"column":19}},"152":{"start":{"line":344,"column":20},"end":{"line":344,"column":56}},"153":{"start":{"line":345,"column":20},"end":{"line":345,"column":26}},"154":{"start":{"line":347,"column":20},"end":{"line":351,"column":21}},"155":{"start":{"line":348,"column":22},"end":{"line":350,"column":23}},"156":{"start":{"line":349,"column":24},"end":{"line":349,"column":53}},"157":{"start":{"line":354,"column":18},"end":{"line":359,"column":19}},"158":{"start":{"line":355,"column":20},"end":{"line":355,"column":71}},"159":{"start":{"line":356,"column":20},"end":{"line":356,"column":65}},"160":{"start":{"line":356,"column":34},"end":{"line":356,"column":65}},"161":{"start":{"line":358,"column":20},"end":{"line":358,"column":64}},"162":{"start":{"line":360,"column":18},"end":{"line":360,"column":24}},"163":{"start":{"line":363,"column":17},"end":{"line":395,"column":11}},"164":{"start":{"line":364,"column":12},"end":{"line":371,"column":14}},"165":{"start":{"line":364,"column":29},"end":{"line":364,"column":55}},"166":{"start":{"line":365,"column":17},"end":{"line":371,"column":14}},"167":{"start":{"line":372,"column":17},"end":{"line":395,"column":11}},"168":{"start":{"line":373,"column":12},"end":{"line":373,"column":35}},"169":{"start":{"line":374,"column":17},"end":{"line":395,"column":11}},"170":{"start":{"line":375,"column":12},"end":{"line":375,"column":48}},"171":{"start":{"line":376,"column":17},"end":{"line":395,"column":11}},"172":{"start":{"line":377,"column":12},"end":{"line":377,"column":43}},"173":{"start":{"line":378,"column":17},"end":{"line":395,"column":11}},"174":{"start":{"line":379,"column":12},"end":{"line":379,"column":34}},"175":{"start":{"line":380,"column":17},"end":{"line":395,"column":11}},"176":{"start":{"line":381,"column":12},"end":{"line":381,"column":54}},"177":{"start":{"line":384,"column":12},"end":{"line":390,"column":13}},"178":{"start":{"line":384,"column":29},"end":{"line":384,"column":51}},"179":{"start":{"line":386,"column":14},"end":{"line":386,"column":44}},"180":{"start":{"line":387,"column":14},"end":{"line":387,"column":56}},"181":{"start":{"line":388,"column":14},"end":{"line":388,"column":59}},"182":{"start":{"line":389,"column":14},"end":{"line":389,"column":59}},"183":{"start":{"line":391,"column":17},"end":{"line":395,"column":11}},"184":{"start":{"line":392,"column":12},"end":{"line":392,"column":42}},"185":{"start":{"line":394,"column":12},"end":{"line":394,"column":49}},"186":{"start":{"line":396,"column":10},"end":{"line":396,"column":16}},"187":{"start":{"line":406,"column":2},"end":{"line":429,"column":3}},"188":{"start":{"line":407,"column":4},"end":{"line":428,"column":5}},"189":{"start":{"line":415,"column":6},"end":{"line":415,"column":32}},"190":{"start":{"line":416,"column":6},"end":{"line":427,"column":7}},"191":{"start":{"line":417,"column":8},"end":{"line":417,"column":76}},"192":{"start":{"line":418,"column":8},"end":{"line":426,"column":10}},"193":{"start":{"line":432,"column":2},"end":{"line":470,"column":3}},"194":{"start":{"line":433,"column":4},"end":{"line":469,"column":5}},"195":{"start":{"line":439,"column":6},"end":{"line":439,"column":28}},"196":{"start":{"line":440,"column":6},"end":{"line":468,"column":7}},"197":{"start":{"line":442,"column":10},"end":{"line":442,"column":48}},"198":{"start":{"line":443,"column":10},"end":{"line":443,"column":43}},"199":{"start":{"line":444,"column":10},"end":{"line":444,"column":16}},"200":{"start":{"line":446,"column":10},"end":{"line":457,"column":11}},"201":{"start":{"line":447,"column":12},"end":{"line":447,"column":26}},"202":{"start":{"line":448,"column":12},"end":{"line":456,"column":13}},"203":{"start":{"line":452,"column":14},"end":{"line":452,"column":44}},"204":{"start":{"line":453,"column":14},"end":{"line":453,"column":25}},"205":{"start":{"line":455,"column":14},"end":{"line":455,"column":49}},"206":{"start":{"line":458,"column":10},"end":{"line":458,"column":16}},"207":{"start":{"line":460,"column":10},"end":{"line":466,"column":11}},"208":{"start":{"line":464,"column":12},"end":{"line":464,"column":26}},"209":{"start":{"line":465,"column":12},"end":{"line":465,"column":42}},"210":{"start":{"line":467,"column":10},"end":{"line":467,"column":16}},"211":{"start":{"line":475,"column":2},"end":{"line":475,"column":63}},"212":{"start":{"line":480,"column":2},"end":{"line":482,"column":39}},"213":{"start":{"line":486,"column":2},"end":{"line":490,"column":17}},"214":{"start":{"line":487,"column":14},"end":{"line":487,"column":57}},"215":{"start":{"line":488,"column":14},"end":{"line":488,"column":57}},"216":{"start":{"line":489,"column":14},"end":{"line":489,"column":68}},"217":{"start":{"line":494,"column":2},"end":{"line":494,"column":44}},"218":{"start":{"line":501,"column":2},"end":{"line":501,"column":23}},"219":{"start":{"line":504,"column":2},"end":{"line":510,"column":4}},"220":{"start":{"line":511,"column":2},"end":{"line":513,"column":3}},"221":{"start":{"line":512,"column":4},"end":{"line":512,"column":22}},"222":{"start":{"line":516,"column":2},"end":{"line":518,"column":3}},"223":{"start":{"line":517,"column":4},"end":{"line":517,"column":24}},"224":{"start":{"line":521,"column":2},"end":{"line":539,"column":3}},"225":{"start":{"line":522,"column":4},"end":{"line":537,"column":5}},"226":{"start":{"line":530,"column":6},"end":{"line":530,"column":28}},"227":{"start":{"line":531,"column":6},"end":{"line":536,"column":7}},"228":{"start":{"line":535,"column":8},"end":{"line":535,"column":28}},"229":{"start":{"line":538,"column":4},"end":{"line":538,"column":55}},"230":{"start":{"line":542,"column":2},"end":{"line":544,"column":3}},"231":{"start":{"line":543,"column":4},"end":{"line":543,"column":45}},"232":{"start":{"line":548,"column":2},"end":{"line":554,"column":3}},"233":{"start":{"line":549,"column":4},"end":{"line":553,"column":40}},"234":{"start":{"line":557,"column":2},"end":{"line":590,"column":3}},"235":{"start":{"line":558,"column":4},"end":{"line":558,"column":17}},"236":{"start":{"line":559,"column":4},"end":{"line":559,"column":38}},"237":{"start":{"line":560,"column":4},"end":{"line":560,"column":55}},"238":{"start":{"line":561,"column":4},"end":{"line":561,"column":44}},"239":{"start":{"line":562,"column":4},"end":{"line":562,"column":31}},"240":{"start":{"line":563,"column":4},"end":{"line":573,"column":5}},"241":{"start":{"line":565,"column":6},"end":{"line":565,"column":50}},"242":{"start":{"line":572,"column":6},"end":{"line":572,"column":88}},"243":{"start":{"line":574,"column":4},"end":{"line":588,"column":5}},"244":{"start":{"line":578,"column":6},"end":{"line":578,"column":31}},"245":{"start":{"line":579,"column":6},"end":{"line":579,"column":58}},"246":{"start":{"line":580,"column":6},"end":{"line":580,"column":78}},"247":{"start":{"line":582,"column":6},"end":{"line":582,"column":33}},"248":{"start":{"line":583,"column":6},"end":{"line":587,"column":7}},"249":{"start":{"line":584,"column":8},"end":{"line":584,"column":37}},"250":{"start":{"line":586,"column":8},"end":{"line":586,"column":64}},"251":{"start":{"line":589,"column":4},"end":{"line":589,"column":20}},"252":{"start":{"line":593,"column":2},"end":{"line":606,"column":3}},"253":{"start":{"line":594,"column":4},"end":{"line":594,"column":38}},"254":{"start":{"line":595,"column":4},"end":{"line":595,"column":52}},"255":{"start":{"line":596,"column":4},"end":{"line":604,"column":5}},"256":{"start":{"line":597,"column":6},"end":{"line":597,"column":52}},"257":{"start":{"line":598,"column":6},"end":{"line":598,"column":84}},"258":{"start":{"line":599,"column":6},"end":{"line":599,"column":73}},"259":{"start":{"line":601,"column":6},"end":{"line":601,"column":69}},"260":{"start":{"line":602,"column":6},"end":{"line":602,"column":33}},"261":{"start":{"line":603,"column":6},"end":{"line":603,"column":62}},"262":{"start":{"line":605,"column":4},"end":{"line":605,"column":20}},"263":{"start":{"line":609,"column":2},"end":{"line":611,"column":3}},"264":{"start":{"line":610,"column":4},"end":{"line":610,"column":51}},"265":{"start":{"line":616,"column":2},"end":{"line":620,"column":3}},"266":{"start":{"line":617,"column":4},"end":{"line":617,"column":29}},"267":{"start":{"line":618,"column":4},"end":{"line":618,"column":66}},"268":{"start":{"line":619,"column":4},"end":{"line":619,"column":53}},"269":{"start":{"line":624,"column":2},"end":{"line":631,"column":3}},"270":{"start":{"line":625,"column":4},"end":{"line":625,"column":46}},"271":{"start":{"line":626,"column":4},"end":{"line":629,"column":5}},"272":{"start":{"line":627,"column":6},"end":{"line":627,"column":35}},"273":{"start":{"line":628,"column":6},"end":{"line":628,"column":40}},"274":{"start":{"line":628,"column":17},"end":{"line":628,"column":40}},"275":{"start":{"line":630,"column":4},"end":{"line":630,"column":34}},"276":{"start":{"line":634,"column":2},"end":{"line":636,"column":3}},"277":{"start":{"line":635,"column":4},"end":{"line":635,"column":54}},"278":{"start":{"line":639,"column":2},"end":{"line":650,"column":3}},"279":{"start":{"line":640,"column":4},"end":{"line":640,"column":32}},"280":{"start":{"line":641,"column":4},"end":{"line":649,"column":5}},"281":{"start":{"line":642,"column":6},"end":{"line":642,"column":62}},"282":{"start":{"line":643,"column":11},"end":{"line":649,"column":5}},"283":{"start":{"line":644,"column":6},"end":{"line":644,"column":48}},"284":{"start":{"line":645,"column":11},"end":{"line":649,"column":5}},"285":{"start":{"line":646,"column":6},"end":{"line":646,"column":62}},"286":{"start":{"line":648,"column":6},"end":{"line":648,"column":63}},"287":{"start":{"line":653,"column":2},"end":{"line":659,"column":3}},"288":{"start":{"line":654,"column":4},"end":{"line":658,"column":5}},"289":{"start":{"line":655,"column":6},"end":{"line":657,"column":7}},"290":{"start":{"line":656,"column":8},"end":{"line":656,"column":46}},"291":{"start":{"line":662,"column":2},"end":{"line":664,"column":3}},"292":{"start":{"line":663,"column":4},"end":{"line":663,"column":35}},"293":{"start":{"line":667,"column":2},"end":{"line":669,"column":3}},"294":{"start":{"line":668,"column":4},"end":{"line":668,"column":44}},"295":{"start":{"line":673,"column":2},"end":{"line":680,"column":3}},"296":{"start":{"line":674,"column":4},"end":{"line":678,"column":6}},"297":{"start":{"line":679,"column":4},"end":{"line":679,"column":24}},"298":{"start":{"line":683,"column":2},"end":{"line":687,"column":3}},"299":{"start":{"line":684,"column":4},"end":{"line":686,"column":5}},"300":{"start":{"line":685,"column":6},"end":{"line":685,"column":41}},"301":{"start":{"line":690,"column":2},"end":{"line":704,"column":3}},"302":{"start":{"line":691,"column":4},"end":{"line":691,"column":15}},"303":{"start":{"line":692,"column":4},"end":{"line":702,"column":5}},"304":{"start":{"line":694,"column":8},"end":{"line":694,"column":49}},"305":{"start":{"line":695,"column":8},"end":{"line":695,"column":14}},"306":{"start":{"line":697,"column":8},"end":{"line":697,"column":67}},"307":{"start":{"line":698,"column":8},"end":{"line":698,"column":14}},"308":{"start":{"line":700,"column":8},"end":{"line":700,"column":55}},"309":{"start":{"line":701,"column":8},"end":{"line":701,"column":14}},"310":{"start":{"line":703,"column":4},"end":{"line":703,"column":18}},"311":{"start":{"line":708,"column":2},"end":{"line":719,"column":3}},"312":{"start":{"line":709,"column":4},"end":{"line":709,"column":50}},"313":{"start":{"line":710,"column":4},"end":{"line":718,"column":5}},"314":{"start":{"line":711,"column":6},"end":{"line":711,"column":41}},"315":{"start":{"line":712,"column":6},"end":{"line":712,"column":36}},"316":{"start":{"line":713,"column":6},"end":{"line":713,"column":27}},"317":{"start":{"line":714,"column":6},"end":{"line":714,"column":29}},"318":{"start":{"line":715,"column":6},"end":{"line":715,"column":35}},"319":{"start":{"line":716,"column":6},"end":{"line":716,"column":51}},"320":{"start":{"line":717,"column":6},"end":{"line":717,"column":47}},"321":{"start":{"line":722,"column":2},"end":{"line":724,"column":3}},"322":{"start":{"line":723,"column":4},"end":{"line":723,"column":60}},"323":{"start":{"line":731,"column":2},"end":{"line":743,"column":14}},"324":{"start":{"line":733,"column":8},"end":{"line":741,"column":10}},"325":{"start":{"line":734,"column":32},"end":{"line":734,"column":52}},"326":{"start":{"line":736,"column":12},"end":{"line":739,"column":15}},"327":{"start":{"line":746,"column":2},"end":{"line":761,"column":10}},"328":{"start":{"line":748,"column":8},"end":{"line":748,"column":27}},"329":{"start":{"line":749,"column":8},"end":{"line":759,"column":10}},"330":{"start":{"line":751,"column":12},"end":{"line":751,"column":37}},"331":{"start":{"line":757,"column":12},"end":{"line":757,"column":39}},"332":{"start":{"line":766,"column":2},"end":{"line":775,"column":21}},"333":{"start":{"line":768,"column":18},"end":{"line":768,"column":45}},"334":{"start":{"line":771,"column":18},"end":{"line":771,"column":44}},"335":{"start":{"line":772,"column":18},"end":{"line":774,"column":20}},"336":{"start":{"line":773,"column":20},"end":{"line":773,"column":50}},"337":{"start":{"line":778,"column":2},"end":{"line":779,"column":69}},"338":{"start":{"line":779,"column":28},"end":{"line":779,"column":66}},"339":{"start":{"line":786,"column":2},"end":{"line":786,"column":45}},"340":{"start":{"line":789,"column":2},"end":{"line":789,"column":24}},"341":{"start":{"line":792,"column":2},"end":{"line":792,"column":30}},"342":{"start":{"line":793,"column":2},"end":{"line":800,"column":3}},"343":{"start":{"line":794,"column":4},"end":{"line":794,"column":25}},"344":{"start":{"line":795,"column":4},"end":{"line":799,"column":6}},"345":{"start":{"line":796,"column":6},"end":{"line":796,"column":42}},"346":{"start":{"line":797,"column":6},"end":{"line":798,"column":46}},"347":{"start":{"line":803,"column":2},"end":{"line":815,"column":8}},"348":{"start":{"line":805,"column":8},"end":{"line":805,"column":44}},"349":{"start":{"line":808,"column":8},"end":{"line":814,"column":9}},"350":{"start":{"line":813,"column":10},"end":{"line":813,"column":42}},"351":{"start":{"line":818,"column":2},"end":{"line":833,"column":48}},"352":{"start":{"line":820,"column":8},"end":{"line":830,"column":9}},"353":{"start":{"line":827,"column":10},"end":{"line":827,"column":32}},"354":{"start":{"line":828,"column":10},"end":{"line":829,"column":34}},"355":{"start":{"line":829,"column":12},"end":{"line":829,"column":34}},"356":{"start":{"line":831,"column":8},"end":{"line":831,"column":24}},"357":{"start":{"line":833,"column":24},"end":{"line":833,"column":45}},"358":{"start":{"line":837,"column":2},"end":{"line":857,"column":8}},"359":{"start":{"line":839,"column":8},"end":{"line":849,"column":9}},"360":{"start":{"line":840,"column":10},"end":{"line":840,"column":27}},"361":{"start":{"line":841,"column":10},"end":{"line":848,"column":11}},"362":{"start":{"line":843,"column":14},"end":{"line":843,"column":60}},"363":{"start":{"line":844,"column":14},"end":{"line":844,"column":20}},"364":{"start":{"line":846,"column":14},"end":{"line":846,"column":53}},"365":{"start":{"line":847,"column":14},"end":{"line":847,"column":20}},"366":{"start":{"line":850,"column":8},"end":{"line":850,"column":26}},"367":{"start":{"line":853,"column":8},"end":{"line":855,"column":9}},"368":{"start":{"line":854,"column":10},"end":{"line":854,"column":54}},"369":{"start":{"line":856,"column":8},"end":{"line":856,"column":26}},"370":{"start":{"line":860,"column":2},"end":{"line":860,"column":105}},"371":{"start":{"line":861,"column":2},"end":{"line":861,"column":94}},"372":{"start":{"line":862,"column":2},"end":{"line":864,"column":4}},"373":{"start":{"line":863,"column":4},"end":{"line":863,"column":67}},"374":{"start":{"line":866,"column":2},"end":{"line":868,"column":4}},"375":{"start":{"line":867,"column":4},"end":{"line":867,"column":48}},"376":{"start":{"line":871,"column":2},"end":{"line":871,"column":28}},"377":{"start":{"line":874,"column":2},"end":{"line":874,"column":27}},"378":{"start":{"line":877,"column":2},"end":{"line":877,"column":27}},"379":{"start":{"line":881,"column":2},"end":{"line":899,"column":7}},"380":{"start":{"line":882,"column":4},"end":{"line":882,"column":66}},"381":{"start":{"line":883,"column":4},"end":{"line":883,"column":65}},"382":{"start":{"line":884,"column":4},"end":{"line":898,"column":8}},"383":{"start":{"line":886,"column":8},"end":{"line":893,"column":9}},"384":{"start":{"line":892,"column":10},"end":{"line":892,"column":54}},"385":{"start":{"line":894,"column":8},"end":{"line":894,"column":21}},"386":{"start":{"line":897,"column":8},"end":{"line":897,"column":40}},"387":{"start":{"line":907,"column":2},"end":{"line":914,"column":3}},"388":{"start":{"line":908,"column":4},"end":{"line":908,"column":19}},"389":{"start":{"line":909,"column":4},"end":{"line":909,"column":61}},"390":{"start":{"line":910,"column":4},"end":{"line":910,"column":50}},"391":{"start":{"line":911,"column":4},"end":{"line":911,"column":51}},"392":{"start":{"line":912,"column":4},"end":{"line":912,"column":34}},"393":{"start":{"line":913,"column":4},"end":{"line":913,"column":16}},"394":{"start":{"line":919,"column":2},"end":{"line":948,"column":3}},"395":{"start":{"line":920,"column":4},"end":{"line":920,"column":18}},"396":{"start":{"line":921,"column":4},"end":{"line":921,"column":19}},"397":{"start":{"line":922,"column":4},"end":{"line":939,"column":5}},"398":{"start":{"line":925,"column":8},"end":{"line":925,"column":26}},"399":{"start":{"line":926,"column":8},"end":{"line":926,"column":14}},"400":{"start":{"line":928,"column":8},"end":{"line":928,"column":37}},"401":{"start":{"line":929,"column":8},"end":{"line":932,"column":10}},"402":{"start":{"line":933,"column":8},"end":{"line":933,"column":14}},"403":{"start":{"line":936,"column":8},"end":{"line":936,"column":39}},"404":{"start":{"line":937,"column":8},"end":{"line":937,"column":46}},"405":{"start":{"line":938,"column":8},"end":{"line":938,"column":14}},"406":{"start":{"line":940,"column":4},"end":{"line":946,"column":5}},"407":{"start":{"line":945,"column":6},"end":{"line":945,"column":81}},"408":{"start":{"line":947,"column":4},"end":{"line":947,"column":16}},"409":{"start":{"line":953,"column":2},"end":{"line":971,"column":3}},"410":{"start":{"line":954,"column":4},"end":{"line":968,"column":5}},"411":{"start":{"line":961,"column":6},"end":{"line":961,"column":22}},"412":{"start":{"line":962,"column":6},"end":{"line":962,"column":44}},"413":{"start":{"line":963,"column":6},"end":{"line":966,"column":7}},"414":{"start":{"line":964,"column":8},"end":{"line":964,"column":45}},"415":{"start":{"line":965,"column":8},"end":{"line":965,"column":22}},"416":{"start":{"line":967,"column":6},"end":{"line":967,"column":66}},"417":{"start":{"line":969,"column":4},"end":{"line":969,"column":42}},"418":{"start":{"line":970,"column":4},"end":{"line":970,"column":19}},"419":{"start":{"line":974,"column":2},"end":{"line":978,"column":3}},"420":{"start":{"line":975,"column":4},"end":{"line":977,"column":5}},"421":{"start":{"line":976,"column":6},"end":{"line":976,"column":32}},"422":{"start":{"line":982,"column":2},"end":{"line":991,"column":3}},"423":{"start":{"line":983,"column":4},"end":{"line":983,"column":40}},"424":{"start":{"line":983,"column":12},"end":{"line":983,"column":40}},"425":{"start":{"line":984,"column":4},"end":{"line":984,"column":16}},"426":{"start":{"line":985,"column":4},"end":{"line":986,"column":52}},"427":{"start":{"line":987,"column":4},"end":{"line":987,"column":44}},"428":{"start":{"line":988,"column":4},"end":{"line":988,"column":61}},"429":{"start":{"line":989,"column":4},"end":{"line":989,"column":37}},"430":{"start":{"line":990,"column":4},"end":{"line":990,"column":50}},"431":{"start":{"line":998,"column":2},"end":{"line":1030,"column":3}},"432":{"start":{"line":999,"column":4},"end":{"line":999,"column":62}},"433":{"start":{"line":1001,"column":4},"end":{"line":1007,"column":5}},"434":{"start":{"line":1002,"column":6},"end":{"line":1002,"column":50}},"435":{"start":{"line":1003,"column":6},"end":{"line":1005,"column":17}},"436":{"start":{"line":1006,"column":6},"end":{"line":1006,"column":31}},"437":{"start":{"line":1009,"column":4},"end":{"line":1018,"column":5}},"438":{"start":{"line":1010,"column":6},"end":{"line":1016,"column":7}},"439":{"start":{"line":1011,"column":8},"end":{"line":1011,"column":22}},"440":{"start":{"line":1012,"column":8},"end":{"line":1014,"column":9}},"441":{"start":{"line":1013,"column":10},"end":{"line":1013,"column":66}},"442":{"start":{"line":1015,"column":8},"end":{"line":1015,"column":42}},"443":{"start":{"line":1017,"column":6},"end":{"line":1017,"column":21}},"444":{"start":{"line":1020,"column":4},"end":{"line":1029,"column":6}},"445":{"start":{"line":1021,"column":6},"end":{"line":1021,"column":40}},"446":{"start":{"line":1021,"column":14},"end":{"line":1021,"column":40}},"447":{"start":{"line":1022,"column":6},"end":{"line":1026,"column":7}},"448":{"start":{"line":1023,"column":8},"end":{"line":1023,"column":21}},"449":{"start":{"line":1024,"column":8},"end":{"line":1024,"column":27}},"450":{"start":{"line":1025,"column":8},"end":{"line":1025,"column":31}},"451":{"start":{"line":1027,"column":6},"end":{"line":1027,"column":36}},"452":{"start":{"line":1028,"column":6},"end":{"line":1028,"column":21}},"453":{"start":{"line":1033,"column":2},"end":{"line":1046,"column":3}},"454":{"start":{"line":1034,"column":4},"end":{"line":1034,"column":30}},"455":{"start":{"line":1035,"column":4},"end":{"line":1035,"column":30}},"456":{"start":{"line":1036,"column":4},"end":{"line":1036,"column":18}},"457":{"start":{"line":1037,"column":4},"end":{"line":1040,"column":5}},"458":{"start":{"line":1038,"column":6},"end":{"line":1038,"column":29}},"459":{"start":{"line":1039,"column":6},"end":{"line":1039,"column":40}},"460":{"start":{"line":1041,"column":4},"end":{"line":1044,"column":5}},"461":{"start":{"line":1042,"column":6},"end":{"line":1042,"column":16}},"462":{"start":{"line":1043,"column":6},"end":{"line":1043,"column":27}},"463":{"start":{"line":1045,"column":4},"end":{"line":1045,"column":54}},"464":{"start":{"line":1051,"column":2},"end":{"line":1051,"column":15}},"465":{"start":{"line":1056,"column":0},"end":{"line":1056,"column":49}},"466":{"start":{"line":1056,"column":6},"end":{"line":1056,"column":33}}},"branchMap":{"1":{"line":17,"type":"cond-expr","locations":[{"start":{"line":18,"column":7},"end":{"line":29,"column":9}},{"start":{"line":30,"column":6},"end":{"line":32,"column":30}}]},"2":{"line":18,"type":"cond-expr","locations":[{"start":{"line":19,"column":8},"end":{"line":19,"column":27}},{"start":{"line":20,"column":9},"end":{"line":28,"column":11}}]},"3":{"line":20,"type":"cond-expr","locations":[{"start":{"line":21,"column":10},"end":{"line":21,"column":26}},{"start":{"line":22,"column":11},"end":{"line":27,"column":13}}]},"4":{"line":22,"type":"cond-expr","locations":[{"start":{"line":23,"column":12},"end":{"line":23,"column":37}},{"start":{"line":24,"column":13},"end":{"line":26,"column":38}}]},"5":{"line":24,"type":"cond-expr","locations":[{"start":{"line":25,"column":14},"end":{"line":25,"column":24}},{"start":{"line":26,"column":14},"end":{"line":26,"column":38}}]},"6":{"line":30,"type":"cond-expr","locations":[{"start":{"line":31,"column":8},"end":{"line":31,"column":27}},{"start":{"line":31,"column":30},"end":{"line":31,"column":34}}]},"7":{"line":54,"type":"cond-expr","locations":[{"start":{"line":55,"column":6},"end":{"line":55,"column":25}},{"start":{"line":56,"column":7},"end":{"line":58,"column":39}}]},"8":{"line":56,"type":"cond-expr","locations":[{"start":{"line":57,"column":8},"end":{"line":57,"column":35}},{"start":{"line":58,"column":8},"end":{"line":58,"column":39}}]},"9":{"line":57,"type":"binary-expr","locations":[{"start":{"line":57,"column":20},"end":{"line":57,"column":24}},{"start":{"line":57,"column":28},"end":{"line":57,"column":34}}]},"10":{"line":58,"type":"binary-expr","locations":[{"start":{"line":58,"column":24},"end":{"line":58,"column":28}},{"start":{"line":58,"column":32},"end":{"line":58,"column":38}}]},"11":{"line":78,"type":"binary-expr","locations":[{"start":{"line":78,"column":15},"end":{"line":78,"column":26}},{"start":{"line":78,"column":30},"end":{"line":78,"column":63}}]},"12":{"line":82,"type":"binary-expr","locations":[{"start":{"line":82,"column":15},"end":{"line":82,"column":25}},{"start":{"line":82,"column":29},"end":{"line":82,"column":60}}]},"13":{"line":86,"type":"binary-expr","locations":[{"start":{"line":86,"column":13},"end":{"line":86,"column":49}},{"start":{"line":86,"column":54},"end":{"line":86,"column":67}}]},"14":{"line":86,"type":"binary-expr","locations":[{"start":{"line":86,"column":14},"end":{"line":86,"column":37}},{"start":{"line":86,"column":41},"end":{"line":86,"column":43}}]},"15":{"line":90,"type":"binary-expr","locations":[{"start":{"line":90,"column":21},"end":{"line":90,"column":31}},{"start":{"line":90,"column":35},"end":{"line":90,"column":52}}]},"16":{"line":91,"type":"cond-expr","locations":[{"start":{"line":91,"column":51},"end":{"line":91,"column":75}},{"start":{"line":91,"column":78},"end":{"line":91,"column":83}}]},"17":{"line":139,"type":"if","locations":[{"start":{"line":139,"column":6},"end":{"line":139,"column":6}},{"start":{"line":139,"column":6},"end":{"line":139,"column":6}}]},"18":{"line":139,"type":"binary-expr","locations":[{"start":{"line":139,"column":10},"end":{"line":139,"column":21}},{"start":{"line":139,"column":25},"end":{"line":139,"column":38}}]},"19":{"line":142,"type":"cond-expr","locations":[{"start":{"line":142,"column":27},"end":{"line":142,"column":29}},{"start":{"line":142,"column":32},"end":{"line":142,"column":33}}]},"20":{"line":149,"type":"switch","locations":[{"start":{"line":150,"column":6},"end":{"line":157,"column":14}},{"start":{"line":158,"column":6},"end":{"line":162,"column":14}},{"start":{"line":163,"column":6},"end":{"line":165,"column":14}}]},"21":{"line":152,"type":"if","locations":[{"start":{"line":152,"column":8},"end":{"line":152,"column":8}},{"start":{"line":152,"column":8},"end":{"line":152,"column":8}}]},"22":{"line":159,"type":"if","locations":[{"start":{"line":159,"column":8},"end":{"line":159,"column":8}},{"start":{"line":159,"column":8},"end":{"line":159,"column":8}}]},"23":{"line":187,"type":"if","locations":[{"start":{"line":187,"column":4},"end":{"line":187,"column":4}},{"start":{"line":187,"column":4},"end":{"line":187,"column":4}}]},"24":{"line":204,"type":"if","locations":[{"start":{"line":204,"column":4},"end":{"line":204,"column":4}},{"start":{"line":204,"column":4},"end":{"line":204,"column":4}}]},"25":{"line":205,"type":"binary-expr","locations":[{"start":{"line":205,"column":6},"end":{"line":205,"column":12}},{"start":{"line":206,"column":6},"end":{"line":206,"column":59}}]},"26":{"line":206,"type":"cond-expr","locations":[{"start":{"line":206,"column":31},"end":{"line":206,"column":47}},{"start":{"line":206,"column":50},"end":{"line":206,"column":58}}]},"27":{"line":223,"type":"binary-expr","locations":[{"start":{"line":223,"column":18},"end":{"line":223,"column":33}},{"start":{"line":224,"column":19},"end":{"line":224,"column":49}},{"start":{"line":225,"column":18},"end":{"line":225,"column":50}}]},"28":{"line":226,"type":"cond-expr","locations":[{"start":{"line":226,"column":23},"end":{"line":226,"column":36}},{"start":{"line":226,"column":39},"end":{"line":226,"column":41}}]},"29":{"line":227,"type":"binary-expr","locations":[{"start":{"line":227,"column":16},"end":{"line":227,"column":23}},{"start":{"line":227,"column":27},"end":{"line":227,"column":36}}]},"30":{"line":230,"type":"if","locations":[{"start":{"line":230,"column":4},"end":{"line":230,"column":4}},{"start":{"line":230,"column":4},"end":{"line":230,"column":4}}]},"31":{"line":230,"type":"binary-expr","locations":[{"start":{"line":230,"column":8},"end":{"line":230,"column":15}},{"start":{"line":230,"column":19},"end":{"line":230,"column":45}}]},"32":{"line":231,"type":"if","locations":[{"start":{"line":231,"column":4},"end":{"line":231,"column":4}},{"start":{"line":231,"column":4},"end":{"line":231,"column":4}}]},"33":{"line":232,"type":"cond-expr","locations":[{"start":{"line":233,"column":6},"end":{"line":239,"column":7}},{"start":{"line":240,"column":7},"end":{"line":282,"column":9}}]},"34":{"line":234,"type":"if","locations":[{"start":{"line":234,"column":8},"end":{"line":234,"column":8}},{"start":{"line":234,"column":8},"end":{"line":234,"column":8}}]},"35":{"line":235,"type":"if","locations":[{"start":{"line":235,"column":10},"end":{"line":235,"column":10}},{"start":{"line":235,"column":10},"end":{"line":235,"column":10}}]},"36":{"line":237,"type":"if","locations":[{"start":{"line":237,"column":10},"end":{"line":237,"column":10}},{"start":{"line":237,"column":10},"end":{"line":237,"column":10}}]},"37":{"line":240,"type":"cond-expr","locations":[{"start":{"line":241,"column":8},"end":{"line":260,"column":9}},{"start":{"line":261,"column":8},"end":{"line":282,"column":9}}]},"38":{"line":242,"type":"if","locations":[{"start":{"line":242,"column":10},"end":{"line":242,"column":10}},{"start":{"line":242,"column":10},"end":{"line":242,"column":10}}]},"39":{"line":246,"type":"if","locations":[{"start":{"line":246,"column":12},"end":{"line":246,"column":12}},{"start":{"line":246,"column":12},"end":{"line":246,"column":12}}]},"40":{"line":250,"type":"if","locations":[{"start":{"line":250,"column":14},"end":{"line":250,"column":14}},{"start":{"line":250,"column":14},"end":{"line":250,"column":14}}]},"41":{"line":262,"type":"if","locations":[{"start":{"line":262,"column":10},"end":{"line":262,"column":10}},{"start":{"line":262,"column":10},"end":{"line":262,"column":10}}]},"42":{"line":266,"type":"if","locations":[{"start":{"line":266,"column":12},"end":{"line":266,"column":12}},{"start":{"line":266,"column":12},"end":{"line":266,"column":12}}]},"43":{"line":267,"type":"if","locations":[{"start":{"line":267,"column":14},"end":{"line":267,"column":14}},{"start":{"line":267,"column":14},"end":{"line":267,"column":14}}]},"44":{"line":268,"type":"if","locations":[{"start":{"line":268,"column":16},"end":{"line":268,"column":16}},{"start":{"line":268,"column":16},"end":{"line":268,"column":16}}]},"45":{"line":275,"type":"if","locations":[{"start":{"line":275,"column":16},"end":{"line":275,"column":16}},{"start":{"line":275,"column":16},"end":{"line":275,"column":16}}]},"46":{"line":292,"type":"switch","locations":[{"start":{"line":293,"column":8},"end":{"line":293,"column":22}},{"start":{"line":294,"column":8},"end":{"line":294,"column":22}},{"start":{"line":295,"column":8},"end":{"line":315,"column":16}},{"start":{"line":316,"column":8},"end":{"line":316,"column":22}},{"start":{"line":317,"column":8},"end":{"line":324,"column":11}},{"start":{"line":325,"column":8},"end":{"line":396,"column":16}}]},"47":{"line":296,"type":"if","locations":[{"start":{"line":296,"column":10},"end":{"line":296,"column":10}},{"start":{"line":296,"column":10},"end":{"line":296,"column":10}}]},"48":{"line":297,"type":"if","locations":[{"start":{"line":297,"column":12},"end":{"line":297,"column":12}},{"start":{"line":297,"column":12},"end":{"line":297,"column":12}}]},"49":{"line":301,"type":"if","locations":[{"start":{"line":301,"column":17},"end":{"line":301,"column":17}},{"start":{"line":301,"column":17},"end":{"line":301,"column":17}}]},"50":{"line":302,"type":"binary-expr","locations":[{"start":{"line":302,"column":12},"end":{"line":302,"column":35}},{"start":{"line":303,"column":12},"end":{"line":303,"column":48}}]},"51":{"line":305,"type":"if","locations":[{"start":{"line":305,"column":12},"end":{"line":305,"column":12}},{"start":{"line":305,"column":12},"end":{"line":305,"column":12}}]},"52":{"line":318,"type":"if","locations":[{"start":{"line":318,"column":10},"end":{"line":318,"column":10}},{"start":{"line":318,"column":10},"end":{"line":318,"column":10}}]},"53":{"line":322,"type":"if","locations":[{"start":{"line":322,"column":17},"end":{"line":322,"column":17}},{"start":{"line":322,"column":17},"end":{"line":322,"column":17}}]},"54":{"line":327,"type":"if","locations":[{"start":{"line":327,"column":10},"end":{"line":327,"column":10}},{"start":{"line":327,"column":10},"end":{"line":327,"column":10}}]},"55":{"line":329,"type":"if","locations":[{"start":{"line":329,"column":12},"end":{"line":329,"column":12}},{"start":{"line":329,"column":12},"end":{"line":329,"column":12}}]},"56":{"line":329,"type":"binary-expr","locations":[{"start":{"line":329,"column":16},"end":{"line":329,"column":28}},{"start":{"line":329,"column":32},"end":{"line":329,"column":44}}]},"57":{"line":333,"type":"switch","locations":[{"start":{"line":334,"column":16},"end":{"line":334,"column":30}},{"start":{"line":335,"column":16},"end":{"line":335,"column":30}},{"start":{"line":336,"column":16},"end":{"line":338,"column":24}},{"start":{"line":339,"column":16},"end":{"line":352,"column":19}},{"start":{"line":353,"column":16},"end":{"line":360,"column":24}}]},"58":{"line":340,"type":"if","locations":[{"start":{"line":340,"column":18},"end":{"line":340,"column":18}},{"start":{"line":340,"column":18},"end":{"line":340,"column":18}}]},"59":{"line":343,"type":"if","locations":[{"start":{"line":343,"column":18},"end":{"line":343,"column":18}},{"start":{"line":343,"column":18},"end":{"line":343,"column":18}}]},"60":{"line":348,"type":"if","locations":[{"start":{"line":348,"column":22},"end":{"line":348,"column":22}},{"start":{"line":348,"column":22},"end":{"line":348,"column":22}}]},"61":{"line":354,"type":"if","locations":[{"start":{"line":354,"column":18},"end":{"line":354,"column":18}},{"start":{"line":354,"column":18},"end":{"line":354,"column":18}}]},"62":{"line":356,"type":"if","locations":[{"start":{"line":356,"column":20},"end":{"line":356,"column":20}},{"start":{"line":356,"column":20},"end":{"line":356,"column":20}}]},"63":{"line":363,"type":"if","locations":[{"start":{"line":363,"column":17},"end":{"line":363,"column":17}},{"start":{"line":363,"column":17},"end":{"line":363,"column":17}}]},"64":{"line":364,"type":"if","locations":[{"start":{"line":364,"column":12},"end":{"line":364,"column":12}},{"start":{"line":364,"column":12},"end":{"line":364,"column":12}}]},"65":{"line":368,"type":"cond-expr","locations":[{"start":{"line":369,"column":16},"end":{"line":369,"column":44}},{"start":{"line":370,"column":16},"end":{"line":370,"column":23}}]},"66":{"line":372,"type":"if","locations":[{"start":{"line":372,"column":17},"end":{"line":372,"column":17}},{"start":{"line":372,"column":17},"end":{"line":372,"column":17}}]},"67":{"line":374,"type":"if","locations":[{"start":{"line":374,"column":17},"end":{"line":374,"column":17}},{"start":{"line":374,"column":17},"end":{"line":374,"column":17}}]},"68":{"line":376,"type":"if","locations":[{"start":{"line":376,"column":17},"end":{"line":376,"column":17}},{"start":{"line":376,"column":17},"end":{"line":376,"column":17}}]},"69":{"line":378,"type":"if","locations":[{"start":{"line":378,"column":17},"end":{"line":378,"column":17}},{"start":{"line":378,"column":17},"end":{"line":378,"column":17}}]},"70":{"line":380,"type":"if","locations":[{"start":{"line":380,"column":17},"end":{"line":380,"column":17}},{"start":{"line":380,"column":17},"end":{"line":380,"column":17}}]},"71":{"line":384,"type":"if","locations":[{"start":{"line":384,"column":12},"end":{"line":384,"column":12}},{"start":{"line":384,"column":12},"end":{"line":384,"column":12}}]},"72":{"line":391,"type":"if","locations":[{"start":{"line":391,"column":17},"end":{"line":391,"column":17}},{"start":{"line":391,"column":17},"end":{"line":391,"column":17}}]},"73":{"line":416,"type":"if","locations":[{"start":{"line":416,"column":6},"end":{"line":416,"column":6}},{"start":{"line":416,"column":6},"end":{"line":416,"column":6}}]},"74":{"line":440,"type":"switch","locations":[{"start":{"line":441,"column":8},"end":{"line":444,"column":16}},{"start":{"line":445,"column":8},"end":{"line":458,"column":16}},{"start":{"line":459,"column":8},"end":{"line":467,"column":16}}]},"75":{"line":446,"type":"if","locations":[{"start":{"line":446,"column":10},"end":{"line":446,"column":10}},{"start":{"line":446,"column":10},"end":{"line":446,"column":10}}]},"76":{"line":448,"type":"if","locations":[{"start":{"line":448,"column":12},"end":{"line":448,"column":12}},{"start":{"line":448,"column":12},"end":{"line":448,"column":12}}]},"77":{"line":448,"type":"binary-expr","locations":[{"start":{"line":448,"column":16},"end":{"line":448,"column":28}},{"start":{"line":449,"column":14},"end":{"line":449,"column":42}},{"start":{"line":450,"column":14},"end":{"line":450,"column":38}}]},"78":{"line":460,"type":"if","locations":[{"start":{"line":460,"column":10},"end":{"line":460,"column":10}},{"start":{"line":460,"column":10},"end":{"line":460,"column":10}}]},"79":{"line":461,"type":"binary-expr","locations":[{"start":{"line":461,"column":12},"end":{"line":461,"column":52}},{"start":{"line":462,"column":12},"end":{"line":462,"column":49}}]},"80":{"line":480,"type":"binary-expr","locations":[{"start":{"line":480,"column":11},"end":{"line":480,"column":40}},{"start":{"line":481,"column":12},"end":{"line":481,"column":54}},{"start":{"line":482,"column":12},"end":{"line":482,"column":38}}]},"81":{"line":531,"type":"if","locations":[{"start":{"line":531,"column":6},"end":{"line":531,"column":6}},{"start":{"line":531,"column":6},"end":{"line":531,"column":6}}]},"82":{"line":532,"type":"binary-expr","locations":[{"start":{"line":532,"column":8},"end":{"line":532,"column":39}},{"start":{"line":533,"column":8},"end":{"line":533,"column":49}}]},"83":{"line":538,"type":"cond-expr","locations":[{"start":{"line":538,"column":34},"end":{"line":538,"column":44}},{"start":{"line":538,"column":47},"end":{"line":538,"column":54}}]},"84":{"line":550,"type":"cond-expr","locations":[{"start":{"line":551,"column":8},"end":{"line":551,"column":25}},{"start":{"line":552,"column":8},"end":{"line":552,"column":26}}]},"85":{"line":563,"type":"if","locations":[{"start":{"line":563,"column":4},"end":{"line":563,"column":4}},{"start":{"line":563,"column":4},"end":{"line":563,"column":4}}]},"86":{"line":574,"type":"if","locations":[{"start":{"line":574,"column":4},"end":{"line":574,"column":4}},{"start":{"line":574,"column":4},"end":{"line":574,"column":4}}]},"87":{"line":583,"type":"if","locations":[{"start":{"line":583,"column":6},"end":{"line":583,"column":6}},{"start":{"line":583,"column":6},"end":{"line":583,"column":6}}]},"88":{"line":596,"type":"if","locations":[{"start":{"line":596,"column":4},"end":{"line":596,"column":4}},{"start":{"line":596,"column":4},"end":{"line":596,"column":4}}]},"89":{"line":596,"type":"binary-expr","locations":[{"start":{"line":596,"column":8},"end":{"line":596,"column":10}},{"start":{"line":596,"column":14},"end":{"line":596,"column":16}}]},"90":{"line":618,"type":"binary-expr","locations":[{"start":{"line":618,"column":13},"end":{"line":618,"column":31}},{"start":{"line":618,"column":35},"end":{"line":618,"column":65}}]},"91":{"line":619,"type":"binary-expr","locations":[{"start":{"line":619,"column":11},"end":{"line":619,"column":13}},{"start":{"line":619,"column":17},"end":{"line":619,"column":52}}]},"92":{"line":626,"type":"if","locations":[{"start":{"line":626,"column":4},"end":{"line":626,"column":4}},{"start":{"line":626,"column":4},"end":{"line":626,"column":4}}]},"93":{"line":626,"type":"binary-expr","locations":[{"start":{"line":626,"column":8},"end":{"line":626,"column":14}},{"start":{"line":626,"column":18},"end":{"line":626,"column":41}}]},"94":{"line":628,"type":"if","locations":[{"start":{"line":628,"column":6},"end":{"line":628,"column":6}},{"start":{"line":628,"column":6},"end":{"line":628,"column":6}}]},"95":{"line":630,"type":"binary-expr","locations":[{"start":{"line":630,"column":11},"end":{"line":630,"column":17}},{"start":{"line":630,"column":21},"end":{"line":630,"column":33}}]},"96":{"line":641,"type":"if","locations":[{"start":{"line":641,"column":4},"end":{"line":641,"column":4}},{"start":{"line":641,"column":4},"end":{"line":641,"column":4}}]},"97":{"line":643,"type":"if","locations":[{"start":{"line":643,"column":11},"end":{"line":643,"column":11}},{"start":{"line":643,"column":11},"end":{"line":643,"column":11}}]},"98":{"line":645,"type":"if","locations":[{"start":{"line":645,"column":11},"end":{"line":645,"column":11}},{"start":{"line":645,"column":11},"end":{"line":645,"column":11}}]},"99":{"line":655,"type":"if","locations":[{"start":{"line":655,"column":6},"end":{"line":655,"column":6}},{"start":{"line":655,"column":6},"end":{"line":655,"column":6}}]},"100":{"line":668,"type":"binary-expr","locations":[{"start":{"line":668,"column":11},"end":{"line":668,"column":24}},{"start":{"line":668,"column":28},"end":{"line":668,"column":43}}]},"101":{"line":675,"type":"binary-expr","locations":[{"start":{"line":675,"column":7},"end":{"line":675,"column":51}},{"start":{"line":676,"column":6},"end":{"line":676,"column":33}},{"start":{"line":677,"column":6},"end":{"line":677,"column":44}}]},"102":{"line":692,"type":"switch","locations":[{"start":{"line":693,"column":6},"end":{"line":695,"column":14}},{"start":{"line":696,"column":6},"end":{"line":698,"column":14}},{"start":{"line":699,"column":6},"end":{"line":701,"column":14}}]},"103":{"line":710,"type":"if","locations":[{"start":{"line":710,"column":4},"end":{"line":710,"column":4}},{"start":{"line":710,"column":4},"end":{"line":710,"column":4}}]},"104":{"line":731,"type":"cond-expr","locations":[{"start":{"line":732,"column":6},"end":{"line":742,"column":7}},{"start":{"line":743,"column":6},"end":{"line":743,"column":13}}]},"105":{"line":746,"type":"cond-expr","locations":[{"start":{"line":747,"column":6},"end":{"line":760,"column":7}},{"start":{"line":761,"column":6},"end":{"line":761,"column":9}}]},"106":{"line":766,"type":"binary-expr","locations":[{"start":{"line":766,"column":16},"end":{"line":766,"column":29}},{"start":{"line":767,"column":17},"end":{"line":775,"column":19}}]},"107":{"line":778,"type":"binary-expr","locations":[{"start":{"line":778,"column":13},"end":{"line":778,"column":25}},{"start":{"line":779,"column":14},"end":{"line":779,"column":68}}]},"108":{"line":793,"type":"if","locations":[{"start":{"line":793,"column":2},"end":{"line":793,"column":2}},{"start":{"line":793,"column":2},"end":{"line":793,"column":2}}]},"109":{"line":797,"type":"binary-expr","locations":[{"start":{"line":797,"column":13},"end":{"line":797,"column":33}},{"start":{"line":798,"column":13},"end":{"line":798,"column":44}}]},"110":{"line":803,"type":"cond-expr","locations":[{"start":{"line":804,"column":6},"end":{"line":806,"column":7}},{"start":{"line":807,"column":6},"end":{"line":815,"column":7}}]},"111":{"line":818,"type":"cond-expr","locations":[{"start":{"line":819,"column":6},"end":{"line":832,"column":7}},{"start":{"line":833,"column":6},"end":{"line":833,"column":47}}]},"112":{"line":818,"type":"binary-expr","locations":[{"start":{"line":818,"column":20},"end":{"line":818,"column":22}},{"start":{"line":818,"column":26},"end":{"line":818,"column":28}}]},"113":{"line":828,"type":"if","locations":[{"start":{"line":828,"column":10},"end":{"line":828,"column":10}},{"start":{"line":828,"column":10},"end":{"line":828,"column":10}}]},"114":{"line":837,"type":"cond-expr","locations":[{"start":{"line":838,"column":6},"end":{"line":851,"column":7}},{"start":{"line":852,"column":6},"end":{"line":857,"column":7}}]},"115":{"line":837,"type":"binary-expr","locations":[{"start":{"line":837,"column":16},"end":{"line":837,"column":18}},{"start":{"line":837,"column":22},"end":{"line":837,"column":24}}]},"116":{"line":841,"type":"switch","locations":[{"start":{"line":842,"column":12},"end":{"line":844,"column":20}},{"start":{"line":845,"column":12},"end":{"line":847,"column":20}}]},"117":{"line":867,"type":"binary-expr","locations":[{"start":{"line":867,"column":17},"end":{"line":867,"column":19}},{"start":{"line":867,"column":23},"end":{"line":867,"column":26}}]},"118":{"line":867,"type":"binary-expr","locations":[{"start":{"line":867,"column":37},"end":{"line":867,"column":39}},{"start":{"line":867,"column":43},"end":{"line":867,"column":46}}]},"119":{"line":884,"type":"cond-expr","locations":[{"start":{"line":885,"column":6},"end":{"line":895,"column":7}},{"start":{"line":896,"column":6},"end":{"line":898,"column":7}}]},"120":{"line":922,"type":"switch","locations":[{"start":{"line":923,"column":6},"end":{"line":923,"column":24}},{"start":{"line":924,"column":6},"end":{"line":926,"column":14}},{"start":{"line":927,"column":6},"end":{"line":933,"column":14}},{"start":{"line":934,"column":6},"end":{"line":934,"column":26}},{"start":{"line":935,"column":6},"end":{"line":938,"column":14}}]},"121":{"line":963,"type":"if","locations":[{"start":{"line":963,"column":6},"end":{"line":963,"column":6}},{"start":{"line":963,"column":6},"end":{"line":963,"column":6}}]},"122":{"line":983,"type":"if","locations":[{"start":{"line":983,"column":4},"end":{"line":983,"column":4}},{"start":{"line":983,"column":4},"end":{"line":983,"column":4}}]},"123":{"line":985,"type":"binary-expr","locations":[{"start":{"line":985,"column":16},"end":{"line":985,"column":39}},{"start":{"line":986,"column":16},"end":{"line":986,"column":51}}]},"124":{"line":1003,"type":"cond-expr","locations":[{"start":{"line":1004,"column":8},"end":{"line":1004,"column":54}},{"start":{"line":1005,"column":8},"end":{"line":1005,"column":16}}]},"125":{"line":1010,"type":"if","locations":[{"start":{"line":1010,"column":6},"end":{"line":1010,"column":6}},{"start":{"line":1010,"column":6},"end":{"line":1010,"column":6}}]},"126":{"line":1012,"type":"if","locations":[{"start":{"line":1012,"column":8},"end":{"line":1012,"column":8}},{"start":{"line":1012,"column":8},"end":{"line":1012,"column":8}}]},"127":{"line":1021,"type":"if","locations":[{"start":{"line":1021,"column":6},"end":{"line":1021,"column":6}},{"start":{"line":1021,"column":6},"end":{"line":1021,"column":6}}]},"128":{"line":1022,"type":"if","locations":[{"start":{"line":1022,"column":6},"end":{"line":1022,"column":6}},{"start":{"line":1022,"column":6},"end":{"line":1022,"column":6}}]},"129":{"line":1037,"type":"if","locations":[{"start":{"line":1037,"column":4},"end":{"line":1037,"column":4}},{"start":{"line":1037,"column":4},"end":{"line":1037,"column":4}}]},"130":{"line":1039,"type":"binary-expr","locations":[{"start":{"line":1039,"column":13},"end":{"line":1039,"column":29}},{"start":{"line":1039,"column":33},"end":{"line":1039,"column":39}}]},"131":{"line":1041,"type":"if","locations":[{"start":{"line":1041,"column":4},"end":{"line":1041,"column":4}},{"start":{"line":1041,"column":4},"end":{"line":1041,"column":4}}]},"132":{"line":1045,"type":"binary-expr","locations":[{"start":{"line":1045,"column":11},"end":{"line":1045,"column":19}},{"start":{"line":1045,"column":24},"end":{"line":1045,"column":52}}]}}}}