TN:
SF:/home/webreflection/code/hyperHTML/hyperhtml.js
FN:1,(anonymous_1)
FN:16,hyper
FN:38,bind
FN:41,define
FN:46,escape
FN:53,wire
FN:67,Component
FN:68,addRender
FN:75,(anonymous_9)
FN:79,(anonymous_10)
FN:83,(anonymous_11)
FN:87,(anonymous_12)
FN:90,(anonymous_13)
FN:93,(anonymous_14)
FN:98,(anonymous_15)
FN:141,indexOfDifferences
FN:157,populateNode
FN:179,removeNodeList
FN:188,resetAndPopulate
FN:194,updateViaArray
FN:211,render
FN:228,setAttribute
FN:242,eventAttr
FN:250,specialAttr
FN:270,normalAttr
FN:297,setVirtualContent
FN:300,anyVirtual
FN:415,attributesSeeker
FN:441,hyperSeeker
FN:495,(anonymous_30)
FN:520,fnEscape
FN:525,asHTML
FN:530,createContent
FN:551,createDocumentFragment
FN:557,createFragment
FN:566,createHTMLFragment
FN:602,createSVGFragment
FN:618,createText
FN:625,getCEClass
FN:633,isSpecialAttribute
FN:643,emptyFragment
FN:648,invokeAtDistance
FN:662,invokeTransformer
FN:671,isNode_ish
FN:676,isPromise_ish
FN:682,noContent
FN:692,removeAttributeList
FN:699,setContent
FN:717,updateVirtualNodes
FN:731,Path
FN:741,(anonymous_51)
FN:743,(anonymous_52)
FN:744,(anonymous_53)
FN:756,(anonymous_54)
FN:759,(anonymous_55)
FN:765,(anonymous_56)
FN:776,(anonymous_57)
FN:781,(anonymous_58)
FN:788,(anonymous_59)
FN:804,(anonymous_60)
FN:813,(anonymous_61)
FN:816,appendNodes
FN:828,(anonymous_63)
FN:842,(anonymous_64)
FN:847,(anonymous_65)
FN:861,(anonymous_66)
FN:871,(anonymous_67)
FN:875,(anonymous_68)
FN:890,(anonymous_69)
FN:894,(anonymous_70)
FN:905,(anonymous_71)
FN:916,createTemplate
FN:928,createPath
FN:962,createUpdates
FN:983,update
FN:991,upgrade
FN:1007,wireContent
FN:1010,before
FN:1018,after
FN:1029,update
FN:1042,wireWeakly
FNF:81
FNH:81
FNDA:2,(anonymous_1)
FNDA:20,hyper
FNDA:200,bind
FNDA:2,define
FNDA:2,escape
FNDA:48,wire
FNDA:6,Component
FNDA:6,addRender
FNDA:8,(anonymous_9)
FNDA:4,(anonymous_10)
FNDA:2,(anonymous_11)
FNDA:4,(anonymous_12)
FNDA:18,(anonymous_13)
FNDA:4,(anonymous_14)
FNDA:4,(anonymous_15)
FNDA:34,indexOfDifferences
FNDA:16,populateNode
FNDA:66,removeNodeList
FNDA:144,resetAndPopulate
FNDA:14,updateViaArray
FNDA:236,render
FNDA:38,setAttribute
FNDA:24,eventAttr
FNDA:20,specialAttr
FNDA:40,normalAttr
FNDA:70,setVirtualContent
FNDA:214,anyVirtual
FNDA:86,attributesSeeker
FNDA:176,hyperSeeker
FNDA:2,(anonymous_30)
FNDA:4,fnEscape
FNDA:2,asHTML
FNDA:50,createContent
FNDA:121,createDocumentFragment
FNDA:98,createFragment
FNDA:96,createHTMLFragment
FNDA:2,createSVGFragment
FNDA:38,createText
FNDA:4,getCEClass
FNDA:36,isSpecialAttribute
FNDA:22,emptyFragment
FNDA:10,invokeAtDistance
FNDA:10,invokeTransformer
FNDA:74,isNode_ish
FNDA:80,isPromise_ish
FNDA:34,noContent
FNDA:122,removeAttributeList
FNDA:108,setContent
FNDA:10,updateVirtualNodes
FNDA:82,Path
FNDA:2,(anonymous_51)
FNDA:134,(anonymous_52)
FNDA:69,(anonymous_53)
FNDA:1,(anonymous_54)
FNDA:61,(anonymous_55)
FNDA:45,(anonymous_56)
FNDA:1,(anonymous_57)
FNDA:74,(anonymous_58)
FNDA:27,(anonymous_59)
FNDA:170,(anonymous_60)
FNDA:60,(anonymous_61)
FNDA:15,appendNodes
FNDA:69,(anonymous_63)
FNDA:31,(anonymous_64)
FNDA:54,(anonymous_65)
FNDA:54,(anonymous_66)
FNDA:30,(anonymous_67)
FNDA:38,(anonymous_68)
FNDA:2,(anonymous_69)
FNDA:203,(anonymous_70)
FNDA:61,(anonymous_71)
FNDA:90,createTemplate
FNDA:82,createPath
FNDA:122,createUpdates
FNDA:236,update
FNDA:122,upgrade
FNDA:50,wireContent
FNDA:50,before
FNDA:74,after
FNDA:74,update
FNDA:32,wireWeakly
DA:1,2
DA:11,2
DA:14,2
DA:16,1
DA:17,20
DA:37,2
DA:38,200
DA:41,2
DA:42,2
DA:46,2
DA:47,2
DA:52,2
DA:53,1
DA:54,48
DA:66,2
DA:67,1
DA:68,1
DA:69,6
DA:71,2
DA:76,8
DA:80,4
DA:84,2
DA:87,4
DA:91,18
DA:94,4
DA:99,4
DA:100,4
DA:101,8
DA:102,4
DA:103,4
DA:120,2
DA:121,2
DA:122,2
DA:123,2
DA:124,2
DA:127,2
DA:128,2
DA:130,2
DA:131,2
DA:132,2
DA:133,2
DA:141,1
DA:142,34
DA:147,34
DA:148,26
DA:149,10
DA:151,24
DA:157,1
DA:158,16
DA:160,8
DA:161,8
DA:162,2
DA:163,2
DA:165,6
DA:166,6
DA:168,6
DA:169,4
DA:171,6
DA:173,2
DA:174,2
DA:179,1
DA:180,66
DA:181,66
DA:182,22
DA:183,22
DA:188,1
DA:189,144
DA:190,144
DA:194,1
DA:195,14
DA:196,14
DA:197,2
DA:198,2
DA:199,2
DA:201,12
DA:202,12
DA:211,1
DA:212,236
DA:213,236
DA:217,122
DA:218,122
DA:220,236
DA:221,236
DA:228,1
DA:229,38
DA:239,38
DA:240,38
DA:241,38
DA:243,24
DA:244,14
DA:245,14
DA:246,14
DA:251,20
DA:252,16
DA:255,16
DA:259,14
DA:262,4
DA:263,4
DA:265,10
DA:271,40
DA:272,30
DA:275,30
DA:276,28
DA:277,4
DA:279,2
DA:280,2
DA:283,24
DA:284,24
DA:285,2
DA:286,2
DA:297,1
DA:298,70
DA:299,70
DA:300,70
DA:301,214
DA:305,86
DA:306,32
DA:307,30
DA:308,30
DA:310,54
DA:314,20
DA:315,8
DA:316,8
DA:319,34
DA:320,34
DA:321,34
DA:322,34
DA:324,86
DA:327,128
DA:328,6
DA:329,6
DA:330,6
DA:331,122
DA:332,2
DA:335,122
DA:336,122
DA:337,48
DA:338,48
DA:339,2
DA:340,2
DA:342,46
DA:346,18
DA:347,18
DA:349,26
DA:350,8
DA:352,26
DA:353,4
DA:354,4
DA:356,22
DA:357,52
DA:358,4
DA:363,24
DA:364,18
DA:365,18
DA:367,6
DA:369,24
DA:372,74
DA:373,20
DA:374,4
DA:381,54
DA:382,4
DA:383,50
DA:384,10
DA:385,40
DA:386,4
DA:387,36
DA:388,4
DA:389,32
DA:390,22
DA:393,22
DA:395,8
DA:396,8
DA:397,8
DA:398,8
DA:400,10
DA:401,4
DA:403,6
DA:405,122
DA:415,1
DA:416,86
DA:424,44
DA:425,44
DA:426,38
DA:427,38
DA:441,1
DA:442,176
DA:448,218
DA:449,218
DA:451,86
DA:452,86
DA:453,86
DA:455,44
DA:456,42
DA:457,42
DA:461,12
DA:462,12
DA:464,30
DA:467,44
DA:469,88
DA:473,2
DA:474,2
DA:476,88
DA:484,2
DA:489,2
DA:495,2
DA:496,2
DA:497,2
DA:498,2
DA:503,2
DA:510,2
DA:513,2
DA:520,1
DA:521,4
DA:525,1
DA:526,2
DA:530,1
DA:531,50
DA:539,76
DA:540,76
DA:544,54
DA:547,50
DA:551,1
DA:552,121
DA:557,1
DA:558,98
DA:566,1
DA:567,96
DA:568,96
DA:569,96
DA:570,96
DA:571,96
DA:572,96
DA:574,45
DA:581,45
DA:583,96
DA:587,1
DA:588,1
DA:589,1
DA:591,95
DA:592,95
DA:593,51
DA:595,44
DA:598,96
DA:602,1
DA:603,2
DA:604,2
DA:605,2
DA:606,1
DA:607,1
DA:608,1
DA:610,1
DA:611,1
DA:612,1
DA:614,2
DA:618,1
DA:619,38
DA:625,1
DA:626,4
DA:627,4
DA:628,4
DA:633,1
DA:634,36
DA:635,36
DA:636,4
DA:637,4
DA:639,36
DA:643,1
DA:644,22
DA:648,1
DA:649,10
DA:650,10
DA:651,2
DA:652,8
DA:653,2
DA:654,6
DA:655,2
DA:657,4
DA:662,1
DA:663,10
DA:664,10
DA:665,8
DA:671,1
DA:672,74
DA:676,1
DA:677,80
DA:682,1
DA:683,34
DA:688,34
DA:692,1
DA:693,122
DA:694,20
DA:699,1
DA:700,108
DA:701,108
DA:703,30
DA:704,30
DA:706,38
DA:707,38
DA:709,40
DA:710,40
DA:712,108
DA:717,1
DA:718,10
DA:719,10
DA:720,8
DA:721,8
DA:722,8
DA:723,8
DA:724,8
DA:725,8
DA:726,8
DA:731,1
DA:732,82
DA:740,2
DA:742,2
DA:743,134
DA:745,69
DA:755,2
DA:757,1
DA:758,1
DA:760,61
DA:766,45
DA:775,2
DA:777,1
DA:780,1
DA:781,1
DA:782,74
DA:787,2
DA:788,27
DA:795,2
DA:798,2
DA:801,2
DA:802,2
DA:803,1
DA:804,1
DA:805,170
DA:806,170
DA:812,2
DA:814,60
DA:817,15
DA:822,24
DA:827,2
DA:829,69
DA:836,128
DA:837,128
DA:838,84
DA:840,69
DA:842,31
DA:846,2
DA:848,54
DA:849,77
DA:850,77
DA:852,38
DA:853,38
DA:855,39
DA:856,39
DA:859,54
DA:862,54
DA:863,77
DA:865,54
DA:869,2
DA:870,2
DA:871,2
DA:872,30
DA:875,2
DA:876,38
DA:880,2
DA:883,2
DA:886,2
DA:890,2
DA:891,2
DA:892,2
DA:893,2
DA:895,203
DA:901,142
DA:903,203
DA:906,61
DA:916,1
DA:917,90
DA:918,90
DA:919,90
DA:920,90
DA:921,90
DA:922,90
DA:928,1
DA:929,82
DA:930,82
DA:931,82
DA:934,14
DA:935,14
DA:937,30
DA:938,30
DA:942,30
DA:945,38
DA:946,38
DA:947,38
DA:949,82
DA:954,62
DA:956,82
DA:962,1
DA:963,122
DA:970,108
DA:971,108
DA:972,108
DA:973,10
DA:974,10
DA:976,108
DA:978,122
DA:979,122
DA:983,1
DA:984,236
DA:985,228
DA:991,1
DA:992,122
DA:993,122
DA:994,122
DA:996,122
DA:997,122
DA:998,122
DA:999,122
DA:1007,1
DA:1008,50
DA:1010,1
DA:1011,50
DA:1012,50
DA:1015,50
DA:1018,1
DA:1019,74
DA:1020,50
DA:1021,50
DA:1022,6
DA:1024,50
DA:1026,74
DA:1029,50
DA:1030,74
DA:1031,74
DA:1032,50
DA:1033,50
DA:1034,50
DA:1036,74
DA:1037,74
DA:1042,1
DA:1043,32
DA:1044,32
DA:1045,32
DA:1046,32
DA:1047,12
DA:1048,12
DA:1050,32
DA:1051,16
DA:1052,16
DA:1054,32
DA:1060,2
DA:1065,2
LF:454
LH:454
BRDA:17,1,0,14
BRDA:17,1,1,6
BRDA:18,2,0,2
BRDA:18,2,1,12
BRDA:20,3,0,2
BRDA:20,3,1,10
BRDA:22,4,0,2
BRDA:22,4,1,8
BRDA:24,5,0,4
BRDA:24,5,1,4
BRDA:30,6,0,2
BRDA:30,6,1,4
BRDA:54,7,0,14
BRDA:54,7,1,34
BRDA:56,8,0,6
BRDA:56,8,1,28
BRDA:57,9,0,6
BRDA:57,9,1,2
BRDA:58,10,0,28
BRDA:58,10,1,16
BRDA:76,11,0,8
BRDA:76,11,1,4
BRDA:80,12,0,4
BRDA:80,12,1,2
BRDA:84,13,0,2
BRDA:84,13,1,2
BRDA:84,14,0,2
BRDA:84,14,1,2
BRDA:91,15,0,18
BRDA:91,15,1,4
BRDA:100,16,0,2
BRDA:100,16,1,2
BRDA:148,17,0,16
BRDA:148,17,1,10
BRDA:148,18,0,26
BRDA:148,18,1,20
BRDA:151,19,0,8
BRDA:151,19,1,16
BRDA:158,20,0,8
BRDA:158,20,1,6
BRDA:158,20,2,2
BRDA:161,21,0,2
BRDA:161,21,1,6
BRDA:168,22,0,4
BRDA:168,22,1,2
BRDA:196,23,0,2
BRDA:196,23,1,12
BRDA:213,24,0,122
BRDA:213,24,1,114
BRDA:214,25,0,236
BRDA:214,25,1,144
BRDA:215,26,0,72
BRDA:215,26,1,72
BRDA:232,27,0,38
BRDA:232,27,1,36
BRDA:232,27,2,16
BRDA:235,28,0,10
BRDA:235,28,1,28
BRDA:236,29,0,38
BRDA:236,29,1,28
BRDA:239,30,0,8
BRDA:239,30,1,30
BRDA:239,31,0,38
BRDA:239,31,1,10
BRDA:240,32,0,20
BRDA:240,32,1,18
BRDA:241,33,0,10
BRDA:241,33,1,28
BRDA:243,34,0,14
BRDA:243,34,1,10
BRDA:244,35,0,4
BRDA:244,35,1,10
BRDA:246,36,0,12
BRDA:246,36,1,2
BRDA:249,37,0,10
BRDA:249,37,1,18
BRDA:251,38,0,16
BRDA:251,38,1,4
BRDA:255,39,0,14
BRDA:255,39,1,2
BRDA:259,40,0,4
BRDA:259,40,1,10
BRDA:271,41,0,30
BRDA:271,41,1,10
BRDA:275,42,0,28
BRDA:275,42,1,2
BRDA:276,43,0,4
BRDA:276,43,1,24
BRDA:277,44,0,2
BRDA:277,44,1,2
BRDA:284,45,0,2
BRDA:284,45,1,22
BRDA:301,46,0,76
BRDA:301,46,1,84
BRDA:301,46,2,86
BRDA:301,46,3,124
BRDA:301,46,4,128
BRDA:301,46,5,122
BRDA:305,47,0,32
BRDA:305,47,1,54
BRDA:306,48,0,30
BRDA:306,48,1,2
BRDA:310,49,0,20
BRDA:310,49,1,34
BRDA:311,50,0,54
BRDA:311,50,1,22
BRDA:314,51,0,8
BRDA:314,51,1,12
BRDA:327,52,0,6
BRDA:327,52,1,122
BRDA:331,53,0,2
BRDA:331,53,1,120
BRDA:336,54,0,48
BRDA:336,54,1,74
BRDA:338,55,0,2
BRDA:338,55,1,46
BRDA:338,56,0,48
BRDA:338,56,1,4
BRDA:342,57,0,10
BRDA:342,57,1,18
BRDA:342,57,2,18
BRDA:342,57,3,26
BRDA:342,57,4,24
BRDA:349,58,0,8
BRDA:349,58,1,18
BRDA:352,59,0,4
BRDA:352,59,1,22
BRDA:357,60,0,4
BRDA:357,60,1,48
BRDA:363,61,0,18
BRDA:363,61,1,6
BRDA:365,62,0,14
BRDA:365,62,1,4
BRDA:372,63,0,20
BRDA:372,63,1,54
BRDA:373,64,0,16
BRDA:373,64,1,4
BRDA:377,65,0,2
BRDA:377,65,1,2
BRDA:381,66,0,4
BRDA:381,66,1,50
BRDA:383,67,0,10
BRDA:383,67,1,40
BRDA:385,68,0,4
BRDA:385,68,1,36
BRDA:387,69,0,4
BRDA:387,69,1,32
BRDA:389,70,0,22
BRDA:389,70,1,10
BRDA:393,71,0,14
BRDA:393,71,1,8
BRDA:400,72,0,4
BRDA:400,72,1,6
BRDA:425,73,0,38
BRDA:425,73,1,6
BRDA:449,74,0,86
BRDA:449,74,1,44
BRDA:449,74,2,88
BRDA:455,75,0,42
BRDA:455,75,1,2
BRDA:457,76,0,12
BRDA:457,76,1,30
BRDA:457,77,0,42
BRDA:457,77,1,30
BRDA:457,77,2,4
BRDA:469,78,0,2
BRDA:469,78,1,86
BRDA:470,79,0,88
BRDA:470,79,1,2
BRDA:489,80,0,2
BRDA:489,80,1,1
BRDA:489,80,2,1
BRDA:540,81,0,54
BRDA:540,81,1,22
BRDA:541,82,0,76
BRDA:541,82,1,36
BRDA:547,83,0,42
BRDA:547,83,1,8
BRDA:559,84,0,2
BRDA:559,84,1,96
BRDA:572,85,0,45
BRDA:572,85,1,51
BRDA:583,86,0,1
BRDA:583,86,1,95
BRDA:592,87,0,51
BRDA:592,87,1,44
BRDA:605,88,0,1
BRDA:605,88,1,1
BRDA:605,89,0,2
BRDA:605,89,1,1
BRDA:627,90,0,4
BRDA:627,90,1,4
BRDA:628,91,0,4
BRDA:628,91,1,4
BRDA:635,92,0,4
BRDA:635,92,1,32
BRDA:635,93,0,36
BRDA:635,93,1,36
BRDA:637,94,0,2
BRDA:637,94,1,2
BRDA:639,95,0,36
BRDA:639,95,1,36
BRDA:650,96,0,2
BRDA:650,96,1,8
BRDA:652,97,0,2
BRDA:652,97,1,6
BRDA:654,98,0,2
BRDA:654,98,1,4
BRDA:664,99,0,8
BRDA:664,99,1,2
BRDA:677,100,0,80
BRDA:677,100,1,80
BRDA:684,101,0,34
BRDA:684,101,1,30
BRDA:684,101,2,16
BRDA:701,102,0,30
BRDA:701,102,1,38
BRDA:701,102,2,40
BRDA:719,103,0,8
BRDA:719,103,1,2
BRDA:740,104,0,1
BRDA:740,104,1,1
BRDA:755,105,0,1
BRDA:755,105,1,1
BRDA:775,106,0,2
BRDA:775,106,1,1
BRDA:787,107,0,2
BRDA:787,107,1,1
BRDA:802,108,0,1
BRDA:802,108,1,1
BRDA:806,109,0,170
BRDA:806,109,1,45
BRDA:812,110,0,1
BRDA:812,110,1,1
BRDA:827,111,0,1
BRDA:827,111,1,1
BRDA:827,112,0,2
BRDA:827,112,1,1
BRDA:837,113,0,84
BRDA:837,113,1,44
BRDA:846,114,0,1
BRDA:846,114,1,1
BRDA:846,115,0,2
BRDA:846,115,1,1
BRDA:850,116,0,38
BRDA:850,116,1,39
BRDA:876,117,0,38
BRDA:876,117,1,20
BRDA:876,118,0,38
BRDA:876,118,1,20
BRDA:893,119,0,1
BRDA:893,119,1,1
BRDA:931,120,0,12
BRDA:931,120,1,14
BRDA:931,120,2,30
BRDA:931,120,3,12
BRDA:931,120,4,38
BRDA:972,121,0,10
BRDA:972,121,1,98
BRDA:992,122,0,61
BRDA:992,122,1,61
BRDA:994,123,0,122
BRDA:994,123,1,90
BRDA:1012,124,0,6
BRDA:1012,124,1,44
BRDA:1019,125,0,50
BRDA:1019,125,1,24
BRDA:1021,126,0,6
BRDA:1021,126,1,44
BRDA:1030,127,0,37
BRDA:1030,127,1,37
BRDA:1031,128,0,50
BRDA:1031,128,1,24
BRDA:1046,129,0,12
BRDA:1046,129,1,20
BRDA:1048,130,0,12
BRDA:1048,130,1,12
BRDA:1050,131,0,16
BRDA:1050,131,1,16
BRDA:1054,132,0,32
BRDA:1054,132,1,18
BRF:281
BRH:281
end_of_record
