TN:
SF:/home/webreflection/code/hyperHTML/hyperhtml.js
FN:1,(anonymous_1)
FN:16,hyper
FN:38,bind
FN:41,define
FN:46,escape
FN:53,wire
FN:67,Component
FN:68,addRender
FN:75,(anonymous_9)
FN:77,(anonymous_10)
FN:81,(anonymous_11)
FN:85,(anonymous_12)
FN:89,(anonymous_13)
FN:132,indexOfDifferences
FN:148,populateNode
FN:170,removeNodeList
FN:179,resetAndPopulate
FN:185,updateViaArray
FN:202,render
FN:219,setAttribute
FN:233,eventAttr
FN:241,specialAttr
FN:261,normalAttr
FN:288,setVirtualContent
FN:291,anyVirtual
FN:406,attributesSeeker
FN:432,hyperSeeker
FN:486,(anonymous_28)
FN:511,fnEscape
FN:516,asHTML
FN:521,createContent
FN:542,createDocumentFragment
FN:548,createFragment
FN:557,createHTMLFragment
FN:593,createSVGFragment
FN:609,createText
FN:616,getCEClass
FN:624,isSpecialAttribute
FN:634,emptyFragment
FN:639,invokeAtDistance
FN:653,invokeTransformer
FN:662,isNode_ish
FN:667,isPromise_ish
FN:673,noContent
FN:683,removeAttributeList
FN:690,setContent
FN:708,updateVirtualNodes
FN:722,Path
FN:732,(anonymous_49)
FN:734,(anonymous_50)
FN:735,(anonymous_51)
FN:747,(anonymous_52)
FN:750,(anonymous_53)
FN:756,(anonymous_54)
FN:767,(anonymous_55)
FN:772,(anonymous_56)
FN:779,(anonymous_57)
FN:795,(anonymous_58)
FN:804,(anonymous_59)
FN:807,appendNodes
FN:819,(anonymous_61)
FN:833,(anonymous_62)
FN:838,(anonymous_63)
FN:852,(anonymous_64)
FN:862,(anonymous_65)
FN:866,(anonymous_66)
FN:881,(anonymous_67)
FN:885,(anonymous_68)
FN:896,(anonymous_69)
FN:907,createTemplate
FN:919,createPath
FN:953,createUpdates
FN:974,update
FN:982,upgrade
FN:998,wireContent
FN:1001,before
FN:1009,after
FN:1020,update
FN:1033,wireWeakly
FNF:79
FNH:79
FNDA:2,(anonymous_1)
FNDA:20,hyper
FNDA:200,bind
FNDA:2,define
FNDA:2,escape
FNDA:48,wire
FNDA:6,Component
FNDA:6,addRender
FNDA:4,(anonymous_9)
FNDA:8,(anonymous_10)
FNDA:4,(anonymous_11)
FNDA:2,(anonymous_12)
FNDA:4,(anonymous_13)
FNDA:34,indexOfDifferences
FNDA:16,populateNode
FNDA:66,removeNodeList
FNDA:144,resetAndPopulate
FNDA:14,updateViaArray
FNDA:236,render
FNDA:38,setAttribute
FNDA:24,eventAttr
FNDA:20,specialAttr
FNDA:40,normalAttr
FNDA:70,setVirtualContent
FNDA:214,anyVirtual
FNDA:86,attributesSeeker
FNDA:176,hyperSeeker
FNDA:2,(anonymous_28)
FNDA:4,fnEscape
FNDA:2,asHTML
FNDA:50,createContent
FNDA:121,createDocumentFragment
FNDA:98,createFragment
FNDA:96,createHTMLFragment
FNDA:2,createSVGFragment
FNDA:38,createText
FNDA:4,getCEClass
FNDA:36,isSpecialAttribute
FNDA:22,emptyFragment
FNDA:10,invokeAtDistance
FNDA:10,invokeTransformer
FNDA:74,isNode_ish
FNDA:80,isPromise_ish
FNDA:34,noContent
FNDA:122,removeAttributeList
FNDA:108,setContent
FNDA:10,updateVirtualNodes
FNDA:82,Path
FNDA:2,(anonymous_49)
FNDA:134,(anonymous_50)
FNDA:69,(anonymous_51)
FNDA:1,(anonymous_52)
FNDA:61,(anonymous_53)
FNDA:45,(anonymous_54)
FNDA:1,(anonymous_55)
FNDA:74,(anonymous_56)
FNDA:27,(anonymous_57)
FNDA:170,(anonymous_58)
FNDA:60,(anonymous_59)
FNDA:15,appendNodes
FNDA:69,(anonymous_61)
FNDA:31,(anonymous_62)
FNDA:54,(anonymous_63)
FNDA:54,(anonymous_64)
FNDA:30,(anonymous_65)
FNDA:38,(anonymous_66)
FNDA:2,(anonymous_67)
FNDA:203,(anonymous_68)
FNDA:61,(anonymous_69)
FNDA:90,createTemplate
FNDA:82,createPath
FNDA:122,createUpdates
FNDA:236,update
FNDA:122,upgrade
FNDA:50,wireContent
FNDA:50,before
FNDA:74,after
FNDA:74,update
FNDA:32,wireWeakly
DA:1,2
DA:11,2
DA:14,2
DA:16,1
DA:17,20
DA:37,2
DA:38,200
DA:41,2
DA:42,2
DA:46,2
DA:47,2
DA:52,2
DA:53,1
DA:54,48
DA:66,2
DA:67,1
DA:68,1
DA:69,6
DA:71,2
DA:75,4
DA:78,8
DA:82,4
DA:86,2
DA:90,4
DA:91,4
DA:92,8
DA:93,4
DA:94,4
DA:111,2
DA:112,2
DA:113,2
DA:114,2
DA:115,2
DA:118,2
DA:119,2
DA:121,2
DA:122,2
DA:123,2
DA:124,2
DA:132,1
DA:133,34
DA:138,34
DA:139,26
DA:140,10
DA:142,24
DA:148,1
DA:149,16
DA:151,8
DA:152,8
DA:153,2
DA:154,2
DA:156,6
DA:157,6
DA:159,6
DA:160,4
DA:162,6
DA:164,2
DA:165,2
DA:170,1
DA:171,66
DA:172,66
DA:173,22
DA:174,22
DA:179,1
DA:180,144
DA:181,144
DA:185,1
DA:186,14
DA:187,14
DA:188,2
DA:189,2
DA:190,2
DA:192,12
DA:193,12
DA:202,1
DA:203,236
DA:204,236
DA:208,122
DA:209,122
DA:211,236
DA:212,236
DA:219,1
DA:220,38
DA:230,38
DA:231,38
DA:232,38
DA:234,24
DA:235,14
DA:236,14
DA:237,14
DA:242,20
DA:243,16
DA:246,16
DA:250,14
DA:253,4
DA:254,4
DA:256,10
DA:262,40
DA:263,30
DA:266,30
DA:267,28
DA:268,4
DA:270,2
DA:271,2
DA:274,24
DA:275,24
DA:276,2
DA:277,2
DA:288,1
DA:289,70
DA:290,70
DA:291,70
DA:292,214
DA:296,86
DA:297,32
DA:298,30
DA:299,30
DA:301,54
DA:305,20
DA:306,8
DA:307,8
DA:310,34
DA:311,34
DA:312,34
DA:313,34
DA:315,86
DA:318,128
DA:319,6
DA:320,6
DA:321,6
DA:322,122
DA:323,2
DA:326,122
DA:327,122
DA:328,48
DA:329,48
DA:330,2
DA:331,2
DA:333,46
DA:337,18
DA:338,18
DA:340,26
DA:341,8
DA:343,26
DA:344,4
DA:345,4
DA:347,22
DA:348,52
DA:349,4
DA:354,24
DA:355,18
DA:356,18
DA:358,6
DA:360,24
DA:363,74
DA:364,20
DA:365,4
DA:372,54
DA:373,4
DA:374,50
DA:375,10
DA:376,40
DA:377,4
DA:378,36
DA:379,4
DA:380,32
DA:381,22
DA:384,22
DA:386,8
DA:387,8
DA:388,8
DA:389,8
DA:391,10
DA:392,4
DA:394,6
DA:396,122
DA:406,1
DA:407,86
DA:415,44
DA:416,44
DA:417,38
DA:418,38
DA:432,1
DA:433,176
DA:439,218
DA:440,218
DA:442,86
DA:443,86
DA:444,86
DA:446,44
DA:447,42
DA:448,42
DA:452,12
DA:453,12
DA:455,30
DA:458,44
DA:460,88
DA:464,2
DA:465,2
DA:467,88
DA:475,2
DA:480,2
DA:486,2
DA:487,2
DA:488,2
DA:489,2
DA:494,2
DA:501,2
DA:504,2
DA:511,1
DA:512,4
DA:516,1
DA:517,2
DA:521,1
DA:522,50
DA:530,76
DA:531,76
DA:535,54
DA:538,50
DA:542,1
DA:543,121
DA:548,1
DA:549,98
DA:557,1
DA:558,96
DA:559,96
DA:560,96
DA:561,96
DA:562,96
DA:563,96
DA:565,45
DA:572,45
DA:574,96
DA:578,1
DA:579,1
DA:580,1
DA:582,95
DA:583,95
DA:584,51
DA:586,44
DA:589,96
DA:593,1
DA:594,2
DA:595,2
DA:596,2
DA:597,1
DA:598,1
DA:599,1
DA:601,1
DA:602,1
DA:603,1
DA:605,2
DA:609,1
DA:610,38
DA:616,1
DA:617,4
DA:618,4
DA:619,4
DA:624,1
DA:625,36
DA:626,36
DA:627,4
DA:628,4
DA:630,36
DA:634,1
DA:635,22
DA:639,1
DA:640,10
DA:641,10
DA:642,2
DA:643,8
DA:644,2
DA:645,6
DA:646,2
DA:648,4
DA:653,1
DA:654,10
DA:655,10
DA:656,8
DA:662,1
DA:663,74
DA:667,1
DA:668,80
DA:673,1
DA:674,34
DA:679,34
DA:683,1
DA:684,122
DA:685,20
DA:690,1
DA:691,108
DA:692,108
DA:694,30
DA:695,30
DA:697,38
DA:698,38
DA:700,40
DA:701,40
DA:703,108
DA:708,1
DA:709,10
DA:710,10
DA:711,8
DA:712,8
DA:713,8
DA:714,8
DA:715,8
DA:716,8
DA:717,8
DA:722,1
DA:723,82
DA:731,2
DA:733,2
DA:734,134
DA:736,69
DA:746,2
DA:748,1
DA:749,1
DA:751,61
DA:757,45
DA:766,2
DA:768,1
DA:771,1
DA:772,1
DA:773,74
DA:778,2
DA:779,27
DA:786,2
DA:789,2
DA:792,2
DA:793,2
DA:794,1
DA:795,1
DA:796,170
DA:797,170
DA:803,2
DA:805,60
DA:808,15
DA:813,24
DA:818,2
DA:820,69
DA:827,128
DA:828,128
DA:829,84
DA:831,69
DA:833,31
DA:837,2
DA:839,54
DA:840,77
DA:841,77
DA:843,38
DA:844,38
DA:846,39
DA:847,39
DA:850,54
DA:853,54
DA:854,77
DA:856,54
DA:860,2
DA:861,2
DA:862,2
DA:863,30
DA:866,2
DA:867,38
DA:871,2
DA:874,2
DA:877,2
DA:881,2
DA:882,2
DA:883,2
DA:884,2
DA:886,203
DA:892,142
DA:894,203
DA:897,61
DA:907,1
DA:908,90
DA:909,90
DA:910,90
DA:911,90
DA:912,90
DA:913,90
DA:919,1
DA:920,82
DA:921,82
DA:922,82
DA:925,14
DA:926,14
DA:928,30
DA:929,30
DA:933,30
DA:936,38
DA:937,38
DA:938,38
DA:940,82
DA:945,62
DA:947,82
DA:953,1
DA:954,122
DA:961,108
DA:962,108
DA:963,108
DA:964,10
DA:965,10
DA:967,108
DA:969,122
DA:970,122
DA:974,1
DA:975,236
DA:976,228
DA:982,1
DA:983,122
DA:984,122
DA:985,122
DA:987,122
DA:988,122
DA:989,122
DA:990,122
DA:998,1
DA:999,50
DA:1001,1
DA:1002,50
DA:1003,50
DA:1006,50
DA:1009,1
DA:1010,74
DA:1011,50
DA:1012,50
DA:1013,6
DA:1015,50
DA:1017,74
DA:1020,50
DA:1021,74
DA:1022,74
DA:1023,50
DA:1024,50
DA:1025,50
DA:1027,74
DA:1028,74
DA:1033,1
DA:1034,32
DA:1035,32
DA:1036,32
DA:1037,32
DA:1038,12
DA:1039,12
DA:1041,32
DA:1042,16
DA:1043,16
DA:1045,32
DA:1051,2
DA:1056,2
LF:452
LH:452
BRDA:17,1,0,14
BRDA:17,1,1,6
BRDA:18,2,0,2
BRDA:18,2,1,12
BRDA:20,3,0,2
BRDA:20,3,1,10
BRDA:22,4,0,2
BRDA:22,4,1,8
BRDA:24,5,0,4
BRDA:24,5,1,4
BRDA:30,6,0,2
BRDA:30,6,1,4
BRDA:54,7,0,14
BRDA:54,7,1,34
BRDA:56,8,0,6
BRDA:56,8,1,28
BRDA:57,9,0,6
BRDA:57,9,1,2
BRDA:58,10,0,28
BRDA:58,10,1,16
BRDA:78,11,0,8
BRDA:78,11,1,4
BRDA:82,12,0,4
BRDA:82,12,1,2
BRDA:86,13,0,2
BRDA:86,13,1,2
BRDA:86,14,0,2
BRDA:86,14,1,2
BRDA:90,15,0,4
BRDA:90,15,1,4
BRDA:91,16,0,2
BRDA:91,16,1,2
BRDA:139,17,0,16
BRDA:139,17,1,10
BRDA:139,18,0,26
BRDA:139,18,1,20
BRDA:142,19,0,8
BRDA:142,19,1,16
BRDA:149,20,0,8
BRDA:149,20,1,6
BRDA:149,20,2,2
BRDA:152,21,0,2
BRDA:152,21,1,6
BRDA:159,22,0,4
BRDA:159,22,1,2
BRDA:187,23,0,2
BRDA:187,23,1,12
BRDA:204,24,0,122
BRDA:204,24,1,114
BRDA:205,25,0,236
BRDA:205,25,1,144
BRDA:206,26,0,72
BRDA:206,26,1,72
BRDA:223,27,0,38
BRDA:223,27,1,36
BRDA:223,27,2,16
BRDA:226,28,0,10
BRDA:226,28,1,28
BRDA:227,29,0,38
BRDA:227,29,1,28
BRDA:230,30,0,8
BRDA:230,30,1,30
BRDA:230,31,0,38
BRDA:230,31,1,10
BRDA:231,32,0,20
BRDA:231,32,1,18
BRDA:232,33,0,10
BRDA:232,33,1,28
BRDA:234,34,0,14
BRDA:234,34,1,10
BRDA:235,35,0,4
BRDA:235,35,1,10
BRDA:237,36,0,12
BRDA:237,36,1,2
BRDA:240,37,0,10
BRDA:240,37,1,18
BRDA:242,38,0,16
BRDA:242,38,1,4
BRDA:246,39,0,14
BRDA:246,39,1,2
BRDA:250,40,0,4
BRDA:250,40,1,10
BRDA:262,41,0,30
BRDA:262,41,1,10
BRDA:266,42,0,28
BRDA:266,42,1,2
BRDA:267,43,0,4
BRDA:267,43,1,24
BRDA:268,44,0,2
BRDA:268,44,1,2
BRDA:275,45,0,2
BRDA:275,45,1,22
BRDA:292,46,0,76
BRDA:292,46,1,84
BRDA:292,46,2,86
BRDA:292,46,3,124
BRDA:292,46,4,128
BRDA:292,46,5,122
BRDA:296,47,0,32
BRDA:296,47,1,54
BRDA:297,48,0,30
BRDA:297,48,1,2
BRDA:301,49,0,20
BRDA:301,49,1,34
BRDA:302,50,0,54
BRDA:302,50,1,22
BRDA:305,51,0,8
BRDA:305,51,1,12
BRDA:318,52,0,6
BRDA:318,52,1,122
BRDA:322,53,0,2
BRDA:322,53,1,120
BRDA:327,54,0,48
BRDA:327,54,1,74
BRDA:329,55,0,2
BRDA:329,55,1,46
BRDA:329,56,0,48
BRDA:329,56,1,4
BRDA:333,57,0,10
BRDA:333,57,1,18
BRDA:333,57,2,18
BRDA:333,57,3,26
BRDA:333,57,4,24
BRDA:340,58,0,8
BRDA:340,58,1,18
BRDA:343,59,0,4
BRDA:343,59,1,22
BRDA:348,60,0,4
BRDA:348,60,1,48
BRDA:354,61,0,18
BRDA:354,61,1,6
BRDA:356,62,0,14
BRDA:356,62,1,4
BRDA:363,63,0,20
BRDA:363,63,1,54
BRDA:364,64,0,16
BRDA:364,64,1,4
BRDA:368,65,0,2
BRDA:368,65,1,2
BRDA:372,66,0,4
BRDA:372,66,1,50
BRDA:374,67,0,10
BRDA:374,67,1,40
BRDA:376,68,0,4
BRDA:376,68,1,36
BRDA:378,69,0,4
BRDA:378,69,1,32
BRDA:380,70,0,22
BRDA:380,70,1,10
BRDA:384,71,0,14
BRDA:384,71,1,8
BRDA:391,72,0,4
BRDA:391,72,1,6
BRDA:416,73,0,38
BRDA:416,73,1,6
BRDA:440,74,0,86
BRDA:440,74,1,44
BRDA:440,74,2,88
BRDA:446,75,0,42
BRDA:446,75,1,2
BRDA:448,76,0,12
BRDA:448,76,1,30
BRDA:448,77,0,42
BRDA:448,77,1,30
BRDA:448,77,2,4
BRDA:460,78,0,2
BRDA:460,78,1,86
BRDA:461,79,0,88
BRDA:461,79,1,2
BRDA:480,80,0,2
BRDA:480,80,1,1
BRDA:480,80,2,1
BRDA:531,81,0,54
BRDA:531,81,1,22
BRDA:532,82,0,76
BRDA:532,82,1,36
BRDA:538,83,0,42
BRDA:538,83,1,8
BRDA:550,84,0,2
BRDA:550,84,1,96
BRDA:563,85,0,45
BRDA:563,85,1,51
BRDA:574,86,0,1
BRDA:574,86,1,95
BRDA:583,87,0,51
BRDA:583,87,1,44
BRDA:596,88,0,1
BRDA:596,88,1,1
BRDA:596,89,0,2
BRDA:596,89,1,1
BRDA:618,90,0,4
BRDA:618,90,1,4
BRDA:619,91,0,4
BRDA:619,91,1,4
BRDA:626,92,0,4
BRDA:626,92,1,32
BRDA:626,93,0,36
BRDA:626,93,1,36
BRDA:628,94,0,2
BRDA:628,94,1,2
BRDA:630,95,0,36
BRDA:630,95,1,36
BRDA:641,96,0,2
BRDA:641,96,1,8
BRDA:643,97,0,2
BRDA:643,97,1,6
BRDA:645,98,0,2
BRDA:645,98,1,4
BRDA:655,99,0,8
BRDA:655,99,1,2
BRDA:668,100,0,80
BRDA:668,100,1,80
BRDA:675,101,0,34
BRDA:675,101,1,30
BRDA:675,101,2,16
BRDA:692,102,0,30
BRDA:692,102,1,38
BRDA:692,102,2,40
BRDA:710,103,0,8
BRDA:710,103,1,2
BRDA:731,104,0,1
BRDA:731,104,1,1
BRDA:746,105,0,1
BRDA:746,105,1,1
BRDA:766,106,0,2
BRDA:766,106,1,1
BRDA:778,107,0,2
BRDA:778,107,1,1
BRDA:793,108,0,1
BRDA:793,108,1,1
BRDA:797,109,0,170
BRDA:797,109,1,45
BRDA:803,110,0,1
BRDA:803,110,1,1
BRDA:818,111,0,1
BRDA:818,111,1,1
BRDA:818,112,0,2
BRDA:818,112,1,1
BRDA:828,113,0,84
BRDA:828,113,1,44
BRDA:837,114,0,1
BRDA:837,114,1,1
BRDA:837,115,0,2
BRDA:837,115,1,1
BRDA:841,116,0,38
BRDA:841,116,1,39
BRDA:867,117,0,38
BRDA:867,117,1,20
BRDA:867,118,0,38
BRDA:867,118,1,20
BRDA:884,119,0,1
BRDA:884,119,1,1
BRDA:922,120,0,12
BRDA:922,120,1,14
BRDA:922,120,2,30
BRDA:922,120,3,12
BRDA:922,120,4,38
BRDA:963,121,0,10
BRDA:963,121,1,98
BRDA:983,122,0,61
BRDA:983,122,1,61
BRDA:985,123,0,122
BRDA:985,123,1,90
BRDA:1003,124,0,6
BRDA:1003,124,1,44
BRDA:1010,125,0,50
BRDA:1010,125,1,24
BRDA:1012,126,0,6
BRDA:1012,126,1,44
BRDA:1021,127,0,37
BRDA:1021,127,1,37
BRDA:1022,128,0,50
BRDA:1022,128,1,24
BRDA:1037,129,0,12
BRDA:1037,129,1,20
BRDA:1039,130,0,12
BRDA:1039,130,1,12
BRDA:1041,131,0,16
BRDA:1041,131,1,16
BRDA:1045,132,0,32
BRDA:1045,132,1,18
BRF:281
BRH:281
end_of_record
